21:46:03.782 [JavaFX Application Thread] DEBUG GameApplication      - Logger initialized
21:46:04.114 [JavaFX Application Thread] DEBUG MainWindow           - Creating a JavaFX scene
21:46:04.695 [JavaFX Application Thread] DEBUG MainWindow           - Target settings size: 600.0 x 800.0
21:46:04.695 [JavaFX Application Thread] DEBUG MainWindow           - Scaled scene size:    600.0 x 800.0
21:46:04.695 [JavaFX Application Thread] DEBUG MainWindow           - Scaled ratio: (1.0, 1.0)
21:46:04.717 [JavaFX Application Thread] DEBUG GameApplication      - Starting FXGL
21:46:04.721 [JavaFX Application Thread] INFO  FXGL                 - FXGL-0.5.3-SNAPSHOT on DESKTOP
21:46:04.721 [JavaFX Application Thread] INFO  FXGL                 - Source code and latest versions at: https://github.com/AlmasB/FXGL
21:46:04.721 [JavaFX Application Thread] INFO  FXGL                 -              Join the FXGL chat at: https://gitter.im/AlmasB/FXGL
21:46:04.746 [JavaFX Application Thread] DEBUG FS                   - Loaded DesktopFSService
21:46:04.747 [JavaFX Application Thread] DEBUG FXGL                 - Loading FXGL system data
21:46:04.858 [JavaFX Application Thread] DEBUG DesktopFSService     - Reading from: system\fxgl.bundle
21:46:04.900 [JavaFX Application Thread] DEBUG Bundle               - Logging bundle: FXGL
21:46:04.901 [JavaFX Application Thread] DEBUG Bundle               - FXGL.offline.timer.version.check=2018-12-14T12:33:18.600
21:46:04.947 [JavaFX Application Thread] DEBUG GameApplication      - FXGL started
21:46:04.947 [JavaFX Application Thread] DEBUG GameApplication      - Logging game settings
Title: Breakout
Version: Pre-Alpha
Width: 600
Height: 800
Fullscreen: false
Intro: false
Menus: false
Profiling: false
Single step:false
App Mode: DEVELOPER
Menu Key: ESCAPE
Stage Style: DECORATED
Scene Factory: class com.almasb.fxgl.scene.SceneFactory
Dialog Factory: class com.almasb.fxgl.ui.FXGLDialogFactory
UI Factory: class com.almasb.fxgl.ui.FXGLUIFactory
Notification Service: class com.almasb.fxgl.gameplay.notification.XboxNotificationView
Exception Handler: class com.almasb.fxgl.app.FXGLExceptionHandler
21:46:04.948 [JavaFX Application Thread] DEBUG GameApplication      - Configuring GameApplication
21:46:04.948 [JavaFX Application Thread] DEBUG GameApplication      - Initializing state machine and application states
21:46:04.961 [JavaFX Application Thread] DEBUG AssetLoader          - Loading from disk: /assets/ui/cursors/fxgl_default.png
21:46:05.125 [JavaFX Application Thread] DEBUG AssetLoader          - Loading from disk: /assets/ui/cursors/fxgl_default.png
21:46:05.150 [JavaFX Application Thread] DEBUG FXGLAssets           - Loading FXGLAssets
21:46:05.363 [JavaFX Application Thread] DEBUG AssetLoader          - Loading from disk: /assets/ui/fonts/pixelmix.ttf
21:46:05.618 [JavaFX Application Thread] DEBUG AssetLoader          - Loading from disk: /assets/ui/fonts/lucida_console.ttf
21:46:05.624 [JavaFX Application Thread] DEBUG AssetLoader          - Loading from disk: /assets/ui/fonts/Courier-Prime.ttf
21:46:05.626 [JavaFX Application Thread] DEBUG AssetLoader          - Loading from disk: /assets/ui/fonts/Abel-Regular.ttf
21:46:05.628 [JavaFX Application Thread] DEBUG AssetLoader          - Loading from disk: /assets/ui/css/fxgl_dark.css
21:46:06.027 [JavaFX Application Thread] DEBUG AssetLoader          - Loading from disk: /assets/ui/cursors/fxgl_default.png
21:46:06.183 [JavaFX Application Thread] DEBUG AssetLoader          - Loading from disk: /assets/ui/cursors/fxgl_default.png
21:46:06.243 [JavaFX Application Thread] DEBUG GameScene            - Game scene initialized: 600x800
21:46:06.248 [JavaFX Application Thread] DEBUG GameWorld            - Game world initialized
21:46:06.385 [JavaFX Application Thread] DEBUG PhysicsWorld         - Physics world initialized: appHeight=800, physics.ppm=50.0
21:46:06.401 [JavaFX Application Thread] DEBUG Input                - Registered new binding: Pause - Esc
21:46:06.473 [JavaFX Application Thread] DEBUG Input                - Clearing active input actions
21:46:06.572 [JavaFX Application Thread] DEBUG AppStateMachine      - StartupState -> StartupState
21:46:06.649 [JavaFX Application Thread] INFO  GameApplication      - Game configuration took:  1.701 sec
21:46:06.650 [JavaFX Application Thread] DEBUG AssetLoader          - Loading from disk: /assets/textures/fxgl_icon.png
21:46:06.659 [JavaFX Application Thread] DEBUG MainWindow           - Opening main window
21:46:07.464 [JavaFX Application Thread] DEBUG MainWindow           - Window border size: (6.0, 29.0)
21:46:07.464 [JavaFX Application Thread] DEBUG MainWindow           - Scaled size: 600.0 x 800.0
21:46:07.464 [JavaFX Application Thread] DEBUG MainWindow           - Scaled ratio: (1.0, 1.0)
21:46:07.464 [JavaFX Application Thread] DEBUG MainWindow           - Scene size: 600.0 x 800.0
21:46:07.464 [JavaFX Application Thread] DEBUG MainWindow           - Stage size: 606.0 x 829.0
21:46:07.464 [JavaFX Application Thread] DEBUG GameApplication      - Running preInit()
21:46:07.466 [JavaFX Application Thread] DEBUG Input                - Registered new binding: Screenshot - P
21:46:07.466 [JavaFX Application Thread] DEBUG Input                - Registered new binding: Dev Options - CTRL+0
21:46:07.467 [JavaFX Application Thread] DEBUG Input                - Registered new binding: System info dump - CTRL+9
21:46:07.467 [JavaFX Application Thread] DEBUG Input                - Registered new binding: Restart - CTRL+R
21:46:07.467 [JavaFX Application Thread] DEBUG Input                - Registered new binding: Move Left - A
21:46:07.467 [JavaFX Application Thread] DEBUG Input                - Registered new binding: Move Right - D
21:46:07.467 [JavaFX Application Thread] DEBUG Input                - Registered new binding: Release Ball - Space
21:46:07.467 [JavaFX Application Thread] DEBUG Input                - Registered new binding: New Level - N
21:46:07.488 [JavaFX Application Thread] DEBUG GameApplication      - Starting main loop
21:46:07.491 [JavaFX Application Thread] DEBUG StartupState         - STARTUP
21:46:07.491 [JavaFX Application Thread] DEBUG GameApplication      - Starting new game
21:46:07.491 [JavaFX Application Thread] DEBUG Input                - Clearing active input actions
21:46:07.496 [JavaFX Application Thread] DEBUG AppStateMachine      - StartupState -> LoadingState
21:46:07.500 [FXGL Background Thread 1 ] DEBUG InitAppTask          - Clearing previous game
21:46:07.500 [FXGL Background Thread 1 ] DEBUG GameWorld            - Clearing game world
21:46:07.501 [FXGL Background Thread 1 ] DEBUG PhysicsWorld         - Clearing physics world
21:46:07.501 [FXGL Background Thread 1 ] DEBUG GameScene            - Clearing game scene
21:46:07.502 [FXGL Background Thread 1 ] DEBUG InitAppTask          - Initializing Game
21:46:07.732 [FXGL Background Thread 1 ] DEBUG AudioPlayer          - Playing music com.almasb.fxgl.audio.Music@65c10134
21:46:07.769 [FXGL Background Thread 1 ] DEBUG AssetLoader          - Loading from disk: /assets/textures/back.png
21:46:07.867 [FXGL Background Thread 1 ] DEBUG GameScene            - Creating render group for layer: BACKGROUND(1000)
21:46:07.901 [FXGL Background Thread 1 ] DEBUG GameScene            - Creating render group for layer: DEFAULT(100000)
21:46:07.968 [FXGL Background Thread 1 ] DEBUG AssetLoader          - Loading from disk: /assets/textures/bat.gif
21:46:08.009 [FXGL Background Thread 1 ] DEBUG AssetLoader          - Loading from disk: /assets/textures/ball.gif
21:46:08.050 [FXGL Background Thread 1 ] DEBUG AssetLoader          - Loading from disk: /assets/textures/wall.png
21:46:08.052 [FXGL Background Thread 1 ] DEBUG AssetLoader          - Loading from cache: /assets/textures/wall.png@20.0x20.0
21:46:08.052 [FXGL Background Thread 1 ] DEBUG AssetLoader          - Loading from cache: /assets/textures/wall.png@20.0x20.0
21:46:08.053 [FXGL Background Thread 1 ] DEBUG AssetLoader          - Loading from cache: /assets/textures/wall.png@20.0x20.0
21:46:08.053 [FXGL Background Thread 1 ] DEBUG AssetLoader          - Loading from cache: /assets/textures/wall.png@20.0x20.0
21:46:08.054 [FXGL Background Thread 1 ] DEBUG AssetLoader          - Loading from cache: /assets/textures/wall.png@20.0x20.0
21:46:08.055 [FXGL Background Thread 1 ] DEBUG AssetLoader          - Loading from cache: /assets/textures/wall.png@20.0x20.0
21:46:08.055 [FXGL Background Thread 1 ] DEBUG AssetLoader          - Loading from cache: /assets/textures/wall.png@20.0x20.0
21:46:08.059 [FXGL Background Thread 1 ] DEBUG AssetLoader          - Loading from cache: /assets/textures/wall.png@20.0x20.0
21:46:08.059 [FXGL Background Thread 1 ] DEBUG AssetLoader          - Loading from cache: /assets/textures/wall.png@20.0x20.0
21:46:08.060 [FXGL Background Thread 1 ] DEBUG AssetLoader          - Loading from cache: /assets/textures/wall.png@20.0x20.0
21:46:08.060 [FXGL Background Thread 1 ] DEBUG AssetLoader          - Loading from cache: /assets/textures/wall.png@20.0x20.0
21:46:08.061 [FXGL Background Thread 1 ] DEBUG AssetLoader          - Loading from cache: /assets/textures/wall.png@20.0x20.0
21:46:08.061 [FXGL Background Thread 1 ] DEBUG AssetLoader          - Loading from cache: /assets/textures/wall.png@20.0x20.0
21:46:08.062 [FXGL Background Thread 1 ] DEBUG AssetLoader          - Loading from cache: /assets/textures/wall.png@20.0x20.0
21:46:08.062 [FXGL Background Thread 1 ] DEBUG AssetLoader          - Loading from cache: /assets/textures/wall.png@20.0x20.0
21:46:08.063 [FXGL Background Thread 1 ] DEBUG AssetLoader          - Loading from cache: /assets/textures/wall.png@20.0x20.0
21:46:08.064 [FXGL Background Thread 1 ] DEBUG AssetLoader          - Loading from cache: /assets/textures/wall.png@20.0x20.0
21:46:08.064 [FXGL Background Thread 1 ] DEBUG AssetLoader          - Loading from cache: /assets/textures/wall.png@20.0x20.0
21:46:08.065 [FXGL Background Thread 1 ] DEBUG AssetLoader          - Loading from cache: /assets/textures/wall.png@20.0x20.0
21:46:08.065 [FXGL Background Thread 1 ] DEBUG AssetLoader          - Loading from cache: /assets/textures/wall.png@20.0x20.0
21:46:08.066 [FXGL Background Thread 1 ] DEBUG AssetLoader          - Loading from cache: /assets/textures/wall.png@20.0x20.0
21:46:08.066 [FXGL Background Thread 1 ] DEBUG AssetLoader          - Loading from cache: /assets/textures/wall.png@20.0x20.0
21:46:08.067 [FXGL Background Thread 1 ] DEBUG AssetLoader          - Loading from cache: /assets/textures/wall.png@20.0x20.0
21:46:08.067 [FXGL Background Thread 1 ] DEBUG AssetLoader          - Loading from cache: /assets/textures/wall.png@20.0x20.0
21:46:08.068 [FXGL Background Thread 1 ] DEBUG AssetLoader          - Loading from cache: /assets/textures/wall.png@20.0x20.0
21:46:08.068 [FXGL Background Thread 1 ] DEBUG AssetLoader          - Loading from cache: /assets/textures/wall.png@20.0x20.0
21:46:08.069 [FXGL Background Thread 1 ] DEBUG AssetLoader          - Loading from cache: /assets/textures/wall.png@20.0x20.0
21:46:08.069 [FXGL Background Thread 1 ] DEBUG AssetLoader          - Loading from cache: /assets/textures/wall.png@20.0x20.0
21:46:08.069 [FXGL Background Thread 1 ] DEBUG AssetLoader          - Loading from cache: /assets/textures/wall.png@20.0x20.0
21:46:08.070 [FXGL Background Thread 1 ] DEBUG AssetLoader          - Loading from cache: /assets/textures/wall.png@20.0x20.0
21:46:08.070 [FXGL Background Thread 1 ] DEBUG AssetLoader          - Loading from cache: /assets/textures/wall.png@20.0x20.0
21:46:08.071 [FXGL Background Thread 1 ] DEBUG AssetLoader          - Loading from cache: /assets/textures/wall.png@20.0x20.0
21:46:08.071 [FXGL Background Thread 1 ] DEBUG AssetLoader          - Loading from cache: /assets/textures/wall.png@20.0x20.0
21:46:08.072 [FXGL Background Thread 1 ] DEBUG AssetLoader          - Loading from cache: /assets/textures/wall.png@20.0x20.0
21:46:08.072 [FXGL Background Thread 1 ] DEBUG AssetLoader          - Loading from cache: /assets/textures/wall.png@20.0x20.0
21:46:08.073 [FXGL Background Thread 1 ] DEBUG AssetLoader          - Loading from cache: /assets/textures/wall.png@20.0x20.0
21:46:08.073 [FXGL Background Thread 1 ] DEBUG AssetLoader          - Loading from cache: /assets/textures/wall.png@20.0x20.0
21:46:08.074 [FXGL Background Thread 1 ] DEBUG AssetLoader          - Loading from cache: /assets/textures/wall.png@20.0x20.0
21:46:08.074 [FXGL Background Thread 1 ] DEBUG AssetLoader          - Loading from cache: /assets/textures/wall.png@20.0x20.0
21:46:08.075 [FXGL Background Thread 1 ] DEBUG AssetLoader          - Loading from cache: /assets/textures/wall.png@20.0x20.0
21:46:08.075 [FXGL Background Thread 1 ] DEBUG AssetLoader          - Loading from cache: /assets/textures/wall.png@20.0x20.0
21:46:08.075 [FXGL Background Thread 1 ] DEBUG AssetLoader          - Loading from cache: /assets/textures/wall.png@20.0x20.0
21:46:08.076 [FXGL Background Thread 1 ] DEBUG AssetLoader          - Loading from cache: /assets/textures/wall.png@20.0x20.0
21:46:08.076 [FXGL Background Thread 1 ] DEBUG AssetLoader          - Loading from cache: /assets/textures/wall.png@20.0x20.0
21:46:08.077 [FXGL Background Thread 1 ] DEBUG AssetLoader          - Loading from cache: /assets/textures/wall.png@20.0x20.0
21:46:08.077 [FXGL Background Thread 1 ] DEBUG AssetLoader          - Loading from cache: /assets/textures/wall.png@20.0x20.0
21:46:08.078 [FXGL Background Thread 1 ] DEBUG AssetLoader          - Loading from cache: /assets/textures/wall.png@20.0x20.0
21:46:08.078 [FXGL Background Thread 1 ] DEBUG AssetLoader          - Loading from cache: /assets/textures/wall.png@20.0x20.0
21:46:08.079 [FXGL Background Thread 1 ] DEBUG AssetLoader          - Loading from cache: /assets/textures/wall.png@20.0x20.0
21:46:08.079 [FXGL Background Thread 1 ] DEBUG AssetLoader          - Loading from cache: /assets/textures/wall.png@20.0x20.0
21:46:08.080 [FXGL Background Thread 1 ] DEBUG AssetLoader          - Loading from cache: /assets/textures/wall.png@20.0x20.0
21:46:08.080 [FXGL Background Thread 1 ] DEBUG AssetLoader          - Loading from cache: /assets/textures/wall.png@20.0x20.0
21:46:08.081 [FXGL Background Thread 1 ] DEBUG AssetLoader          - Loading from cache: /assets/textures/wall.png@20.0x20.0
21:46:08.081 [FXGL Background Thread 1 ] DEBUG AssetLoader          - Loading from cache: /assets/textures/wall.png@20.0x20.0
21:46:08.082 [FXGL Background Thread 1 ] DEBUG AssetLoader          - Loading from cache: /assets/textures/wall.png@20.0x20.0
21:46:08.082 [FXGL Background Thread 1 ] DEBUG AssetLoader          - Loading from cache: /assets/textures/wall.png@20.0x20.0
21:46:08.083 [FXGL Background Thread 1 ] DEBUG AssetLoader          - Loading from cache: /assets/textures/wall.png@20.0x20.0
21:46:08.083 [FXGL Background Thread 1 ] DEBUG AssetLoader          - Loading from cache: /assets/textures/wall.png@20.0x20.0
21:46:08.083 [FXGL Background Thread 1 ] DEBUG AssetLoader          - Loading from cache: /assets/textures/wall.png@20.0x20.0
21:46:08.084 [FXGL Background Thread 1 ] DEBUG AssetLoader          - Loading from cache: /assets/textures/wall.png@20.0x20.0
21:46:08.084 [FXGL Background Thread 1 ] DEBUG AssetLoader          - Loading from cache: /assets/textures/wall.png@20.0x20.0
21:46:08.085 [FXGL Background Thread 1 ] DEBUG AssetLoader          - Loading from cache: /assets/textures/wall.png@20.0x20.0
21:46:08.085 [FXGL Background Thread 1 ] DEBUG AssetLoader          - Loading from cache: /assets/textures/wall.png@20.0x20.0
21:46:08.086 [FXGL Background Thread 1 ] DEBUG AssetLoader          - Loading from cache: /assets/textures/wall.png@20.0x20.0
21:46:08.086 [FXGL Background Thread 1 ] DEBUG AssetLoader          - Loading from cache: /assets/textures/wall.png@20.0x20.0
21:46:08.086 [FXGL Background Thread 1 ] DEBUG AssetLoader          - Loading from cache: /assets/textures/wall.png@20.0x20.0
21:46:08.087 [FXGL Background Thread 1 ] DEBUG AssetLoader          - Loading from cache: /assets/textures/wall.png@20.0x20.0
21:46:08.087 [FXGL Background Thread 1 ] DEBUG AssetLoader          - Loading from cache: /assets/textures/wall.png@20.0x20.0
21:46:08.088 [FXGL Background Thread 1 ] DEBUG AssetLoader          - Loading from cache: /assets/textures/wall.png@20.0x20.0
21:46:08.088 [FXGL Background Thread 1 ] DEBUG AssetLoader          - Loading from cache: /assets/textures/wall.png@20.0x20.0
21:46:08.089 [FXGL Background Thread 1 ] DEBUG AssetLoader          - Loading from cache: /assets/textures/wall.png@20.0x20.0
21:46:08.089 [FXGL Background Thread 1 ] DEBUG AssetLoader          - Loading from cache: /assets/textures/wall.png@20.0x20.0
21:46:08.089 [FXGL Background Thread 1 ] DEBUG AssetLoader          - Loading from cache: /assets/textures/wall.png@20.0x20.0
21:46:08.090 [FXGL Background Thread 1 ] DEBUG AssetLoader          - Loading from cache: /assets/textures/wall.png@20.0x20.0
21:46:08.090 [FXGL Background Thread 1 ] DEBUG AssetLoader          - Loading from cache: /assets/textures/wall.png@20.0x20.0
21:46:08.091 [FXGL Background Thread 1 ] DEBUG AssetLoader          - Loading from cache: /assets/textures/wall.png@20.0x20.0
21:46:08.091 [FXGL Background Thread 1 ] DEBUG AssetLoader          - Loading from cache: /assets/textures/wall.png@20.0x20.0
21:46:08.092 [FXGL Background Thread 1 ] DEBUG AssetLoader          - Loading from cache: /assets/textures/wall.png@20.0x20.0
21:46:08.092 [FXGL Background Thread 1 ] DEBUG AssetLoader          - Loading from cache: /assets/textures/wall.png@20.0x20.0
21:46:08.093 [FXGL Background Thread 1 ] DEBUG AssetLoader          - Loading from cache: /assets/textures/wall.png@20.0x20.0
21:46:08.093 [FXGL Background Thread 1 ] DEBUG AssetLoader          - Loading from cache: /assets/textures/wall.png@20.0x20.0
21:46:08.093 [FXGL Background Thread 1 ] DEBUG AssetLoader          - Loading from cache: /assets/textures/wall.png@20.0x20.0
21:46:08.094 [FXGL Background Thread 1 ] DEBUG AssetLoader          - Loading from cache: /assets/textures/wall.png@20.0x20.0
21:46:08.094 [FXGL Background Thread 1 ] DEBUG AssetLoader          - Loading from cache: /assets/textures/wall.png@20.0x20.0
21:46:08.095 [FXGL Background Thread 1 ] DEBUG AssetLoader          - Loading from cache: /assets/textures/wall.png@20.0x20.0
21:46:08.095 [FXGL Background Thread 1 ] DEBUG AssetLoader          - Loading from cache: /assets/textures/wall.png@20.0x20.0
21:46:08.095 [FXGL Background Thread 1 ] DEBUG AssetLoader          - Loading from cache: /assets/textures/wall.png@20.0x20.0
21:46:08.096 [FXGL Background Thread 1 ] DEBUG AssetLoader          - Loading from cache: /assets/textures/wall.png@20.0x20.0
21:46:08.096 [FXGL Background Thread 1 ] DEBUG AssetLoader          - Loading from cache: /assets/textures/wall.png@20.0x20.0
21:46:08.096 [FXGL Background Thread 1 ] DEBUG AssetLoader          - Loading from cache: /assets/textures/wall.png@20.0x20.0
21:46:08.097 [FXGL Background Thread 1 ] DEBUG AssetLoader          - Loading from cache: /assets/textures/wall.png@20.0x20.0
21:46:08.097 [FXGL Background Thread 1 ] DEBUG AssetLoader          - Loading from cache: /assets/textures/wall.png@20.0x20.0
21:46:08.098 [FXGL Background Thread 1 ] DEBUG AssetLoader          - Loading from cache: /assets/textures/wall.png@20.0x20.0
21:46:08.098 [FXGL Background Thread 1 ] DEBUG AssetLoader          - Loading from cache: /assets/textures/wall.png@20.0x20.0
21:46:08.099 [FXGL Background Thread 1 ] DEBUG AssetLoader          - Loading from cache: /assets/textures/wall.png@20.0x20.0
21:46:08.099 [FXGL Background Thread 1 ] DEBUG AssetLoader          - Loading from cache: /assets/textures/wall.png@20.0x20.0
21:46:08.099 [FXGL Background Thread 1 ] DEBUG AssetLoader          - Loading from cache: /assets/textures/wall.png@20.0x20.0
21:46:08.100 [FXGL Background Thread 1 ] DEBUG AssetLoader          - Loading from cache: /assets/textures/wall.png@20.0x20.0
21:46:08.100 [FXGL Background Thread 1 ] DEBUG AssetLoader          - Loading from cache: /assets/textures/wall.png@20.0x20.0
21:46:08.101 [FXGL Background Thread 1 ] DEBUG AssetLoader          - Loading from cache: /assets/textures/wall.png@20.0x20.0
21:46:08.101 [FXGL Background Thread 1 ] DEBUG AssetLoader          - Loading from cache: /assets/textures/wall.png@20.0x20.0
21:46:08.101 [FXGL Background Thread 1 ] DEBUG AssetLoader          - Loading from cache: /assets/textures/wall.png@20.0x20.0
21:46:08.102 [FXGL Background Thread 1 ] DEBUG AssetLoader          - Loading from cache: /assets/textures/wall.png@20.0x20.0
21:46:08.102 [FXGL Background Thread 1 ] DEBUG AssetLoader          - Loading from cache: /assets/textures/wall.png@20.0x20.0
21:46:08.103 [FXGL Background Thread 1 ] DEBUG AssetLoader          - Loading from cache: /assets/textures/wall.png@20.0x20.0
21:46:08.103 [FXGL Background Thread 1 ] DEBUG AssetLoader          - Loading from cache: /assets/textures/wall.png@20.0x20.0
21:46:08.103 [FXGL Background Thread 1 ] DEBUG AssetLoader          - Loading from cache: /assets/textures/wall.png@20.0x20.0
21:46:08.104 [FXGL Background Thread 1 ] DEBUG AssetLoader          - Loading from cache: /assets/textures/wall.png@20.0x20.0
21:46:08.104 [FXGL Background Thread 1 ] DEBUG AssetLoader          - Loading from cache: /assets/textures/wall.png@20.0x20.0
21:46:08.104 [FXGL Background Thread 1 ] DEBUG AssetLoader          - Loading from cache: /assets/textures/wall.png@20.0x20.0
21:46:08.105 [FXGL Background Thread 1 ] DEBUG AssetLoader          - Loading from cache: /assets/textures/wall.png@20.0x20.0
21:46:08.105 [FXGL Background Thread 1 ] DEBUG AssetLoader          - Loading from cache: /assets/textures/wall.png@20.0x20.0
21:46:08.106 [FXGL Background Thread 1 ] DEBUG AssetLoader          - Loading from cache: /assets/textures/wall.png@20.0x20.0
21:46:08.106 [FXGL Background Thread 1 ] DEBUG AssetLoader          - Loading from cache: /assets/textures/wall.png@20.0x20.0
21:46:08.106 [FXGL Background Thread 1 ] DEBUG AssetLoader          - Loading from cache: /assets/textures/wall.png@20.0x20.0
21:46:08.107 [FXGL Background Thread 1 ] DEBUG AssetLoader          - Loading from cache: /assets/textures/wall.png@20.0x20.0
21:46:08.107 [FXGL Background Thread 1 ] DEBUG AssetLoader          - Loading from cache: /assets/textures/wall.png@20.0x20.0
21:46:08.107 [FXGL Background Thread 1 ] DEBUG AssetLoader          - Loading from cache: /assets/textures/wall.png@20.0x20.0
21:46:08.108 [FXGL Background Thread 1 ] DEBUG AssetLoader          - Loading from cache: /assets/textures/wall.png@20.0x20.0
21:46:08.108 [FXGL Background Thread 1 ] DEBUG AssetLoader          - Loading from cache: /assets/textures/wall.png@20.0x20.0
21:46:08.109 [FXGL Background Thread 1 ] DEBUG AssetLoader          - Loading from cache: /assets/textures/wall.png@20.0x20.0
21:46:08.109 [FXGL Background Thread 1 ] DEBUG AssetLoader          - Loading from cache: /assets/textures/wall.png@20.0x20.0
21:46:08.109 [FXGL Background Thread 1 ] DEBUG AssetLoader          - Loading from cache: /assets/textures/wall.png@20.0x20.0
21:46:08.110 [FXGL Background Thread 1 ] DEBUG AssetLoader          - Loading from cache: /assets/textures/wall.png@20.0x20.0
21:46:08.110 [FXGL Background Thread 1 ] DEBUG AssetLoader          - Loading from cache: /assets/textures/wall.png@20.0x20.0
21:46:08.111 [FXGL Background Thread 1 ] DEBUG AssetLoader          - Loading from cache: /assets/textures/wall.png@20.0x20.0
21:46:08.111 [FXGL Background Thread 1 ] DEBUG AssetLoader          - Loading from cache: /assets/textures/wall.png@20.0x20.0
21:46:08.111 [FXGL Background Thread 1 ] DEBUG AssetLoader          - Loading from cache: /assets/textures/wall.png@20.0x20.0
21:46:08.112 [FXGL Background Thread 1 ] DEBUG AssetLoader          - Loading from cache: /assets/textures/wall.png@20.0x20.0
21:46:08.112 [FXGL Background Thread 1 ] DEBUG AssetLoader          - Loading from cache: /assets/textures/wall.png@20.0x20.0
21:46:08.112 [FXGL Background Thread 1 ] DEBUG AssetLoader          - Loading from cache: /assets/textures/wall.png@20.0x20.0
21:46:08.113 [FXGL Background Thread 1 ] DEBUG AssetLoader          - Loading from cache: /assets/textures/wall.png@20.0x20.0
21:46:08.113 [FXGL Background Thread 1 ] DEBUG AssetLoader          - Loading from cache: /assets/textures/wall.png@20.0x20.0
21:46:08.113 [FXGL Background Thread 1 ] DEBUG AssetLoader          - Loading from cache: /assets/textures/wall.png@20.0x20.0
21:46:08.114 [FXGL Background Thread 1 ] DEBUG AssetLoader          - Loading from cache: /assets/textures/wall.png@20.0x20.0
21:46:08.114 [FXGL Background Thread 1 ] DEBUG AssetLoader          - Loading from cache: /assets/textures/wall.png@20.0x20.0
21:46:08.114 [FXGL Background Thread 1 ] DEBUG AssetLoader          - Loading from cache: /assets/textures/wall.png@20.0x20.0
21:46:08.115 [FXGL Background Thread 1 ] DEBUG AssetLoader          - Loading from cache: /assets/textures/wall.png@20.0x20.0
21:46:08.115 [FXGL Background Thread 1 ] DEBUG AssetLoader          - Loading from cache: /assets/textures/wall.png@20.0x20.0
21:46:08.115 [FXGL Background Thread 1 ] DEBUG AssetLoader          - Loading from cache: /assets/textures/wall.png@20.0x20.0
21:46:08.116 [FXGL Background Thread 1 ] DEBUG AssetLoader          - Loading from cache: /assets/textures/wall.png@20.0x20.0
21:46:08.116 [FXGL Background Thread 1 ] DEBUG AssetLoader          - Loading from cache: /assets/textures/wall.png@20.0x20.0
21:46:08.116 [FXGL Background Thread 1 ] DEBUG AssetLoader          - Loading from cache: /assets/textures/wall.png@20.0x20.0
21:46:08.117 [FXGL Background Thread 1 ] DEBUG AssetLoader          - Loading from cache: /assets/textures/wall.png@20.0x20.0
21:46:08.117 [FXGL Background Thread 1 ] DEBUG AssetLoader          - Loading from cache: /assets/textures/wall.png@20.0x20.0
21:46:08.117 [FXGL Background Thread 1 ] DEBUG AssetLoader          - Loading from cache: /assets/textures/wall.png@20.0x20.0
21:46:08.118 [FXGL Background Thread 1 ] DEBUG AssetLoader          - Loading from cache: /assets/textures/wall.png@20.0x20.0
21:46:08.118 [FXGL Background Thread 1 ] DEBUG AssetLoader          - Loading from cache: /assets/textures/wall.png@20.0x20.0
21:46:08.118 [FXGL Background Thread 1 ] DEBUG AssetLoader          - Loading from cache: /assets/textures/wall.png@20.0x20.0
21:46:08.118 [FXGL Background Thread 1 ] DEBUG AssetLoader          - Loading from cache: /assets/textures/wall.png@20.0x20.0
21:46:08.119 [FXGL Background Thread 1 ] DEBUG AssetLoader          - Loading from cache: /assets/textures/wall.png@20.0x20.0
21:46:08.119 [FXGL Background Thread 1 ] DEBUG AssetLoader          - Loading from cache: /assets/textures/wall.png@20.0x20.0
21:46:08.119 [FXGL Background Thread 1 ] DEBUG AssetLoader          - Loading from cache: /assets/textures/wall.png@20.0x20.0
21:46:08.120 [FXGL Background Thread 1 ] DEBUG AssetLoader          - Loading from cache: /assets/textures/wall.png@20.0x20.0
21:46:08.120 [FXGL Background Thread 1 ] DEBUG AssetLoader          - Loading from cache: /assets/textures/wall.png@20.0x20.0
21:46:08.120 [FXGL Background Thread 1 ] DEBUG AssetLoader          - Loading from cache: /assets/textures/wall.png@20.0x20.0
21:46:08.121 [FXGL Background Thread 1 ] DEBUG AssetLoader          - Loading from cache: /assets/textures/wall.png@20.0x20.0
21:46:08.121 [FXGL Background Thread 1 ] DEBUG AssetLoader          - Loading from cache: /assets/textures/wall.png@20.0x20.0
21:46:08.121 [FXGL Background Thread 1 ] DEBUG AssetLoader          - Loading from cache: /assets/textures/wall.png@20.0x20.0
21:46:08.122 [FXGL Background Thread 1 ] DEBUG AssetLoader          - Loading from cache: /assets/textures/wall.png@20.0x20.0
21:46:08.122 [FXGL Background Thread 1 ] DEBUG AssetLoader          - Loading from cache: /assets/textures/wall.png@20.0x20.0
21:46:08.122 [FXGL Background Thread 1 ] DEBUG AssetLoader          - Loading from cache: /assets/textures/wall.png@20.0x20.0
21:46:08.123 [FXGL Background Thread 1 ] DEBUG AssetLoader          - Loading from cache: /assets/textures/wall.png@20.0x20.0
21:46:08.123 [FXGL Background Thread 1 ] DEBUG AssetLoader          - Loading from cache: /assets/textures/wall.png@20.0x20.0
21:46:08.124 [FXGL Background Thread 1 ] DEBUG AssetLoader          - Loading from cache: /assets/textures/wall.png@20.0x20.0
21:46:08.124 [FXGL Background Thread 1 ] DEBUG AssetLoader          - Loading from cache: /assets/textures/wall.png@20.0x20.0
21:46:08.124 [FXGL Background Thread 1 ] DEBUG AssetLoader          - Loading from cache: /assets/textures/wall.png@20.0x20.0
21:46:08.125 [FXGL Background Thread 1 ] DEBUG AssetLoader          - Loading from cache: /assets/textures/wall.png@20.0x20.0
21:46:08.125 [FXGL Background Thread 1 ] DEBUG AssetLoader          - Loading from cache: /assets/textures/wall.png@20.0x20.0
21:46:08.125 [FXGL Background Thread 1 ] DEBUG AssetLoader          - Loading from cache: /assets/textures/wall.png@20.0x20.0
21:46:08.126 [FXGL Background Thread 1 ] DEBUG AssetLoader          - Loading from cache: /assets/textures/wall.png@20.0x20.0
21:46:08.126 [FXGL Background Thread 1 ] DEBUG AssetLoader          - Loading from cache: /assets/textures/wall.png@20.0x20.0
21:46:08.126 [FXGL Background Thread 1 ] DEBUG AssetLoader          - Loading from cache: /assets/textures/wall.png@20.0x20.0
21:46:08.126 [FXGL Background Thread 1 ] DEBUG AssetLoader          - Loading from cache: /assets/textures/wall.png@20.0x20.0
21:46:08.127 [FXGL Background Thread 1 ] DEBUG AssetLoader          - Loading from cache: /assets/textures/wall.png@20.0x20.0
21:46:08.127 [FXGL Background Thread 1 ] DEBUG AssetLoader          - Loading from cache: /assets/textures/wall.png@20.0x20.0
21:46:08.127 [FXGL Background Thread 1 ] DEBUG AssetLoader          - Loading from cache: /assets/textures/wall.png@20.0x20.0
21:46:08.128 [FXGL Background Thread 1 ] DEBUG AssetLoader          - Loading from cache: /assets/textures/wall.png@20.0x20.0
21:46:08.128 [FXGL Background Thread 1 ] DEBUG AssetLoader          - Loading from cache: /assets/textures/wall.png@20.0x20.0
21:46:08.128 [FXGL Background Thread 1 ] DEBUG AssetLoader          - Loading from cache: /assets/textures/wall.png@20.0x20.0
21:46:08.129 [FXGL Background Thread 1 ] DEBUG AssetLoader          - Loading from cache: /assets/textures/wall.png@20.0x20.0
21:46:08.129 [FXGL Background Thread 1 ] DEBUG AssetLoader          - Loading from cache: /assets/textures/wall.png@20.0x20.0
21:46:08.129 [FXGL Background Thread 1 ] DEBUG AssetLoader          - Loading from cache: /assets/textures/wall.png@20.0x20.0
21:46:08.130 [FXGL Background Thread 1 ] DEBUG AssetLoader          - Loading from cache: /assets/textures/wall.png@20.0x20.0
21:46:08.130 [FXGL Background Thread 1 ] DEBUG AssetLoader          - Loading from cache: /assets/textures/wall.png@20.0x20.0
21:46:08.130 [FXGL Background Thread 1 ] DEBUG AssetLoader          - Loading from cache: /assets/textures/wall.png@20.0x20.0
21:46:08.130 [FXGL Background Thread 1 ] DEBUG AssetLoader          - Loading from cache: /assets/textures/wall.png@20.0x20.0
21:46:08.131 [FXGL Background Thread 1 ] DEBUG AssetLoader          - Loading from cache: /assets/textures/wall.png@20.0x20.0
21:46:08.131 [FXGL Background Thread 1 ] DEBUG AssetLoader          - Loading from cache: /assets/textures/wall.png@20.0x20.0
21:46:08.131 [FXGL Background Thread 1 ] DEBUG AssetLoader          - Loading from cache: /assets/textures/wall.png@20.0x20.0
21:46:08.132 [FXGL Background Thread 1 ] DEBUG AssetLoader          - Loading from cache: /assets/textures/wall.png@20.0x20.0
21:46:08.132 [FXGL Background Thread 1 ] DEBUG AssetLoader          - Loading from cache: /assets/textures/wall.png@20.0x20.0
21:46:08.132 [FXGL Background Thread 1 ] DEBUG AssetLoader          - Loading from cache: /assets/textures/wall.png@20.0x20.0
21:46:08.133 [FXGL Background Thread 1 ] DEBUG AssetLoader          - Loading from cache: /assets/textures/wall.png@20.0x20.0
21:46:08.133 [FXGL Background Thread 1 ] DEBUG AssetLoader          - Loading from cache: /assets/textures/wall.png@20.0x20.0
21:46:08.133 [FXGL Background Thread 1 ] DEBUG AssetLoader          - Loading from cache: /assets/textures/wall.png@20.0x20.0
21:46:08.133 [FXGL Background Thread 1 ] DEBUG AssetLoader          - Loading from cache: /assets/textures/wall.png@20.0x20.0
21:46:08.134 [FXGL Background Thread 1 ] DEBUG AssetLoader          - Loading from cache: /assets/textures/wall.png@20.0x20.0
21:46:08.134 [FXGL Background Thread 1 ] DEBUG AssetLoader          - Loading from cache: /assets/textures/wall.png@20.0x20.0
21:46:08.134 [FXGL Background Thread 1 ] DEBUG AssetLoader          - Loading from cache: /assets/textures/wall.png@20.0x20.0
21:46:08.134 [FXGL Background Thread 1 ] DEBUG AssetLoader          - Loading from cache: /assets/textures/wall.png@20.0x20.0
21:46:08.135 [FXGL Background Thread 1 ] DEBUG AssetLoader          - Loading from cache: /assets/textures/wall.png@20.0x20.0
21:46:08.135 [FXGL Background Thread 1 ] DEBUG AssetLoader          - Loading from cache: /assets/textures/wall.png@20.0x20.0
21:46:08.135 [FXGL Background Thread 1 ] DEBUG AssetLoader          - Loading from cache: /assets/textures/wall.png@20.0x20.0
21:46:08.136 [FXGL Background Thread 1 ] DEBUG AssetLoader          - Loading from cache: /assets/textures/wall.png@20.0x20.0
21:46:08.136 [FXGL Background Thread 1 ] DEBUG AssetLoader          - Loading from cache: /assets/textures/wall.png@20.0x20.0
21:46:08.136 [FXGL Background Thread 1 ] DEBUG AssetLoader          - Loading from cache: /assets/textures/wall.png@20.0x20.0
21:46:08.137 [FXGL Background Thread 1 ] DEBUG AssetLoader          - Loading from cache: /assets/textures/wall.png@20.0x20.0
21:46:08.137 [FXGL Background Thread 1 ] DEBUG AssetLoader          - Loading from cache: /assets/textures/wall.png@20.0x20.0
21:46:08.137 [FXGL Background Thread 1 ] DEBUG AssetLoader          - Loading from cache: /assets/textures/wall.png@20.0x20.0
21:46:08.138 [FXGL Background Thread 1 ] DEBUG AssetLoader          - Loading from cache: /assets/textures/wall.png@20.0x20.0
21:46:08.138 [FXGL Background Thread 1 ] DEBUG AssetLoader          - Loading from cache: /assets/textures/wall.png@20.0x20.0
21:46:08.138 [FXGL Background Thread 1 ] DEBUG AssetLoader          - Loading from cache: /assets/textures/wall.png@20.0x20.0
21:46:08.139 [FXGL Background Thread 1 ] DEBUG AssetLoader          - Loading from cache: /assets/textures/wall.png@20.0x20.0
21:46:08.139 [FXGL Background Thread 1 ] DEBUG AssetLoader          - Loading from cache: /assets/textures/wall.png@20.0x20.0
21:46:08.139 [FXGL Background Thread 1 ] DEBUG AssetLoader          - Loading from cache: /assets/textures/wall.png@20.0x20.0
21:46:08.139 [FXGL Background Thread 1 ] DEBUG AssetLoader          - Loading from cache: /assets/textures/wall.png@20.0x20.0
21:46:08.140 [FXGL Background Thread 1 ] DEBUG AssetLoader          - Loading from cache: /assets/textures/wall.png@20.0x20.0
21:46:08.140 [FXGL Background Thread 1 ] DEBUG AssetLoader          - Loading from cache: /assets/textures/wall.png@20.0x20.0
21:46:08.140 [FXGL Background Thread 1 ] DEBUG AssetLoader          - Loading from cache: /assets/textures/wall.png@20.0x20.0
21:46:08.141 [FXGL Background Thread 1 ] DEBUG AssetLoader          - Loading from cache: /assets/textures/wall.png@20.0x20.0
21:46:08.141 [FXGL Background Thread 1 ] DEBUG AssetLoader          - Loading from cache: /assets/textures/wall.png@20.0x20.0
21:46:08.141 [FXGL Background Thread 1 ] DEBUG AssetLoader          - Loading from cache: /assets/textures/wall.png@20.0x20.0
21:46:08.142 [FXGL Background Thread 1 ] DEBUG AssetLoader          - Loading from cache: /assets/textures/wall.png@20.0x20.0
21:46:08.142 [FXGL Background Thread 1 ] DEBUG AssetLoader          - Loading from cache: /assets/textures/wall.png@20.0x20.0
21:46:08.142 [FXGL Background Thread 1 ] DEBUG AssetLoader          - Loading from cache: /assets/textures/wall.png@20.0x20.0
21:46:08.143 [FXGL Background Thread 1 ] DEBUG AssetLoader          - Loading from cache: /assets/textures/wall.png@20.0x20.0
21:46:08.143 [FXGL Background Thread 1 ] DEBUG AssetLoader          - Loading from cache: /assets/textures/wall.png@20.0x20.0
21:46:08.144 [FXGL Background Thread 1 ] DEBUG AssetLoader          - Loading from cache: /assets/textures/wall.png@20.0x20.0
21:46:08.144 [FXGL Background Thread 1 ] DEBUG AssetLoader          - Loading from cache: /assets/textures/wall.png@20.0x20.0
21:46:08.144 [FXGL Background Thread 1 ] DEBUG AssetLoader          - Loading from cache: /assets/textures/wall.png@20.0x20.0
21:46:08.145 [FXGL Background Thread 1 ] DEBUG AssetLoader          - Loading from cache: /assets/textures/wall.png@20.0x20.0
21:46:08.145 [FXGL Background Thread 1 ] DEBUG AssetLoader          - Loading from cache: /assets/textures/wall.png@20.0x20.0
21:46:08.145 [FXGL Background Thread 1 ] DEBUG AssetLoader          - Loading from cache: /assets/textures/wall.png@20.0x20.0
21:46:08.146 [FXGL Background Thread 1 ] DEBUG AssetLoader          - Loading from cache: /assets/textures/wall.png@20.0x20.0
21:46:08.146 [FXGL Background Thread 1 ] DEBUG AssetLoader          - Loading from cache: /assets/textures/wall.png@20.0x20.0
21:46:08.146 [FXGL Background Thread 1 ] DEBUG AssetLoader          - Loading from cache: /assets/textures/wall.png@20.0x20.0
21:46:08.146 [FXGL Background Thread 1 ] DEBUG AssetLoader          - Loading from cache: /assets/textures/wall.png@20.0x20.0
21:46:08.146 [FXGL Background Thread 1 ] DEBUG AssetLoader          - Loading from cache: /assets/textures/wall.png@20.0x20.0
21:46:08.147 [FXGL Background Thread 1 ] DEBUG AssetLoader          - Loading from cache: /assets/textures/wall.png@20.0x20.0
21:46:08.147 [FXGL Background Thread 1 ] DEBUG AssetLoader          - Loading from cache: /assets/textures/wall.png@20.0x20.0
21:46:08.147 [FXGL Background Thread 1 ] DEBUG AssetLoader          - Loading from cache: /assets/textures/wall.png@20.0x20.0
21:46:08.148 [FXGL Background Thread 1 ] DEBUG AssetLoader          - Loading from cache: /assets/textures/wall.png@20.0x20.0
21:46:08.148 [FXGL Background Thread 1 ] DEBUG AssetLoader          - Loading from cache: /assets/textures/wall.png@20.0x20.0
21:46:08.148 [FXGL Background Thread 1 ] DEBUG AssetLoader          - Loading from cache: /assets/textures/wall.png@20.0x20.0
21:46:08.148 [FXGL Background Thread 1 ] DEBUG AssetLoader          - Loading from cache: /assets/textures/wall.png@20.0x20.0
21:46:08.149 [FXGL Background Thread 1 ] DEBUG AssetLoader          - Loading from cache: /assets/textures/wall.png@20.0x20.0
21:46:08.149 [FXGL Background Thread 1 ] DEBUG AssetLoader          - Loading from cache: /assets/textures/wall.png@20.0x20.0
21:46:08.149 [FXGL Background Thread 1 ] DEBUG AssetLoader          - Loading from cache: /assets/textures/wall.png@20.0x20.0
21:46:08.150 [FXGL Background Thread 1 ] DEBUG AssetLoader          - Loading from cache: /assets/textures/wall.png@20.0x20.0
21:46:08.150 [FXGL Background Thread 1 ] DEBUG AssetLoader          - Loading from cache: /assets/textures/wall.png@20.0x20.0
21:46:08.150 [FXGL Background Thread 1 ] DEBUG AssetLoader          - Loading from cache: /assets/textures/wall.png@20.0x20.0
21:46:08.150 [FXGL Background Thread 1 ] DEBUG AssetLoader          - Loading from cache: /assets/textures/wall.png@20.0x20.0
21:46:08.151 [FXGL Background Thread 1 ] DEBUG AssetLoader          - Loading from cache: /assets/textures/wall.png@20.0x20.0
21:46:08.151 [FXGL Background Thread 1 ] DEBUG AssetLoader          - Loading from cache: /assets/textures/wall.png@20.0x20.0
21:46:08.151 [FXGL Background Thread 1 ] DEBUG AssetLoader          - Loading from cache: /assets/textures/wall.png@20.0x20.0
21:46:08.152 [FXGL Background Thread 1 ] DEBUG AssetLoader          - Loading from cache: /assets/textures/wall.png@20.0x20.0
21:46:08.152 [FXGL Background Thread 1 ] DEBUG AssetLoader          - Loading from cache: /assets/textures/wall.png@20.0x20.0
21:46:08.152 [FXGL Background Thread 1 ] DEBUG AssetLoader          - Loading from cache: /assets/textures/wall.png@20.0x20.0
21:46:08.152 [FXGL Background Thread 1 ] DEBUG AssetLoader          - Loading from cache: /assets/textures/wall.png@20.0x20.0
21:46:08.153 [FXGL Background Thread 1 ] DEBUG AssetLoader          - Loading from cache: /assets/textures/wall.png@20.0x20.0
21:46:08.153 [FXGL Background Thread 1 ] DEBUG AssetLoader          - Loading from cache: /assets/textures/wall.png@20.0x20.0
21:46:08.153 [FXGL Background Thread 1 ] DEBUG AssetLoader          - Loading from cache: /assets/textures/wall.png@20.0x20.0
21:46:08.153 [FXGL Background Thread 1 ] DEBUG AssetLoader          - Loading from cache: /assets/textures/wall.png@20.0x20.0
21:46:08.154 [FXGL Background Thread 1 ] DEBUG AssetLoader          - Loading from cache: /assets/textures/wall.png@20.0x20.0
21:46:08.154 [FXGL Background Thread 1 ] DEBUG AssetLoader          - Loading from cache: /assets/textures/wall.png@20.0x20.0
21:46:08.154 [FXGL Background Thread 1 ] DEBUG AssetLoader          - Loading from cache: /assets/textures/wall.png@20.0x20.0
21:46:08.154 [FXGL Background Thread 1 ] DEBUG AssetLoader          - Loading from cache: /assets/textures/wall.png@20.0x20.0
21:46:08.155 [FXGL Background Thread 1 ] DEBUG AssetLoader          - Loading from cache: /assets/textures/wall.png@20.0x20.0
21:46:08.155 [FXGL Background Thread 1 ] DEBUG AssetLoader          - Loading from cache: /assets/textures/wall.png@20.0x20.0
21:46:08.155 [FXGL Background Thread 1 ] DEBUG AssetLoader          - Loading from cache: /assets/textures/wall.png@20.0x20.0
21:46:08.155 [FXGL Background Thread 1 ] DEBUG AssetLoader          - Loading from cache: /assets/textures/wall.png@20.0x20.0
21:46:08.155 [FXGL Background Thread 1 ] DEBUG AssetLoader          - Loading from cache: /assets/textures/wall.png@20.0x20.0
21:46:08.156 [FXGL Background Thread 1 ] DEBUG AssetLoader          - Loading from cache: /assets/textures/wall.png@20.0x20.0
21:46:08.156 [FXGL Background Thread 1 ] DEBUG AssetLoader          - Loading from cache: /assets/textures/wall.png@20.0x20.0
21:46:08.156 [FXGL Background Thread 1 ] DEBUG AssetLoader          - Loading from cache: /assets/textures/wall.png@20.0x20.0
21:46:08.157 [FXGL Background Thread 1 ] DEBUG AssetLoader          - Loading from cache: /assets/textures/wall.png@20.0x20.0
21:46:08.157 [FXGL Background Thread 1 ] DEBUG AssetLoader          - Loading from cache: /assets/textures/wall.png@20.0x20.0
21:46:08.157 [FXGL Background Thread 1 ] DEBUG AssetLoader          - Loading from cache: /assets/textures/wall.png@20.0x20.0
21:46:08.157 [FXGL Background Thread 1 ] DEBUG AssetLoader          - Loading from cache: /assets/textures/wall.png@20.0x20.0
21:46:08.158 [FXGL Background Thread 1 ] DEBUG AssetLoader          - Loading from cache: /assets/textures/wall.png@20.0x20.0
21:46:08.158 [FXGL Background Thread 1 ] DEBUG AssetLoader          - Loading from cache: /assets/textures/wall.png@20.0x20.0
21:46:08.158 [FXGL Background Thread 1 ] DEBUG AssetLoader          - Loading from cache: /assets/textures/wall.png@20.0x20.0
21:46:08.158 [FXGL Background Thread 1 ] DEBUG AssetLoader          - Loading from cache: /assets/textures/wall.png@20.0x20.0
21:46:08.158 [FXGL Background Thread 1 ] DEBUG AssetLoader          - Loading from cache: /assets/textures/wall.png@20.0x20.0
21:46:08.159 [FXGL Background Thread 1 ] DEBUG AssetLoader          - Loading from cache: /assets/textures/wall.png@20.0x20.0
21:46:08.159 [FXGL Background Thread 1 ] DEBUG AssetLoader          - Loading from cache: /assets/textures/wall.png@20.0x20.0
21:46:08.159 [FXGL Background Thread 1 ] DEBUG AssetLoader          - Loading from cache: /assets/textures/wall.png@20.0x20.0
21:46:08.159 [FXGL Background Thread 1 ] DEBUG AssetLoader          - Loading from cache: /assets/textures/wall.png@20.0x20.0
21:46:08.160 [FXGL Background Thread 1 ] DEBUG AssetLoader          - Loading from cache: /assets/textures/wall.png@20.0x20.0
21:46:08.160 [FXGL Background Thread 1 ] DEBUG AssetLoader          - Loading from cache: /assets/textures/wall.png@20.0x20.0
21:46:08.160 [FXGL Background Thread 1 ] DEBUG AssetLoader          - Loading from cache: /assets/textures/wall.png@20.0x20.0
21:46:08.160 [FXGL Background Thread 1 ] DEBUG AssetLoader          - Loading from cache: /assets/textures/wall.png@20.0x20.0
21:46:08.161 [FXGL Background Thread 1 ] DEBUG AssetLoader          - Loading from cache: /assets/textures/wall.png@20.0x20.0
21:46:08.161 [FXGL Background Thread 1 ] DEBUG AssetLoader          - Loading from cache: /assets/textures/wall.png@20.0x20.0
21:46:08.161 [FXGL Background Thread 1 ] DEBUG AssetLoader          - Loading from cache: /assets/textures/wall.png@20.0x20.0
21:46:08.161 [FXGL Background Thread 1 ] DEBUG AssetLoader          - Loading from cache: /assets/textures/wall.png@20.0x20.0
21:46:08.161 [FXGL Background Thread 1 ] DEBUG AssetLoader          - Loading from cache: /assets/textures/wall.png@20.0x20.0
21:46:08.162 [FXGL Background Thread 1 ] DEBUG AssetLoader          - Loading from cache: /assets/textures/wall.png@20.0x20.0
21:46:08.162 [FXGL Background Thread 1 ] DEBUG AssetLoader          - Loading from cache: /assets/textures/wall.png@20.0x20.0
21:46:08.162 [FXGL Background Thread 1 ] DEBUG AssetLoader          - Loading from cache: /assets/textures/wall.png@20.0x20.0
21:46:08.163 [FXGL Background Thread 1 ] DEBUG AssetLoader          - Loading from cache: /assets/textures/wall.png@20.0x20.0
21:46:08.163 [FXGL Background Thread 1 ] DEBUG AssetLoader          - Loading from cache: /assets/textures/wall.png@20.0x20.0
21:46:08.163 [FXGL Background Thread 1 ] DEBUG AssetLoader          - Loading from cache: /assets/textures/wall.png@20.0x20.0
21:46:08.163 [FXGL Background Thread 1 ] DEBUG AssetLoader          - Loading from cache: /assets/textures/wall.png@20.0x20.0
21:46:08.164 [FXGL Background Thread 1 ] DEBUG AssetLoader          - Loading from cache: /assets/textures/wall.png@20.0x20.0
21:46:08.164 [FXGL Background Thread 1 ] DEBUG AssetLoader          - Loading from cache: /assets/textures/wall.png@20.0x20.0
21:46:08.164 [FXGL Background Thread 1 ] DEBUG AssetLoader          - Loading from cache: /assets/textures/wall.png@20.0x20.0
21:46:08.164 [FXGL Background Thread 1 ] DEBUG AssetLoader          - Loading from cache: /assets/textures/wall.png@20.0x20.0
21:46:08.165 [FXGL Background Thread 1 ] DEBUG AssetLoader          - Loading from cache: /assets/textures/wall.png@20.0x20.0
21:46:08.165 [FXGL Background Thread 1 ] DEBUG AssetLoader          - Loading from cache: /assets/textures/wall.png@20.0x20.0
21:46:08.165 [FXGL Background Thread 1 ] DEBUG AssetLoader          - Loading from cache: /assets/textures/wall.png@20.0x20.0
21:46:08.165 [FXGL Background Thread 1 ] DEBUG AssetLoader          - Loading from cache: /assets/textures/wall.png@20.0x20.0
21:46:08.166 [FXGL Background Thread 1 ] DEBUG AssetLoader          - Loading from cache: /assets/textures/wall.png@20.0x20.0
21:46:08.166 [FXGL Background Thread 1 ] DEBUG AssetLoader          - Loading from cache: /assets/textures/wall.png@20.0x20.0
21:46:08.166 [FXGL Background Thread 1 ] DEBUG AssetLoader          - Loading from cache: /assets/textures/wall.png@20.0x20.0
21:46:08.166 [FXGL Background Thread 1 ] DEBUG AssetLoader          - Loading from cache: /assets/textures/wall.png@20.0x20.0
21:46:08.167 [FXGL Background Thread 1 ] DEBUG AssetLoader          - Loading from cache: /assets/textures/wall.png@20.0x20.0
21:46:08.167 [FXGL Background Thread 1 ] DEBUG AssetLoader          - Loading from cache: /assets/textures/wall.png@20.0x20.0
21:46:08.167 [FXGL Background Thread 1 ] DEBUG AssetLoader          - Loading from cache: /assets/textures/wall.png@20.0x20.0
21:46:08.167 [FXGL Background Thread 1 ] DEBUG AssetLoader          - Loading from cache: /assets/textures/wall.png@20.0x20.0
21:46:08.168 [FXGL Background Thread 1 ] DEBUG AssetLoader          - Loading from cache: /assets/textures/wall.png@20.0x20.0
21:46:08.168 [FXGL Background Thread 1 ] DEBUG AssetLoader          - Loading from cache: /assets/textures/wall.png@20.0x20.0
21:46:08.168 [FXGL Background Thread 1 ] DEBUG AssetLoader          - Loading from cache: /assets/textures/wall.png@20.0x20.0
21:46:08.168 [FXGL Background Thread 1 ] DEBUG AssetLoader          - Loading from cache: /assets/textures/wall.png@20.0x20.0
21:46:08.168 [FXGL Background Thread 1 ] DEBUG AssetLoader          - Loading from cache: /assets/textures/wall.png@20.0x20.0
21:46:08.169 [FXGL Background Thread 1 ] DEBUG AssetLoader          - Loading from cache: /assets/textures/wall.png@20.0x20.0
21:46:08.169 [FXGL Background Thread 1 ] DEBUG AssetLoader          - Loading from cache: /assets/textures/wall.png@20.0x20.0
21:46:08.169 [FXGL Background Thread 1 ] DEBUG AssetLoader          - Loading from cache: /assets/textures/wall.png@20.0x20.0
21:46:08.169 [FXGL Background Thread 1 ] DEBUG AssetLoader          - Loading from cache: /assets/textures/wall.png@20.0x20.0
21:46:08.169 [FXGL Background Thread 1 ] DEBUG AssetLoader          - Loading from cache: /assets/textures/wall.png@20.0x20.0
21:46:08.170 [FXGL Background Thread 1 ] DEBUG AssetLoader          - Loading from cache: /assets/textures/wall.png@20.0x20.0
21:46:08.170 [FXGL Background Thread 1 ] DEBUG AssetLoader          - Loading from cache: /assets/textures/wall.png@20.0x20.0
21:46:08.170 [FXGL Background Thread 1 ] DEBUG AssetLoader          - Loading from cache: /assets/textures/wall.png@20.0x20.0
21:46:08.170 [FXGL Background Thread 1 ] DEBUG AssetLoader          - Loading from cache: /assets/textures/wall.png@20.0x20.0
21:46:08.171 [FXGL Background Thread 1 ] DEBUG AssetLoader          - Loading from cache: /assets/textures/wall.png@20.0x20.0
21:46:08.171 [FXGL Background Thread 1 ] DEBUG AssetLoader          - Loading from cache: /assets/textures/wall.png@20.0x20.0
21:46:08.171 [FXGL Background Thread 1 ] DEBUG AssetLoader          - Loading from cache: /assets/textures/wall.png@20.0x20.0
21:46:08.171 [FXGL Background Thread 1 ] DEBUG AssetLoader          - Loading from cache: /assets/textures/wall.png@20.0x20.0
21:46:08.172 [FXGL Background Thread 1 ] DEBUG AssetLoader          - Loading from cache: /assets/textures/wall.png@20.0x20.0
21:46:08.172 [FXGL Background Thread 1 ] DEBUG AssetLoader          - Loading from cache: /assets/textures/wall.png@20.0x20.0
21:46:08.172 [FXGL Background Thread 1 ] DEBUG AssetLoader          - Loading from cache: /assets/textures/wall.png@20.0x20.0
21:46:08.172 [FXGL Background Thread 1 ] DEBUG AssetLoader          - Loading from cache: /assets/textures/wall.png@20.0x20.0
21:46:08.172 [FXGL Background Thread 1 ] DEBUG AssetLoader          - Loading from cache: /assets/textures/wall.png@20.0x20.0
21:46:08.173 [FXGL Background Thread 1 ] DEBUG AssetLoader          - Loading from cache: /assets/textures/wall.png@20.0x20.0
21:46:08.173 [FXGL Background Thread 1 ] DEBUG AssetLoader          - Loading from cache: /assets/textures/wall.png@20.0x20.0
21:46:08.173 [FXGL Background Thread 1 ] DEBUG AssetLoader          - Loading from cache: /assets/textures/wall.png@20.0x20.0
21:46:08.173 [FXGL Background Thread 1 ] DEBUG AssetLoader          - Loading from cache: /assets/textures/wall.png@20.0x20.0
21:46:08.174 [FXGL Background Thread 1 ] DEBUG AssetLoader          - Loading from cache: /assets/textures/wall.png@20.0x20.0
21:46:08.174 [FXGL Background Thread 1 ] DEBUG AssetLoader          - Loading from cache: /assets/textures/wall.png@20.0x20.0
21:46:08.174 [FXGL Background Thread 1 ] DEBUG AssetLoader          - Loading from cache: /assets/textures/wall.png@20.0x20.0
21:46:08.174 [FXGL Background Thread 1 ] DEBUG AssetLoader          - Loading from cache: /assets/textures/wall.png@20.0x20.0
21:46:08.175 [FXGL Background Thread 1 ] DEBUG AssetLoader          - Loading from cache: /assets/textures/wall.png@20.0x20.0
21:46:08.175 [FXGL Background Thread 1 ] DEBUG AssetLoader          - Loading from cache: /assets/textures/wall.png@20.0x20.0
21:46:08.175 [FXGL Background Thread 1 ] DEBUG AssetLoader          - Loading from cache: /assets/textures/wall.png@20.0x20.0
21:46:08.176 [FXGL Background Thread 1 ] DEBUG AssetLoader          - Loading from cache: /assets/textures/wall.png@20.0x20.0
21:46:08.176 [FXGL Background Thread 1 ] DEBUG AssetLoader          - Loading from cache: /assets/textures/wall.png@20.0x20.0
21:46:08.176 [FXGL Background Thread 1 ] DEBUG AssetLoader          - Loading from cache: /assets/textures/wall.png@20.0x20.0
21:46:08.176 [FXGL Background Thread 1 ] DEBUG AssetLoader          - Loading from cache: /assets/textures/wall.png@20.0x20.0
21:46:08.177 [FXGL Background Thread 1 ] DEBUG AssetLoader          - Loading from cache: /assets/textures/wall.png@20.0x20.0
21:46:08.177 [FXGL Background Thread 1 ] DEBUG AssetLoader          - Loading from cache: /assets/textures/wall.png@20.0x20.0
21:46:08.177 [FXGL Background Thread 1 ] DEBUG AssetLoader          - Loading from cache: /assets/textures/wall.png@20.0x20.0
21:46:08.177 [FXGL Background Thread 1 ] DEBUG AssetLoader          - Loading from cache: /assets/textures/wall.png@20.0x20.0
21:46:08.177 [FXGL Background Thread 1 ] DEBUG InitAppTask          - Initializing Physics
21:46:08.178 [FXGL Background Thread 1 ] DEBUG InitAppTask          - Initializing UI
21:46:08.217 [FXGL Background Thread 1 ] DEBUG AssetLoader          - Loading from disk: /assets/ui/main.fxml
21:46:08.555 [FXGL Background Thread 1 ] DEBUG InitAppTask          - Initialization Complete
21:46:08.555 [FXGL Background Thread 1 ] INFO  InitAppTask          - Game initialization took: 1.055 sec
21:46:08.559 [JavaFX Application Thread] DEBUG Input                - Clearing active input actions
21:46:08.594 [JavaFX Application Thread] DEBUG AppStateMachine      - LoadingState -> PlayState
21:46:09.687 [JavaFX Application Thread] DEBUG AssetLoader          - Loading from disk: /assets/textures/woodenbrick.jpg
21:46:09.869 [JavaFX Application Thread] DEBUG AssetLoader          - Loading from cache: /assets/textures/woodenbrick.jpg@40.0x20.0
21:46:09.870 [JavaFX Application Thread] DEBUG AssetLoader          - Loading from disk: /assets/textures/metalbrick.jpg
21:46:09.933 [JavaFX Application Thread] DEBUG AssetLoader          - Loading from disk: /assets/textures/glassbrick.jpg
21:46:09.958 [JavaFX Application Thread] DEBUG AssetLoader          - Loading from cache: /assets/textures/woodenbrick.jpg@40.0x20.0
21:46:09.965 [JavaFX Application Thread] DEBUG AssetLoader          - Loading from cache: /assets/textures/metalbrick.jpg@40.0x20.0
21:46:09.966 [JavaFX Application Thread] DEBUG AssetLoader          - Loading from cache: /assets/textures/glassbrick.jpg@40.0x20.0
21:46:09.967 [JavaFX Application Thread] DEBUG AssetLoader          - Loading from cache: /assets/textures/woodenbrick.jpg@40.0x20.0
21:46:09.967 [JavaFX Application Thread] DEBUG AssetLoader          - Loading from cache: /assets/textures/glassbrick.jpg@40.0x20.0
21:46:09.968 [JavaFX Application Thread] DEBUG AssetLoader          - Loading from cache: /assets/textures/metalbrick.jpg@40.0x20.0
21:46:09.968 [JavaFX Application Thread] DEBUG AssetLoader          - Loading from cache: /assets/textures/metalbrick.jpg@40.0x20.0
21:46:09.968 [JavaFX Application Thread] DEBUG AssetLoader          - Loading from cache: /assets/textures/glassbrick.jpg@40.0x20.0
21:46:09.969 [JavaFX Application Thread] DEBUG AssetLoader          - Loading from cache: /assets/textures/glassbrick.jpg@40.0x20.0
21:46:09.969 [JavaFX Application Thread] DEBUG AssetLoader          - Loading from cache: /assets/textures/glassbrick.jpg@40.0x20.0
21:46:10.688 [JavaFX Application Thread] DEBUG AssetLoader          - Loading from cache: /assets/textures/ball.gif@20.0x20.0
21:46:10.703 [JavaFX Application Thread] DEBUG AssetLoader          - Loading from cache: /assets/textures/ball.gif@20.0x20.0
21:46:10.719 [JavaFX Application Thread] DEBUG AssetLoader          - Loading from cache: /assets/textures/ball.gif@20.0x20.0
21:46:10.735 [JavaFX Application Thread] DEBUG AssetLoader          - Loading from cache: /assets/textures/ball.gif@20.0x20.0
21:46:10.751 [JavaFX Application Thread] DEBUG AssetLoader          - Loading from cache: /assets/textures/ball.gif@20.0x20.0
21:46:10.767 [JavaFX Application Thread] DEBUG AssetLoader          - Loading from cache: /assets/textures/ball.gif@20.0x20.0
21:46:10.783 [JavaFX Application Thread] DEBUG AssetLoader          - Loading from cache: /assets/textures/ball.gif@20.0x20.0
21:46:10.799 [JavaFX Application Thread] DEBUG AssetLoader          - Loading from cache: /assets/textures/ball.gif@20.0x20.0
21:46:10.815 [JavaFX Application Thread] DEBUG AssetLoader          - Loading from cache: /assets/textures/ball.gif@20.0x20.0
21:46:10.831 [JavaFX Application Thread] DEBUG AssetLoader          - Loading from cache: /assets/textures/ball.gif@20.0x20.0
21:46:10.847 [JavaFX Application Thread] DEBUG AssetLoader          - Loading from cache: /assets/textures/ball.gif@20.0x20.0
21:46:10.863 [JavaFX Application Thread] DEBUG AssetLoader          - Loading from cache: /assets/textures/ball.gif@20.0x20.0
21:46:10.879 [JavaFX Application Thread] DEBUG AssetLoader          - Loading from cache: /assets/textures/ball.gif@20.0x20.0
21:46:10.895 [JavaFX Application Thread] DEBUG AssetLoader          - Loading from cache: /assets/textures/ball.gif@20.0x20.0
21:46:10.927 [JavaFX Application Thread] DEBUG AssetLoader          - Loading from cache: /assets/textures/ball.gif@20.0x20.0
21:46:10.943 [JavaFX Application Thread] DEBUG AssetLoader          - Loading from cache: /assets/textures/ball.gif@20.0x20.0
21:46:10.959 [JavaFX Application Thread] DEBUG AssetLoader          - Loading from cache: /assets/textures/ball.gif@20.0x20.0
21:46:10.975 [JavaFX Application Thread] DEBUG AssetLoader          - Loading from cache: /assets/textures/ball.gif@20.0x20.0
21:46:10.991 [JavaFX Application Thread] DEBUG AssetLoader          - Loading from cache: /assets/textures/ball.gif@20.0x20.0
21:46:11.008 [JavaFX Application Thread] DEBUG AssetLoader          - Loading from cache: /assets/textures/ball.gif@20.0x20.0
21:46:11.023 [JavaFX Application Thread] DEBUG AssetLoader          - Loading from cache: /assets/textures/ball.gif@20.0x20.0
21:46:11.039 [JavaFX Application Thread] DEBUG AssetLoader          - Loading from cache: /assets/textures/ball.gif@20.0x20.0
21:46:11.055 [JavaFX Application Thread] DEBUG AssetLoader          - Loading from cache: /assets/textures/ball.gif@20.0x20.0
21:46:11.071 [JavaFX Application Thread] DEBUG AssetLoader          - Loading from cache: /assets/textures/ball.gif@20.0x20.0
21:46:11.087 [JavaFX Application Thread] DEBUG AssetLoader          - Loading from cache: /assets/textures/ball.gif@20.0x20.0
21:46:11.103 [JavaFX Application Thread] DEBUG AssetLoader          - Loading from cache: /assets/textures/ball.gif@20.0x20.0
21:46:11.183 [JavaFX Application Thread] DEBUG AssetLoader          - Loading from cache: /assets/textures/ball.gif@20.0x20.0
21:46:11.199 [JavaFX Application Thread] DEBUG AssetLoader          - Loading from cache: /assets/textures/ball.gif@20.0x20.0
21:46:11.216 [JavaFX Application Thread] DEBUG AssetLoader          - Loading from cache: /assets/textures/ball.gif@20.0x20.0
21:46:11.231 [JavaFX Application Thread] DEBUG AssetLoader          - Loading from cache: /assets/textures/ball.gif@20.0x20.0
21:46:11.247 [JavaFX Application Thread] DEBUG AssetLoader          - Loading from cache: /assets/textures/ball.gif@20.0x20.0
21:46:11.263 [JavaFX Application Thread] DEBUG AssetLoader          - Loading from cache: /assets/textures/ball.gif@20.0x20.0
21:46:11.279 [JavaFX Application Thread] DEBUG AssetLoader          - Loading from cache: /assets/textures/ball.gif@20.0x20.0
21:46:11.311 [JavaFX Application Thread] DEBUG AssetLoader          - Loading from cache: /assets/textures/ball.gif@20.0x20.0
21:46:11.327 [JavaFX Application Thread] DEBUG AssetLoader          - Loading from cache: /assets/textures/ball.gif@20.0x20.0
21:46:11.343 [JavaFX Application Thread] DEBUG AssetLoader          - Loading from cache: /assets/textures/ball.gif@20.0x20.0
21:46:11.359 [JavaFX Application Thread] DEBUG AssetLoader          - Loading from cache: /assets/textures/ball.gif@20.0x20.0
21:46:11.375 [JavaFX Application Thread] DEBUG AssetLoader          - Loading from cache: /assets/textures/ball.gif@20.0x20.0
21:46:11.391 [JavaFX Application Thread] DEBUG AssetLoader          - Loading from cache: /assets/textures/ball.gif@20.0x20.0
21:46:11.408 [JavaFX Application Thread] DEBUG AssetLoader          - Loading from cache: /assets/textures/ball.gif@20.0x20.0
21:46:11.423 [JavaFX Application Thread] DEBUG AssetLoader          - Loading from cache: /assets/textures/ball.gif@20.0x20.0
21:46:11.439 [JavaFX Application Thread] DEBUG AssetLoader          - Loading from cache: /assets/textures/ball.gif@20.0x20.0
21:46:11.455 [JavaFX Application Thread] DEBUG AssetLoader          - Loading from cache: /assets/textures/ball.gif@20.0x20.0
21:46:11.471 [JavaFX Application Thread] DEBUG AssetLoader          - Loading from cache: /assets/textures/ball.gif@20.0x20.0
21:46:11.487 [JavaFX Application Thread] DEBUG AssetLoader          - Loading from cache: /assets/textures/ball.gif@20.0x20.0
21:46:11.503 [JavaFX Application Thread] DEBUG AssetLoader          - Loading from cache: /assets/textures/ball.gif@20.0x20.0
21:46:11.519 [JavaFX Application Thread] DEBUG AssetLoader          - Loading from cache: /assets/textures/ball.gif@20.0x20.0
21:46:11.535 [JavaFX Application Thread] DEBUG AssetLoader          - Loading from cache: /assets/textures/ball.gif@20.0x20.0
21:46:11.551 [JavaFX Application Thread] DEBUG AssetLoader          - Loading from cache: /assets/textures/ball.gif@20.0x20.0
21:46:11.567 [JavaFX Application Thread] DEBUG AssetLoader          - Loading from cache: /assets/textures/ball.gif@20.0x20.0
21:46:11.582 [JavaFX Application Thread] DEBUG AssetLoader          - Loading from cache: /assets/textures/ball.gif@20.0x20.0
21:46:11.599 [JavaFX Application Thread] DEBUG AssetLoader          - Loading from cache: /assets/textures/ball.gif@20.0x20.0
21:46:15.247 [JavaFX Application Thread] DEBUG AssetLoader          - Loading from cache: /assets/sounds/bat_ball.wav
21:46:15.295 [JavaFX Application Thread] DEBUG AssetLoader          - Loading from cache: /assets/sounds/bat_ball.wav
21:46:15.327 [JavaFX Application Thread] DEBUG AssetLoader          - Loading from cache: /assets/textures/ball.gif@20.0x20.0
21:46:15.439 [JavaFX Application Thread] DEBUG AssetLoader          - Loading from cache: /assets/textures/ball.gif@20.0x20.0
21:46:15.455 [JavaFX Application Thread] DEBUG AssetLoader          - Loading from cache: /assets/textures/ball.gif@20.0x20.0
21:46:15.471 [JavaFX Application Thread] DEBUG AssetLoader          - Loading from cache: /assets/textures/ball.gif@20.0x20.0
21:46:15.487 [JavaFX Application Thread] DEBUG AssetLoader          - Loading from cache: /assets/textures/ball.gif@20.0x20.0
21:46:18.686 [JavaFX Application Thread] DEBUG GameApplication      - Exiting game application
21:46:18.686 [JavaFX Application Thread] DEBUG GameApplication      - Shutting down background threads
21:46:18.687 [JavaFX Application Thread] DEBUG GameApplication      - Exiting FXGL
21:46:18.687 [JavaFX Application Thread] DEBUG FXGL                 - Saving FXGL system data
21:46:18.690 [JavaFX Application Thread] DEBUG DesktopFSService     - Writing to: system\fxgl.bundle
21:46:18.694 [JavaFX Application Thread] DEBUG GameApplication      - Closing logger and exiting JavaFX
