11:27:35.494 [JavaFX Application Thread] DEBUG GameApplication      - Logger initialized
11:27:35.510 [JavaFX Application Thread] DEBUG MainWindow           - Creating a JavaFX scene
11:27:35.608 [JavaFX Application Thread] DEBUG MainWindow           - Target settings size: 600.0 x 800.0
11:27:35.608 [JavaFX Application Thread] DEBUG MainWindow           - Scaled scene size:    600.0 x 800.0
11:27:35.609 [JavaFX Application Thread] DEBUG MainWindow           - Scaled ratio: (1.0, 1.0)
11:27:35.615 [JavaFX Application Thread] DEBUG GameApplication      - Starting FXGL
11:27:35.618 [JavaFX Application Thread] INFO  FXGL                 - FXGL-0.5.3-SNAPSHOT on DESKTOP
11:27:35.619 [JavaFX Application Thread] INFO  FXGL                 - Source code and latest versions at: https://github.com/AlmasB/FXGL
11:27:35.619 [JavaFX Application Thread] INFO  FXGL                 -              Join the FXGL chat at: https://gitter.im/AlmasB/FXGL
11:27:35.625 [JavaFX Application Thread] DEBUG FS                   - Loaded DesktopFSService
11:27:35.626 [JavaFX Application Thread] DEBUG FXGL                 - Loading FXGL system data
11:27:35.641 [JavaFX Application Thread] DEBUG DesktopFSService     - Reading from: system\fxgl.bundle
11:27:35.658 [JavaFX Application Thread] DEBUG Bundle               - Logging bundle: FXGL
11:27:35.661 [JavaFX Application Thread] DEBUG Bundle               - FXGL.offline.timer.version.check=2018-12-14T12:33:18.600
11:27:35.693 [JavaFX Application Thread] DEBUG GameApplication      - FXGL started
11:27:35.693 [JavaFX Application Thread] DEBUG GameApplication      - Logging game settings
Title: Breakout
Version: Pre-Alpha
Width: 600
Height: 800
Fullscreen: false
Intro: false
Menus: false
Profiling: false
Single step:false
App Mode: DEVELOPER
Menu Key: ESCAPE
Stage Style: DECORATED
Scene Factory: class com.almasb.fxgl.scene.SceneFactory
Dialog Factory: class com.almasb.fxgl.ui.FXGLDialogFactory
UI Factory: class com.almasb.fxgl.ui.FXGLUIFactory
Notification Service: class com.almasb.fxgl.gameplay.notification.XboxNotificationView
Exception Handler: class com.almasb.fxgl.app.FXGLExceptionHandler
11:27:35.694 [JavaFX Application Thread] DEBUG GameApplication      - Configuring GameApplication
11:27:35.694 [JavaFX Application Thread] DEBUG GameApplication      - Initializing state machine and application states
11:27:35.705 [JavaFX Application Thread] DEBUG AssetLoader          - Loading from disk: /assets/ui/cursors/fxgl_default.png
11:27:35.722 [JavaFX Application Thread] DEBUG AssetLoader          - Loading from disk: /assets/ui/cursors/fxgl_default.png
11:27:35.738 [JavaFX Application Thread] DEBUG FXGLAssets           - Loading FXGLAssets
11:27:35.806 [JavaFX Application Thread] DEBUG AssetLoader          - Loading from disk: /assets/ui/fonts/pixelmix.ttf
11:27:35.935 [JavaFX Application Thread] DEBUG AssetLoader          - Loading from disk: /assets/ui/fonts/lucida_console.ttf
11:27:35.942 [JavaFX Application Thread] DEBUG AssetLoader          - Loading from disk: /assets/ui/fonts/Courier-Prime.ttf
11:27:35.944 [JavaFX Application Thread] DEBUG AssetLoader          - Loading from disk: /assets/ui/fonts/Abel-Regular.ttf
11:27:35.946 [JavaFX Application Thread] DEBUG AssetLoader          - Loading from disk: /assets/ui/css/fxgl_dark.css
11:27:35.982 [JavaFX Application Thread] DEBUG AssetLoader          - Loading from disk: /assets/ui/cursors/fxgl_default.png
11:27:36.023 [JavaFX Application Thread] DEBUG AssetLoader          - Loading from disk: /assets/ui/cursors/fxgl_default.png
11:27:36.036 [JavaFX Application Thread] DEBUG GameScene            - Game scene initialized: 600x800
11:27:36.040 [JavaFX Application Thread] DEBUG GameWorld            - Game world initialized
11:27:36.079 [JavaFX Application Thread] DEBUG PhysicsWorld         - Physics world initialized: appHeight=800, physics.ppm=50.0
11:27:36.094 [JavaFX Application Thread] DEBUG Input                - Registered new binding: Pause - Esc
11:27:36.107 [JavaFX Application Thread] DEBUG Input                - Clearing active input actions
11:27:36.134 [JavaFX Application Thread] DEBUG AppStateMachine      - StartupState -> StartupState
11:27:36.137 [JavaFX Application Thread] INFO  GameApplication      - Game configuration took:  0.443 sec
11:27:36.139 [JavaFX Application Thread] DEBUG AssetLoader          - Loading from disk: /assets/textures/fxgl_icon.png
11:27:36.147 [JavaFX Application Thread] DEBUG MainWindow           - Opening main window
11:27:36.332 [JavaFX Application Thread] DEBUG MainWindow           - Window border size: (6.0, 29.0)
11:27:36.332 [JavaFX Application Thread] DEBUG MainWindow           - Scaled size: 600.0 x 800.0
11:27:36.333 [JavaFX Application Thread] DEBUG MainWindow           - Scaled ratio: (1.0, 1.0)
11:27:36.333 [JavaFX Application Thread] DEBUG MainWindow           - Scene size: 600.0 x 800.0
11:27:36.333 [JavaFX Application Thread] DEBUG MainWindow           - Stage size: 606.0 x 829.0
11:27:36.333 [JavaFX Application Thread] DEBUG GameApplication      - Running preInit()
11:27:36.334 [JavaFX Application Thread] DEBUG Input                - Registered new binding: Screenshot - P
11:27:36.335 [JavaFX Application Thread] DEBUG Input                - Registered new binding: Dev Options - CTRL+0
11:27:36.335 [JavaFX Application Thread] DEBUG Input                - Registered new binding: System info dump - CTRL+9
11:27:36.335 [JavaFX Application Thread] DEBUG Input                - Registered new binding: Restart - CTRL+R
11:27:36.335 [JavaFX Application Thread] DEBUG Input                - Registered new binding: Move Left - A
11:27:36.336 [JavaFX Application Thread] DEBUG Input                - Registered new binding: Move Right - D
11:27:36.336 [JavaFX Application Thread] DEBUG Input                - Registered new binding: Release Ball - Space
11:27:36.336 [JavaFX Application Thread] DEBUG Input                - Registered new binding: New Level - N
11:27:36.356 [JavaFX Application Thread] DEBUG GameApplication      - Starting main loop
11:27:36.357 [JavaFX Application Thread] DEBUG StartupState         - STARTUP
11:27:36.358 [JavaFX Application Thread] DEBUG GameApplication      - Starting new game
11:27:36.358 [JavaFX Application Thread] DEBUG Input                - Clearing active input actions
11:27:36.362 [JavaFX Application Thread] DEBUG AppStateMachine      - StartupState -> LoadingState
11:27:36.367 [FXGL Background Thread 1 ] DEBUG InitAppTask          - Clearing previous game
11:27:36.367 [FXGL Background Thread 1 ] DEBUG GameWorld            - Clearing game world
11:27:36.367 [FXGL Background Thread 1 ] DEBUG PhysicsWorld         - Clearing physics world
11:27:36.367 [FXGL Background Thread 1 ] DEBUG GameScene            - Clearing game scene
11:27:36.368 [FXGL Background Thread 1 ] DEBUG InitAppTask          - Initializing Game
11:27:36.581 [FXGL Background Thread 1 ] DEBUG AudioPlayer          - Playing music com.almasb.fxgl.audio.Music@5579bdc4
11:27:36.607 [FXGL Background Thread 1 ] DEBUG AssetLoader          - Loading from disk: /assets/textures/back.png
11:27:36.670 [FXGL Background Thread 1 ] DEBUG GameScene            - Creating render group for layer: BACKGROUND(1000)
11:27:36.703 [FXGL Background Thread 1 ] DEBUG GameScene            - Creating render group for layer: DEFAULT(100000)
11:27:36.706 [FXGL Background Thread 1 ] DEBUG AssetLoader          - Loading from disk: /assets/textures/bat.gif
11:27:36.731 [FXGL Background Thread 1 ] DEBUG AssetLoader          - Loading from disk: /assets/textures/ball.gif
11:27:36.764 [FXGL Background Thread 1 ] DEBUG AssetLoader          - Loading from disk: /assets/textures/wall.png
11:27:36.767 [FXGL Background Thread 1 ] DEBUG AssetLoader          - Loading from cache: /assets/textures/wall.png@20.0x20.0
11:27:36.768 [FXGL Background Thread 1 ] DEBUG AssetLoader          - Loading from cache: /assets/textures/wall.png@20.0x20.0
11:27:36.769 [FXGL Background Thread 1 ] DEBUG AssetLoader          - Loading from cache: /assets/textures/wall.png@20.0x20.0
11:27:36.770 [FXGL Background Thread 1 ] DEBUG AssetLoader          - Loading from cache: /assets/textures/wall.png@20.0x20.0
11:27:36.770 [FXGL Background Thread 1 ] DEBUG AssetLoader          - Loading from cache: /assets/textures/wall.png@20.0x20.0
11:27:36.771 [FXGL Background Thread 1 ] DEBUG AssetLoader          - Loading from cache: /assets/textures/wall.png@20.0x20.0
11:27:36.772 [FXGL Background Thread 1 ] DEBUG AssetLoader          - Loading from cache: /assets/textures/wall.png@20.0x20.0
11:27:36.775 [FXGL Background Thread 1 ] DEBUG AssetLoader          - Loading from cache: /assets/textures/wall.png@20.0x20.0
11:27:36.776 [FXGL Background Thread 1 ] DEBUG AssetLoader          - Loading from cache: /assets/textures/wall.png@20.0x20.0
11:27:36.776 [FXGL Background Thread 1 ] DEBUG AssetLoader          - Loading from cache: /assets/textures/wall.png@20.0x20.0
11:27:36.777 [FXGL Background Thread 1 ] DEBUG AssetLoader          - Loading from cache: /assets/textures/wall.png@20.0x20.0
11:27:36.777 [FXGL Background Thread 1 ] DEBUG AssetLoader          - Loading from cache: /assets/textures/wall.png@20.0x20.0
11:27:36.778 [FXGL Background Thread 1 ] DEBUG AssetLoader          - Loading from cache: /assets/textures/wall.png@20.0x20.0
11:27:36.778 [FXGL Background Thread 1 ] DEBUG AssetLoader          - Loading from cache: /assets/textures/wall.png@20.0x20.0
11:27:36.779 [FXGL Background Thread 1 ] DEBUG AssetLoader          - Loading from cache: /assets/textures/wall.png@20.0x20.0
11:27:36.779 [FXGL Background Thread 1 ] DEBUG AssetLoader          - Loading from cache: /assets/textures/wall.png@20.0x20.0
11:27:36.780 [FXGL Background Thread 1 ] DEBUG AssetLoader          - Loading from cache: /assets/textures/wall.png@20.0x20.0
11:27:36.780 [FXGL Background Thread 1 ] DEBUG AssetLoader          - Loading from cache: /assets/textures/wall.png@20.0x20.0
11:27:36.781 [FXGL Background Thread 1 ] DEBUG AssetLoader          - Loading from cache: /assets/textures/wall.png@20.0x20.0
11:27:36.781 [FXGL Background Thread 1 ] DEBUG AssetLoader          - Loading from cache: /assets/textures/wall.png@20.0x20.0
11:27:36.782 [FXGL Background Thread 1 ] DEBUG AssetLoader          - Loading from cache: /assets/textures/wall.png@20.0x20.0
11:27:36.782 [FXGL Background Thread 1 ] DEBUG AssetLoader          - Loading from cache: /assets/textures/wall.png@20.0x20.0
11:27:36.783 [FXGL Background Thread 1 ] DEBUG AssetLoader          - Loading from cache: /assets/textures/wall.png@20.0x20.0
11:27:36.783 [FXGL Background Thread 1 ] DEBUG AssetLoader          - Loading from cache: /assets/textures/wall.png@20.0x20.0
11:27:36.784 [FXGL Background Thread 1 ] DEBUG AssetLoader          - Loading from cache: /assets/textures/wall.png@20.0x20.0
11:27:36.784 [FXGL Background Thread 1 ] DEBUG AssetLoader          - Loading from cache: /assets/textures/wall.png@20.0x20.0
11:27:36.785 [FXGL Background Thread 1 ] DEBUG AssetLoader          - Loading from cache: /assets/textures/wall.png@20.0x20.0
11:27:36.785 [FXGL Background Thread 1 ] DEBUG AssetLoader          - Loading from cache: /assets/textures/wall.png@20.0x20.0
11:27:36.786 [FXGL Background Thread 1 ] DEBUG AssetLoader          - Loading from cache: /assets/textures/wall.png@20.0x20.0
11:27:36.786 [FXGL Background Thread 1 ] DEBUG AssetLoader          - Loading from cache: /assets/textures/wall.png@20.0x20.0
11:27:36.787 [FXGL Background Thread 1 ] DEBUG AssetLoader          - Loading from cache: /assets/textures/wall.png@20.0x20.0
11:27:36.787 [FXGL Background Thread 1 ] DEBUG AssetLoader          - Loading from cache: /assets/textures/wall.png@20.0x20.0
11:27:36.788 [FXGL Background Thread 1 ] DEBUG AssetLoader          - Loading from cache: /assets/textures/wall.png@20.0x20.0
11:27:36.788 [FXGL Background Thread 1 ] DEBUG AssetLoader          - Loading from cache: /assets/textures/wall.png@20.0x20.0
11:27:36.789 [FXGL Background Thread 1 ] DEBUG AssetLoader          - Loading from cache: /assets/textures/wall.png@20.0x20.0
11:27:36.789 [FXGL Background Thread 1 ] DEBUG AssetLoader          - Loading from cache: /assets/textures/wall.png@20.0x20.0
11:27:36.790 [FXGL Background Thread 1 ] DEBUG AssetLoader          - Loading from cache: /assets/textures/wall.png@20.0x20.0
11:27:36.790 [FXGL Background Thread 1 ] DEBUG AssetLoader          - Loading from cache: /assets/textures/wall.png@20.0x20.0
11:27:36.791 [FXGL Background Thread 1 ] DEBUG AssetLoader          - Loading from cache: /assets/textures/wall.png@20.0x20.0
11:27:36.791 [FXGL Background Thread 1 ] DEBUG AssetLoader          - Loading from cache: /assets/textures/wall.png@20.0x20.0
11:27:36.792 [FXGL Background Thread 1 ] DEBUG AssetLoader          - Loading from cache: /assets/textures/wall.png@20.0x20.0
11:27:36.792 [FXGL Background Thread 1 ] DEBUG AssetLoader          - Loading from cache: /assets/textures/wall.png@20.0x20.0
11:27:36.793 [FXGL Background Thread 1 ] DEBUG AssetLoader          - Loading from cache: /assets/textures/wall.png@20.0x20.0
11:27:36.793 [FXGL Background Thread 1 ] DEBUG AssetLoader          - Loading from cache: /assets/textures/wall.png@20.0x20.0
11:27:36.794 [FXGL Background Thread 1 ] DEBUG AssetLoader          - Loading from cache: /assets/textures/wall.png@20.0x20.0
11:27:36.794 [FXGL Background Thread 1 ] DEBUG AssetLoader          - Loading from cache: /assets/textures/wall.png@20.0x20.0
11:27:36.795 [FXGL Background Thread 1 ] DEBUG AssetLoader          - Loading from cache: /assets/textures/wall.png@20.0x20.0
11:27:36.795 [FXGL Background Thread 1 ] DEBUG AssetLoader          - Loading from cache: /assets/textures/wall.png@20.0x20.0
11:27:36.796 [FXGL Background Thread 1 ] DEBUG AssetLoader          - Loading from cache: /assets/textures/wall.png@20.0x20.0
11:27:36.796 [FXGL Background Thread 1 ] DEBUG AssetLoader          - Loading from cache: /assets/textures/wall.png@20.0x20.0
11:27:36.797 [FXGL Background Thread 1 ] DEBUG AssetLoader          - Loading from cache: /assets/textures/wall.png@20.0x20.0
11:27:36.797 [FXGL Background Thread 1 ] DEBUG AssetLoader          - Loading from cache: /assets/textures/wall.png@20.0x20.0
11:27:36.798 [FXGL Background Thread 1 ] DEBUG AssetLoader          - Loading from cache: /assets/textures/wall.png@20.0x20.0
11:27:36.798 [FXGL Background Thread 1 ] DEBUG AssetLoader          - Loading from cache: /assets/textures/wall.png@20.0x20.0
11:27:36.799 [FXGL Background Thread 1 ] DEBUG AssetLoader          - Loading from cache: /assets/textures/wall.png@20.0x20.0
11:27:36.799 [FXGL Background Thread 1 ] DEBUG AssetLoader          - Loading from cache: /assets/textures/wall.png@20.0x20.0
11:27:36.800 [FXGL Background Thread 1 ] DEBUG AssetLoader          - Loading from cache: /assets/textures/wall.png@20.0x20.0
11:27:36.801 [FXGL Background Thread 1 ] DEBUG AssetLoader          - Loading from cache: /assets/textures/wall.png@20.0x20.0
11:27:36.801 [FXGL Background Thread 1 ] DEBUG AssetLoader          - Loading from cache: /assets/textures/wall.png@20.0x20.0
11:27:36.802 [FXGL Background Thread 1 ] DEBUG AssetLoader          - Loading from cache: /assets/textures/wall.png@20.0x20.0
11:27:36.802 [FXGL Background Thread 1 ] DEBUG AssetLoader          - Loading from cache: /assets/textures/wall.png@20.0x20.0
11:27:36.802 [FXGL Background Thread 1 ] DEBUG AssetLoader          - Loading from cache: /assets/textures/wall.png@20.0x20.0
11:27:36.803 [FXGL Background Thread 1 ] DEBUG AssetLoader          - Loading from cache: /assets/textures/wall.png@20.0x20.0
11:27:36.803 [FXGL Background Thread 1 ] DEBUG AssetLoader          - Loading from cache: /assets/textures/wall.png@20.0x20.0
11:27:36.804 [FXGL Background Thread 1 ] DEBUG AssetLoader          - Loading from cache: /assets/textures/wall.png@20.0x20.0
11:27:36.804 [FXGL Background Thread 1 ] DEBUG AssetLoader          - Loading from cache: /assets/textures/wall.png@20.0x20.0
11:27:36.805 [FXGL Background Thread 1 ] DEBUG AssetLoader          - Loading from cache: /assets/textures/wall.png@20.0x20.0
11:27:36.805 [FXGL Background Thread 1 ] DEBUG AssetLoader          - Loading from cache: /assets/textures/wall.png@20.0x20.0
11:27:36.806 [FXGL Background Thread 1 ] DEBUG AssetLoader          - Loading from cache: /assets/textures/wall.png@20.0x20.0
11:27:36.806 [FXGL Background Thread 1 ] DEBUG AssetLoader          - Loading from cache: /assets/textures/wall.png@20.0x20.0
11:27:36.806 [FXGL Background Thread 1 ] DEBUG AssetLoader          - Loading from cache: /assets/textures/wall.png@20.0x20.0
11:27:36.807 [FXGL Background Thread 1 ] DEBUG AssetLoader          - Loading from cache: /assets/textures/wall.png@20.0x20.0
11:27:36.807 [FXGL Background Thread 1 ] DEBUG AssetLoader          - Loading from cache: /assets/textures/wall.png@20.0x20.0
11:27:36.808 [FXGL Background Thread 1 ] DEBUG AssetLoader          - Loading from cache: /assets/textures/wall.png@20.0x20.0
11:27:36.808 [FXGL Background Thread 1 ] DEBUG AssetLoader          - Loading from cache: /assets/textures/wall.png@20.0x20.0
11:27:36.808 [FXGL Background Thread 1 ] DEBUG AssetLoader          - Loading from cache: /assets/textures/wall.png@20.0x20.0
11:27:36.809 [FXGL Background Thread 1 ] DEBUG AssetLoader          - Loading from cache: /assets/textures/wall.png@20.0x20.0
11:27:36.809 [FXGL Background Thread 1 ] DEBUG AssetLoader          - Loading from cache: /assets/textures/wall.png@20.0x20.0
11:27:36.810 [FXGL Background Thread 1 ] DEBUG AssetLoader          - Loading from cache: /assets/textures/wall.png@20.0x20.0
11:27:36.810 [FXGL Background Thread 1 ] DEBUG AssetLoader          - Loading from cache: /assets/textures/wall.png@20.0x20.0
11:27:36.810 [FXGL Background Thread 1 ] DEBUG AssetLoader          - Loading from cache: /assets/textures/wall.png@20.0x20.0
11:27:36.811 [FXGL Background Thread 1 ] DEBUG AssetLoader          - Loading from cache: /assets/textures/wall.png@20.0x20.0
11:27:36.811 [FXGL Background Thread 1 ] DEBUG AssetLoader          - Loading from cache: /assets/textures/wall.png@20.0x20.0
11:27:36.812 [FXGL Background Thread 1 ] DEBUG AssetLoader          - Loading from cache: /assets/textures/wall.png@20.0x20.0
11:27:36.812 [FXGL Background Thread 1 ] DEBUG AssetLoader          - Loading from cache: /assets/textures/wall.png@20.0x20.0
11:27:36.812 [FXGL Background Thread 1 ] DEBUG AssetLoader          - Loading from cache: /assets/textures/wall.png@20.0x20.0
11:27:36.813 [FXGL Background Thread 1 ] DEBUG AssetLoader          - Loading from cache: /assets/textures/wall.png@20.0x20.0
11:27:36.813 [FXGL Background Thread 1 ] DEBUG AssetLoader          - Loading from cache: /assets/textures/wall.png@20.0x20.0
11:27:36.813 [FXGL Background Thread 1 ] DEBUG AssetLoader          - Loading from cache: /assets/textures/wall.png@20.0x20.0
11:27:36.814 [FXGL Background Thread 1 ] DEBUG AssetLoader          - Loading from cache: /assets/textures/wall.png@20.0x20.0
11:27:36.814 [FXGL Background Thread 1 ] DEBUG AssetLoader          - Loading from cache: /assets/textures/wall.png@20.0x20.0
11:27:36.815 [FXGL Background Thread 1 ] DEBUG AssetLoader          - Loading from cache: /assets/textures/wall.png@20.0x20.0
11:27:36.815 [FXGL Background Thread 1 ] DEBUG AssetLoader          - Loading from cache: /assets/textures/wall.png@20.0x20.0
11:27:36.815 [FXGL Background Thread 1 ] DEBUG AssetLoader          - Loading from cache: /assets/textures/wall.png@20.0x20.0
11:27:36.816 [FXGL Background Thread 1 ] DEBUG AssetLoader          - Loading from cache: /assets/textures/wall.png@20.0x20.0
11:27:36.816 [FXGL Background Thread 1 ] DEBUG AssetLoader          - Loading from cache: /assets/textures/wall.png@20.0x20.0
11:27:36.817 [FXGL Background Thread 1 ] DEBUG AssetLoader          - Loading from cache: /assets/textures/wall.png@20.0x20.0
11:27:36.817 [FXGL Background Thread 1 ] DEBUG AssetLoader          - Loading from cache: /assets/textures/wall.png@20.0x20.0
11:27:36.817 [FXGL Background Thread 1 ] DEBUG AssetLoader          - Loading from cache: /assets/textures/wall.png@20.0x20.0
11:27:36.818 [FXGL Background Thread 1 ] DEBUG AssetLoader          - Loading from cache: /assets/textures/wall.png@20.0x20.0
11:27:36.818 [FXGL Background Thread 1 ] DEBUG AssetLoader          - Loading from cache: /assets/textures/wall.png@20.0x20.0
11:27:36.819 [FXGL Background Thread 1 ] DEBUG AssetLoader          - Loading from cache: /assets/textures/wall.png@20.0x20.0
11:27:36.819 [FXGL Background Thread 1 ] DEBUG AssetLoader          - Loading from cache: /assets/textures/wall.png@20.0x20.0
11:27:36.819 [FXGL Background Thread 1 ] DEBUG AssetLoader          - Loading from cache: /assets/textures/wall.png@20.0x20.0
11:27:36.820 [FXGL Background Thread 1 ] DEBUG AssetLoader          - Loading from cache: /assets/textures/wall.png@20.0x20.0
11:27:36.820 [FXGL Background Thread 1 ] DEBUG AssetLoader          - Loading from cache: /assets/textures/wall.png@20.0x20.0
11:27:36.820 [FXGL Background Thread 1 ] DEBUG AssetLoader          - Loading from cache: /assets/textures/wall.png@20.0x20.0
11:27:36.821 [FXGL Background Thread 1 ] DEBUG AssetLoader          - Loading from cache: /assets/textures/wall.png@20.0x20.0
11:27:36.821 [FXGL Background Thread 1 ] DEBUG AssetLoader          - Loading from cache: /assets/textures/wall.png@20.0x20.0
11:27:36.821 [FXGL Background Thread 1 ] DEBUG AssetLoader          - Loading from cache: /assets/textures/wall.png@20.0x20.0
11:27:36.822 [FXGL Background Thread 1 ] DEBUG AssetLoader          - Loading from cache: /assets/textures/wall.png@20.0x20.0
11:27:36.822 [FXGL Background Thread 1 ] DEBUG AssetLoader          - Loading from cache: /assets/textures/wall.png@20.0x20.0
11:27:36.823 [FXGL Background Thread 1 ] DEBUG AssetLoader          - Loading from cache: /assets/textures/wall.png@20.0x20.0
11:27:36.823 [FXGL Background Thread 1 ] DEBUG AssetLoader          - Loading from cache: /assets/textures/wall.png@20.0x20.0
11:27:36.823 [FXGL Background Thread 1 ] DEBUG AssetLoader          - Loading from cache: /assets/textures/wall.png@20.0x20.0
11:27:36.824 [FXGL Background Thread 1 ] DEBUG AssetLoader          - Loading from cache: /assets/textures/wall.png@20.0x20.0
11:27:36.824 [FXGL Background Thread 1 ] DEBUG AssetLoader          - Loading from cache: /assets/textures/wall.png@20.0x20.0
11:27:36.825 [FXGL Background Thread 1 ] DEBUG AssetLoader          - Loading from cache: /assets/textures/wall.png@20.0x20.0
11:27:36.825 [FXGL Background Thread 1 ] DEBUG AssetLoader          - Loading from cache: /assets/textures/wall.png@20.0x20.0
11:27:36.825 [FXGL Background Thread 1 ] DEBUG AssetLoader          - Loading from cache: /assets/textures/wall.png@20.0x20.0
11:27:36.826 [FXGL Background Thread 1 ] DEBUG AssetLoader          - Loading from cache: /assets/textures/wall.png@20.0x20.0
11:27:36.826 [FXGL Background Thread 1 ] DEBUG AssetLoader          - Loading from cache: /assets/textures/wall.png@20.0x20.0
11:27:36.826 [FXGL Background Thread 1 ] DEBUG AssetLoader          - Loading from cache: /assets/textures/wall.png@20.0x20.0
11:27:36.827 [FXGL Background Thread 1 ] DEBUG AssetLoader          - Loading from cache: /assets/textures/wall.png@20.0x20.0
11:27:36.827 [FXGL Background Thread 1 ] DEBUG AssetLoader          - Loading from cache: /assets/textures/wall.png@20.0x20.0
11:27:36.828 [FXGL Background Thread 1 ] DEBUG AssetLoader          - Loading from cache: /assets/textures/wall.png@20.0x20.0
11:27:36.828 [FXGL Background Thread 1 ] DEBUG AssetLoader          - Loading from cache: /assets/textures/wall.png@20.0x20.0
11:27:36.828 [FXGL Background Thread 1 ] DEBUG AssetLoader          - Loading from cache: /assets/textures/wall.png@20.0x20.0
11:27:36.828 [FXGL Background Thread 1 ] DEBUG AssetLoader          - Loading from cache: /assets/textures/wall.png@20.0x20.0
11:27:36.829 [FXGL Background Thread 1 ] DEBUG AssetLoader          - Loading from cache: /assets/textures/wall.png@20.0x20.0
11:27:36.829 [FXGL Background Thread 1 ] DEBUG AssetLoader          - Loading from cache: /assets/textures/wall.png@20.0x20.0
11:27:36.829 [FXGL Background Thread 1 ] DEBUG AssetLoader          - Loading from cache: /assets/textures/wall.png@20.0x20.0
11:27:36.830 [FXGL Background Thread 1 ] DEBUG AssetLoader          - Loading from cache: /assets/textures/wall.png@20.0x20.0
11:27:36.830 [FXGL Background Thread 1 ] DEBUG AssetLoader          - Loading from cache: /assets/textures/wall.png@20.0x20.0
11:27:36.830 [FXGL Background Thread 1 ] DEBUG AssetLoader          - Loading from cache: /assets/textures/wall.png@20.0x20.0
11:27:36.831 [FXGL Background Thread 1 ] DEBUG AssetLoader          - Loading from cache: /assets/textures/wall.png@20.0x20.0
11:27:36.831 [FXGL Background Thread 1 ] DEBUG AssetLoader          - Loading from cache: /assets/textures/wall.png@20.0x20.0
11:27:36.831 [FXGL Background Thread 1 ] DEBUG AssetLoader          - Loading from cache: /assets/textures/wall.png@20.0x20.0
11:27:36.832 [FXGL Background Thread 1 ] DEBUG AssetLoader          - Loading from cache: /assets/textures/wall.png@20.0x20.0
11:27:36.832 [FXGL Background Thread 1 ] DEBUG AssetLoader          - Loading from cache: /assets/textures/wall.png@20.0x20.0
11:27:36.832 [FXGL Background Thread 1 ] DEBUG AssetLoader          - Loading from cache: /assets/textures/wall.png@20.0x20.0
11:27:36.833 [FXGL Background Thread 1 ] DEBUG AssetLoader          - Loading from cache: /assets/textures/wall.png@20.0x20.0
11:27:36.833 [FXGL Background Thread 1 ] DEBUG AssetLoader          - Loading from cache: /assets/textures/wall.png@20.0x20.0
11:27:36.833 [FXGL Background Thread 1 ] DEBUG AssetLoader          - Loading from cache: /assets/textures/wall.png@20.0x20.0
11:27:36.834 [FXGL Background Thread 1 ] DEBUG AssetLoader          - Loading from cache: /assets/textures/wall.png@20.0x20.0
11:27:36.834 [FXGL Background Thread 1 ] DEBUG AssetLoader          - Loading from cache: /assets/textures/wall.png@20.0x20.0
11:27:36.834 [FXGL Background Thread 1 ] DEBUG AssetLoader          - Loading from cache: /assets/textures/wall.png@20.0x20.0
11:27:36.835 [FXGL Background Thread 1 ] DEBUG AssetLoader          - Loading from cache: /assets/textures/wall.png@20.0x20.0
11:27:36.835 [FXGL Background Thread 1 ] DEBUG AssetLoader          - Loading from cache: /assets/textures/wall.png@20.0x20.0
11:27:36.835 [FXGL Background Thread 1 ] DEBUG AssetLoader          - Loading from cache: /assets/textures/wall.png@20.0x20.0
11:27:36.835 [FXGL Background Thread 1 ] DEBUG AssetLoader          - Loading from cache: /assets/textures/wall.png@20.0x20.0
11:27:36.836 [FXGL Background Thread 1 ] DEBUG AssetLoader          - Loading from cache: /assets/textures/wall.png@20.0x20.0
11:27:36.836 [FXGL Background Thread 1 ] DEBUG AssetLoader          - Loading from cache: /assets/textures/wall.png@20.0x20.0
11:27:36.836 [FXGL Background Thread 1 ] DEBUG AssetLoader          - Loading from cache: /assets/textures/wall.png@20.0x20.0
11:27:36.837 [FXGL Background Thread 1 ] DEBUG AssetLoader          - Loading from cache: /assets/textures/wall.png@20.0x20.0
11:27:36.837 [FXGL Background Thread 1 ] DEBUG AssetLoader          - Loading from cache: /assets/textures/wall.png@20.0x20.0
11:27:36.837 [FXGL Background Thread 1 ] DEBUG AssetLoader          - Loading from cache: /assets/textures/wall.png@20.0x20.0
11:27:36.838 [FXGL Background Thread 1 ] DEBUG AssetLoader          - Loading from cache: /assets/textures/wall.png@20.0x20.0
11:27:36.838 [FXGL Background Thread 1 ] DEBUG AssetLoader          - Loading from cache: /assets/textures/wall.png@20.0x20.0
11:27:36.838 [FXGL Background Thread 1 ] DEBUG AssetLoader          - Loading from cache: /assets/textures/wall.png@20.0x20.0
11:27:36.839 [FXGL Background Thread 1 ] DEBUG AssetLoader          - Loading from cache: /assets/textures/wall.png@20.0x20.0
11:27:36.839 [FXGL Background Thread 1 ] DEBUG AssetLoader          - Loading from cache: /assets/textures/wall.png@20.0x20.0
11:27:36.839 [FXGL Background Thread 1 ] DEBUG AssetLoader          - Loading from cache: /assets/textures/wall.png@20.0x20.0
11:27:36.840 [FXGL Background Thread 1 ] DEBUG AssetLoader          - Loading from cache: /assets/textures/wall.png@20.0x20.0
11:27:36.840 [FXGL Background Thread 1 ] DEBUG AssetLoader          - Loading from cache: /assets/textures/wall.png@20.0x20.0
11:27:36.840 [FXGL Background Thread 1 ] DEBUG AssetLoader          - Loading from cache: /assets/textures/wall.png@20.0x20.0
11:27:36.841 [FXGL Background Thread 1 ] DEBUG AssetLoader          - Loading from cache: /assets/textures/wall.png@20.0x20.0
11:27:36.841 [FXGL Background Thread 1 ] DEBUG AssetLoader          - Loading from cache: /assets/textures/wall.png@20.0x20.0
11:27:36.841 [FXGL Background Thread 1 ] DEBUG AssetLoader          - Loading from cache: /assets/textures/wall.png@20.0x20.0
11:27:36.842 [FXGL Background Thread 1 ] DEBUG AssetLoader          - Loading from cache: /assets/textures/wall.png@20.0x20.0
11:27:36.842 [FXGL Background Thread 1 ] DEBUG AssetLoader          - Loading from cache: /assets/textures/wall.png@20.0x20.0
11:27:36.842 [FXGL Background Thread 1 ] DEBUG AssetLoader          - Loading from cache: /assets/textures/wall.png@20.0x20.0
11:27:36.842 [FXGL Background Thread 1 ] DEBUG AssetLoader          - Loading from cache: /assets/textures/wall.png@20.0x20.0
11:27:36.843 [FXGL Background Thread 1 ] DEBUG AssetLoader          - Loading from cache: /assets/textures/wall.png@20.0x20.0
11:27:36.843 [FXGL Background Thread 1 ] DEBUG AssetLoader          - Loading from cache: /assets/textures/wall.png@20.0x20.0
11:27:36.843 [FXGL Background Thread 1 ] DEBUG AssetLoader          - Loading from cache: /assets/textures/wall.png@20.0x20.0
11:27:36.844 [FXGL Background Thread 1 ] DEBUG AssetLoader          - Loading from cache: /assets/textures/wall.png@20.0x20.0
11:27:36.844 [FXGL Background Thread 1 ] DEBUG AssetLoader          - Loading from cache: /assets/textures/wall.png@20.0x20.0
11:27:36.844 [FXGL Background Thread 1 ] DEBUG AssetLoader          - Loading from cache: /assets/textures/wall.png@20.0x20.0
11:27:36.844 [FXGL Background Thread 1 ] DEBUG AssetLoader          - Loading from cache: /assets/textures/wall.png@20.0x20.0
11:27:36.845 [FXGL Background Thread 1 ] DEBUG AssetLoader          - Loading from cache: /assets/textures/wall.png@20.0x20.0
11:27:36.845 [FXGL Background Thread 1 ] DEBUG AssetLoader          - Loading from cache: /assets/textures/wall.png@20.0x20.0
11:27:36.845 [FXGL Background Thread 1 ] DEBUG AssetLoader          - Loading from cache: /assets/textures/wall.png@20.0x20.0
11:27:36.846 [FXGL Background Thread 1 ] DEBUG AssetLoader          - Loading from cache: /assets/textures/wall.png@20.0x20.0
11:27:36.846 [FXGL Background Thread 1 ] DEBUG AssetLoader          - Loading from cache: /assets/textures/wall.png@20.0x20.0
11:27:36.846 [FXGL Background Thread 1 ] DEBUG AssetLoader          - Loading from cache: /assets/textures/wall.png@20.0x20.0
11:27:36.846 [FXGL Background Thread 1 ] DEBUG AssetLoader          - Loading from cache: /assets/textures/wall.png@20.0x20.0
11:27:36.847 [FXGL Background Thread 1 ] DEBUG AssetLoader          - Loading from cache: /assets/textures/wall.png@20.0x20.0
11:27:36.847 [FXGL Background Thread 1 ] DEBUG AssetLoader          - Loading from cache: /assets/textures/wall.png@20.0x20.0
11:27:36.847 [FXGL Background Thread 1 ] DEBUG AssetLoader          - Loading from cache: /assets/textures/wall.png@20.0x20.0
11:27:36.848 [FXGL Background Thread 1 ] DEBUG AssetLoader          - Loading from cache: /assets/textures/wall.png@20.0x20.0
11:27:36.848 [FXGL Background Thread 1 ] DEBUG AssetLoader          - Loading from cache: /assets/textures/wall.png@20.0x20.0
11:27:36.848 [FXGL Background Thread 1 ] DEBUG AssetLoader          - Loading from cache: /assets/textures/wall.png@20.0x20.0
11:27:36.848 [FXGL Background Thread 1 ] DEBUG AssetLoader          - Loading from cache: /assets/textures/wall.png@20.0x20.0
11:27:36.849 [FXGL Background Thread 1 ] DEBUG AssetLoader          - Loading from cache: /assets/textures/wall.png@20.0x20.0
11:27:36.849 [FXGL Background Thread 1 ] DEBUG AssetLoader          - Loading from cache: /assets/textures/wall.png@20.0x20.0
11:27:36.849 [FXGL Background Thread 1 ] DEBUG AssetLoader          - Loading from cache: /assets/textures/wall.png@20.0x20.0
11:27:36.850 [FXGL Background Thread 1 ] DEBUG AssetLoader          - Loading from cache: /assets/textures/wall.png@20.0x20.0
11:27:36.850 [FXGL Background Thread 1 ] DEBUG AssetLoader          - Loading from cache: /assets/textures/wall.png@20.0x20.0
11:27:36.850 [FXGL Background Thread 1 ] DEBUG AssetLoader          - Loading from cache: /assets/textures/wall.png@20.0x20.0
11:27:36.850 [FXGL Background Thread 1 ] DEBUG AssetLoader          - Loading from cache: /assets/textures/wall.png@20.0x20.0
11:27:36.851 [FXGL Background Thread 1 ] DEBUG AssetLoader          - Loading from cache: /assets/textures/wall.png@20.0x20.0
11:27:36.851 [FXGL Background Thread 1 ] DEBUG AssetLoader          - Loading from cache: /assets/textures/wall.png@20.0x20.0
11:27:36.851 [FXGL Background Thread 1 ] DEBUG AssetLoader          - Loading from cache: /assets/textures/wall.png@20.0x20.0
11:27:36.851 [FXGL Background Thread 1 ] DEBUG AssetLoader          - Loading from cache: /assets/textures/wall.png@20.0x20.0
11:27:36.852 [FXGL Background Thread 1 ] DEBUG AssetLoader          - Loading from cache: /assets/textures/wall.png@20.0x20.0
11:27:36.852 [FXGL Background Thread 1 ] DEBUG AssetLoader          - Loading from cache: /assets/textures/wall.png@20.0x20.0
11:27:36.852 [FXGL Background Thread 1 ] DEBUG AssetLoader          - Loading from cache: /assets/textures/wall.png@20.0x20.0
11:27:36.853 [FXGL Background Thread 1 ] DEBUG AssetLoader          - Loading from cache: /assets/textures/wall.png@20.0x20.0
11:27:36.853 [FXGL Background Thread 1 ] DEBUG AssetLoader          - Loading from cache: /assets/textures/wall.png@20.0x20.0
11:27:36.853 [FXGL Background Thread 1 ] DEBUG AssetLoader          - Loading from cache: /assets/textures/wall.png@20.0x20.0
11:27:36.853 [FXGL Background Thread 1 ] DEBUG AssetLoader          - Loading from cache: /assets/textures/wall.png@20.0x20.0
11:27:36.854 [FXGL Background Thread 1 ] DEBUG AssetLoader          - Loading from cache: /assets/textures/wall.png@20.0x20.0
11:27:36.854 [FXGL Background Thread 1 ] DEBUG AssetLoader          - Loading from cache: /assets/textures/wall.png@20.0x20.0
11:27:36.854 [FXGL Background Thread 1 ] DEBUG AssetLoader          - Loading from cache: /assets/textures/wall.png@20.0x20.0
11:27:36.854 [FXGL Background Thread 1 ] DEBUG AssetLoader          - Loading from cache: /assets/textures/wall.png@20.0x20.0
11:27:36.855 [FXGL Background Thread 1 ] DEBUG AssetLoader          - Loading from cache: /assets/textures/wall.png@20.0x20.0
11:27:36.855 [FXGL Background Thread 1 ] DEBUG AssetLoader          - Loading from cache: /assets/textures/wall.png@20.0x20.0
11:27:36.855 [FXGL Background Thread 1 ] DEBUG AssetLoader          - Loading from cache: /assets/textures/wall.png@20.0x20.0
11:27:36.855 [FXGL Background Thread 1 ] DEBUG AssetLoader          - Loading from cache: /assets/textures/wall.png@20.0x20.0
11:27:36.856 [FXGL Background Thread 1 ] DEBUG AssetLoader          - Loading from cache: /assets/textures/wall.png@20.0x20.0
11:27:36.856 [FXGL Background Thread 1 ] DEBUG AssetLoader          - Loading from cache: /assets/textures/wall.png@20.0x20.0
11:27:36.856 [FXGL Background Thread 1 ] DEBUG AssetLoader          - Loading from cache: /assets/textures/wall.png@20.0x20.0
11:27:36.857 [FXGL Background Thread 1 ] DEBUG AssetLoader          - Loading from cache: /assets/textures/wall.png@20.0x20.0
11:27:36.857 [FXGL Background Thread 1 ] DEBUG AssetLoader          - Loading from cache: /assets/textures/wall.png@20.0x20.0
11:27:36.857 [FXGL Background Thread 1 ] DEBUG AssetLoader          - Loading from cache: /assets/textures/wall.png@20.0x20.0
11:27:36.857 [FXGL Background Thread 1 ] DEBUG AssetLoader          - Loading from cache: /assets/textures/wall.png@20.0x20.0
11:27:36.858 [FXGL Background Thread 1 ] DEBUG AssetLoader          - Loading from cache: /assets/textures/wall.png@20.0x20.0
11:27:36.858 [FXGL Background Thread 1 ] DEBUG AssetLoader          - Loading from cache: /assets/textures/wall.png@20.0x20.0
11:27:36.858 [FXGL Background Thread 1 ] DEBUG AssetLoader          - Loading from cache: /assets/textures/wall.png@20.0x20.0
11:27:36.858 [FXGL Background Thread 1 ] DEBUG AssetLoader          - Loading from cache: /assets/textures/wall.png@20.0x20.0
11:27:36.859 [FXGL Background Thread 1 ] DEBUG AssetLoader          - Loading from cache: /assets/textures/wall.png@20.0x20.0
11:27:36.859 [FXGL Background Thread 1 ] DEBUG AssetLoader          - Loading from cache: /assets/textures/wall.png@20.0x20.0
11:27:36.859 [FXGL Background Thread 1 ] DEBUG AssetLoader          - Loading from cache: /assets/textures/wall.png@20.0x20.0
11:27:36.859 [FXGL Background Thread 1 ] DEBUG AssetLoader          - Loading from cache: /assets/textures/wall.png@20.0x20.0
11:27:36.860 [FXGL Background Thread 1 ] DEBUG AssetLoader          - Loading from cache: /assets/textures/wall.png@20.0x20.0
11:27:36.860 [FXGL Background Thread 1 ] DEBUG AssetLoader          - Loading from cache: /assets/textures/wall.png@20.0x20.0
11:27:36.860 [FXGL Background Thread 1 ] DEBUG AssetLoader          - Loading from cache: /assets/textures/wall.png@20.0x20.0
11:27:36.860 [FXGL Background Thread 1 ] DEBUG AssetLoader          - Loading from cache: /assets/textures/wall.png@20.0x20.0
11:27:36.861 [FXGL Background Thread 1 ] DEBUG AssetLoader          - Loading from cache: /assets/textures/wall.png@20.0x20.0
11:27:36.861 [FXGL Background Thread 1 ] DEBUG AssetLoader          - Loading from cache: /assets/textures/wall.png@20.0x20.0
11:27:36.861 [FXGL Background Thread 1 ] DEBUG AssetLoader          - Loading from cache: /assets/textures/wall.png@20.0x20.0
11:27:36.862 [FXGL Background Thread 1 ] DEBUG AssetLoader          - Loading from cache: /assets/textures/wall.png@20.0x20.0
11:27:36.862 [FXGL Background Thread 1 ] DEBUG AssetLoader          - Loading from cache: /assets/textures/wall.png@20.0x20.0
11:27:36.862 [FXGL Background Thread 1 ] DEBUG AssetLoader          - Loading from cache: /assets/textures/wall.png@20.0x20.0
11:27:36.862 [FXGL Background Thread 1 ] DEBUG AssetLoader          - Loading from cache: /assets/textures/wall.png@20.0x20.0
11:27:36.863 [FXGL Background Thread 1 ] DEBUG AssetLoader          - Loading from cache: /assets/textures/wall.png@20.0x20.0
11:27:36.863 [FXGL Background Thread 1 ] DEBUG AssetLoader          - Loading from cache: /assets/textures/wall.png@20.0x20.0
11:27:36.863 [FXGL Background Thread 1 ] DEBUG AssetLoader          - Loading from cache: /assets/textures/wall.png@20.0x20.0
11:27:36.863 [FXGL Background Thread 1 ] DEBUG AssetLoader          - Loading from cache: /assets/textures/wall.png@20.0x20.0
11:27:36.864 [FXGL Background Thread 1 ] DEBUG AssetLoader          - Loading from cache: /assets/textures/wall.png@20.0x20.0
11:27:36.864 [FXGL Background Thread 1 ] DEBUG AssetLoader          - Loading from cache: /assets/textures/wall.png@20.0x20.0
11:27:36.864 [FXGL Background Thread 1 ] DEBUG AssetLoader          - Loading from cache: /assets/textures/wall.png@20.0x20.0
11:27:36.865 [FXGL Background Thread 1 ] DEBUG AssetLoader          - Loading from cache: /assets/textures/wall.png@20.0x20.0
11:27:36.865 [FXGL Background Thread 1 ] DEBUG AssetLoader          - Loading from cache: /assets/textures/wall.png@20.0x20.0
11:27:36.865 [FXGL Background Thread 1 ] DEBUG AssetLoader          - Loading from cache: /assets/textures/wall.png@20.0x20.0
11:27:36.865 [FXGL Background Thread 1 ] DEBUG AssetLoader          - Loading from cache: /assets/textures/wall.png@20.0x20.0
11:27:36.866 [FXGL Background Thread 1 ] DEBUG AssetLoader          - Loading from cache: /assets/textures/wall.png@20.0x20.0
11:27:36.866 [FXGL Background Thread 1 ] DEBUG AssetLoader          - Loading from cache: /assets/textures/wall.png@20.0x20.0
11:27:36.866 [FXGL Background Thread 1 ] DEBUG AssetLoader          - Loading from cache: /assets/textures/wall.png@20.0x20.0
11:27:36.866 [FXGL Background Thread 1 ] DEBUG AssetLoader          - Loading from cache: /assets/textures/wall.png@20.0x20.0
11:27:36.867 [FXGL Background Thread 1 ] DEBUG AssetLoader          - Loading from cache: /assets/textures/wall.png@20.0x20.0
11:27:36.867 [FXGL Background Thread 1 ] DEBUG AssetLoader          - Loading from cache: /assets/textures/wall.png@20.0x20.0
11:27:36.867 [FXGL Background Thread 1 ] DEBUG AssetLoader          - Loading from cache: /assets/textures/wall.png@20.0x20.0
11:27:36.867 [FXGL Background Thread 1 ] DEBUG AssetLoader          - Loading from cache: /assets/textures/wall.png@20.0x20.0
11:27:36.868 [FXGL Background Thread 1 ] DEBUG AssetLoader          - Loading from cache: /assets/textures/wall.png@20.0x20.0
11:27:36.868 [FXGL Background Thread 1 ] DEBUG AssetLoader          - Loading from cache: /assets/textures/wall.png@20.0x20.0
11:27:36.868 [FXGL Background Thread 1 ] DEBUG AssetLoader          - Loading from cache: /assets/textures/wall.png@20.0x20.0
11:27:36.868 [FXGL Background Thread 1 ] DEBUG AssetLoader          - Loading from cache: /assets/textures/wall.png@20.0x20.0
11:27:36.868 [FXGL Background Thread 1 ] DEBUG AssetLoader          - Loading from cache: /assets/textures/wall.png@20.0x20.0
11:27:36.869 [FXGL Background Thread 1 ] DEBUG AssetLoader          - Loading from cache: /assets/textures/wall.png@20.0x20.0
11:27:36.869 [FXGL Background Thread 1 ] DEBUG AssetLoader          - Loading from cache: /assets/textures/wall.png@20.0x20.0
11:27:36.869 [FXGL Background Thread 1 ] DEBUG AssetLoader          - Loading from cache: /assets/textures/wall.png@20.0x20.0
11:27:36.869 [FXGL Background Thread 1 ] DEBUG AssetLoader          - Loading from cache: /assets/textures/wall.png@20.0x20.0
11:27:36.870 [FXGL Background Thread 1 ] DEBUG AssetLoader          - Loading from cache: /assets/textures/wall.png@20.0x20.0
11:27:36.870 [FXGL Background Thread 1 ] DEBUG AssetLoader          - Loading from cache: /assets/textures/wall.png@20.0x20.0
11:27:36.870 [FXGL Background Thread 1 ] DEBUG AssetLoader          - Loading from cache: /assets/textures/wall.png@20.0x20.0
11:27:36.870 [FXGL Background Thread 1 ] DEBUG AssetLoader          - Loading from cache: /assets/textures/wall.png@20.0x20.0
11:27:36.871 [FXGL Background Thread 1 ] DEBUG AssetLoader          - Loading from cache: /assets/textures/wall.png@20.0x20.0
11:27:36.871 [FXGL Background Thread 1 ] DEBUG AssetLoader          - Loading from cache: /assets/textures/wall.png@20.0x20.0
11:27:36.871 [FXGL Background Thread 1 ] DEBUG AssetLoader          - Loading from cache: /assets/textures/wall.png@20.0x20.0
11:27:36.871 [FXGL Background Thread 1 ] DEBUG AssetLoader          - Loading from cache: /assets/textures/wall.png@20.0x20.0
11:27:36.872 [FXGL Background Thread 1 ] DEBUG AssetLoader          - Loading from cache: /assets/textures/wall.png@20.0x20.0
11:27:36.872 [FXGL Background Thread 1 ] DEBUG AssetLoader          - Loading from cache: /assets/textures/wall.png@20.0x20.0
11:27:36.872 [FXGL Background Thread 1 ] DEBUG AssetLoader          - Loading from cache: /assets/textures/wall.png@20.0x20.0
11:27:36.872 [FXGL Background Thread 1 ] DEBUG AssetLoader          - Loading from cache: /assets/textures/wall.png@20.0x20.0
11:27:36.873 [FXGL Background Thread 1 ] DEBUG AssetLoader          - Loading from cache: /assets/textures/wall.png@20.0x20.0
11:27:36.873 [FXGL Background Thread 1 ] DEBUG AssetLoader          - Loading from cache: /assets/textures/wall.png@20.0x20.0
11:27:36.873 [FXGL Background Thread 1 ] DEBUG AssetLoader          - Loading from cache: /assets/textures/wall.png@20.0x20.0
11:27:36.873 [FXGL Background Thread 1 ] DEBUG AssetLoader          - Loading from cache: /assets/textures/wall.png@20.0x20.0
11:27:36.874 [FXGL Background Thread 1 ] DEBUG AssetLoader          - Loading from cache: /assets/textures/wall.png@20.0x20.0
11:27:36.874 [FXGL Background Thread 1 ] DEBUG AssetLoader          - Loading from cache: /assets/textures/wall.png@20.0x20.0
11:27:36.874 [FXGL Background Thread 1 ] DEBUG AssetLoader          - Loading from cache: /assets/textures/wall.png@20.0x20.0
11:27:36.874 [FXGL Background Thread 1 ] DEBUG AssetLoader          - Loading from cache: /assets/textures/wall.png@20.0x20.0
11:27:36.874 [FXGL Background Thread 1 ] DEBUG AssetLoader          - Loading from cache: /assets/textures/wall.png@20.0x20.0
11:27:36.875 [FXGL Background Thread 1 ] DEBUG AssetLoader          - Loading from cache: /assets/textures/wall.png@20.0x20.0
11:27:36.875 [FXGL Background Thread 1 ] DEBUG AssetLoader          - Loading from cache: /assets/textures/wall.png@20.0x20.0
11:27:36.875 [FXGL Background Thread 1 ] DEBUG AssetLoader          - Loading from cache: /assets/textures/wall.png@20.0x20.0
11:27:36.875 [FXGL Background Thread 1 ] DEBUG AssetLoader          - Loading from cache: /assets/textures/wall.png@20.0x20.0
11:27:36.876 [FXGL Background Thread 1 ] DEBUG AssetLoader          - Loading from cache: /assets/textures/wall.png@20.0x20.0
11:27:36.876 [FXGL Background Thread 1 ] DEBUG AssetLoader          - Loading from cache: /assets/textures/wall.png@20.0x20.0
11:27:36.876 [FXGL Background Thread 1 ] DEBUG AssetLoader          - Loading from cache: /assets/textures/wall.png@20.0x20.0
11:27:36.876 [FXGL Background Thread 1 ] DEBUG AssetLoader          - Loading from cache: /assets/textures/wall.png@20.0x20.0
11:27:36.877 [FXGL Background Thread 1 ] DEBUG AssetLoader          - Loading from cache: /assets/textures/wall.png@20.0x20.0
11:27:36.877 [FXGL Background Thread 1 ] DEBUG AssetLoader          - Loading from cache: /assets/textures/wall.png@20.0x20.0
11:27:36.877 [FXGL Background Thread 1 ] DEBUG AssetLoader          - Loading from cache: /assets/textures/wall.png@20.0x20.0
11:27:36.877 [FXGL Background Thread 1 ] DEBUG AssetLoader          - Loading from cache: /assets/textures/wall.png@20.0x20.0
11:27:36.878 [FXGL Background Thread 1 ] DEBUG AssetLoader          - Loading from cache: /assets/textures/wall.png@20.0x20.0
11:27:36.878 [FXGL Background Thread 1 ] DEBUG AssetLoader          - Loading from cache: /assets/textures/wall.png@20.0x20.0
11:27:36.878 [FXGL Background Thread 1 ] DEBUG AssetLoader          - Loading from cache: /assets/textures/wall.png@20.0x20.0
11:27:36.878 [FXGL Background Thread 1 ] DEBUG AssetLoader          - Loading from cache: /assets/textures/wall.png@20.0x20.0
11:27:36.878 [FXGL Background Thread 1 ] DEBUG AssetLoader          - Loading from cache: /assets/textures/wall.png@20.0x20.0
11:27:36.879 [FXGL Background Thread 1 ] DEBUG AssetLoader          - Loading from cache: /assets/textures/wall.png@20.0x20.0
11:27:36.879 [FXGL Background Thread 1 ] DEBUG AssetLoader          - Loading from cache: /assets/textures/wall.png@20.0x20.0
11:27:36.879 [FXGL Background Thread 1 ] DEBUG AssetLoader          - Loading from cache: /assets/textures/wall.png@20.0x20.0
11:27:36.879 [FXGL Background Thread 1 ] DEBUG AssetLoader          - Loading from cache: /assets/textures/wall.png@20.0x20.0
11:27:36.880 [FXGL Background Thread 1 ] DEBUG AssetLoader          - Loading from cache: /assets/textures/wall.png@20.0x20.0
11:27:36.880 [FXGL Background Thread 1 ] DEBUG AssetLoader          - Loading from cache: /assets/textures/wall.png@20.0x20.0
11:27:36.880 [FXGL Background Thread 1 ] DEBUG AssetLoader          - Loading from cache: /assets/textures/wall.png@20.0x20.0
11:27:36.880 [FXGL Background Thread 1 ] DEBUG AssetLoader          - Loading from cache: /assets/textures/wall.png@20.0x20.0
11:27:36.881 [FXGL Background Thread 1 ] DEBUG AssetLoader          - Loading from cache: /assets/textures/wall.png@20.0x20.0
11:27:36.881 [FXGL Background Thread 1 ] DEBUG AssetLoader          - Loading from cache: /assets/textures/wall.png@20.0x20.0
11:27:36.881 [FXGL Background Thread 1 ] DEBUG AssetLoader          - Loading from cache: /assets/textures/wall.png@20.0x20.0
11:27:36.881 [FXGL Background Thread 1 ] DEBUG AssetLoader          - Loading from cache: /assets/textures/wall.png@20.0x20.0
11:27:36.882 [FXGL Background Thread 1 ] DEBUG AssetLoader          - Loading from cache: /assets/textures/wall.png@20.0x20.0
11:27:36.882 [FXGL Background Thread 1 ] DEBUG AssetLoader          - Loading from cache: /assets/textures/wall.png@20.0x20.0
11:27:36.882 [FXGL Background Thread 1 ] DEBUG AssetLoader          - Loading from cache: /assets/textures/wall.png@20.0x20.0
11:27:36.882 [FXGL Background Thread 1 ] DEBUG AssetLoader          - Loading from cache: /assets/textures/wall.png@20.0x20.0
11:27:36.882 [FXGL Background Thread 1 ] DEBUG AssetLoader          - Loading from cache: /assets/textures/wall.png@20.0x20.0
11:27:36.883 [FXGL Background Thread 1 ] DEBUG AssetLoader          - Loading from cache: /assets/textures/wall.png@20.0x20.0
11:27:36.883 [FXGL Background Thread 1 ] DEBUG AssetLoader          - Loading from cache: /assets/textures/wall.png@20.0x20.0
11:27:36.883 [FXGL Background Thread 1 ] DEBUG AssetLoader          - Loading from cache: /assets/textures/wall.png@20.0x20.0
11:27:36.883 [FXGL Background Thread 1 ] DEBUG AssetLoader          - Loading from cache: /assets/textures/wall.png@20.0x20.0
11:27:36.884 [FXGL Background Thread 1 ] DEBUG AssetLoader          - Loading from cache: /assets/textures/wall.png@20.0x20.0
11:27:36.884 [FXGL Background Thread 1 ] DEBUG AssetLoader          - Loading from cache: /assets/textures/wall.png@20.0x20.0
11:27:36.884 [FXGL Background Thread 1 ] DEBUG AssetLoader          - Loading from cache: /assets/textures/wall.png@20.0x20.0
11:27:36.884 [FXGL Background Thread 1 ] DEBUG AssetLoader          - Loading from cache: /assets/textures/wall.png@20.0x20.0
11:27:36.884 [FXGL Background Thread 1 ] DEBUG AssetLoader          - Loading from cache: /assets/textures/wall.png@20.0x20.0
11:27:36.885 [FXGL Background Thread 1 ] DEBUG AssetLoader          - Loading from cache: /assets/textures/wall.png@20.0x20.0
11:27:36.885 [FXGL Background Thread 1 ] DEBUG AssetLoader          - Loading from cache: /assets/textures/wall.png@20.0x20.0
11:27:36.885 [FXGL Background Thread 1 ] DEBUG AssetLoader          - Loading from cache: /assets/textures/wall.png@20.0x20.0
11:27:36.885 [FXGL Background Thread 1 ] DEBUG AssetLoader          - Loading from cache: /assets/textures/wall.png@20.0x20.0
11:27:36.886 [FXGL Background Thread 1 ] DEBUG AssetLoader          - Loading from cache: /assets/textures/wall.png@20.0x20.0
11:27:36.886 [FXGL Background Thread 1 ] DEBUG AssetLoader          - Loading from cache: /assets/textures/wall.png@20.0x20.0
11:27:36.886 [FXGL Background Thread 1 ] DEBUG AssetLoader          - Loading from cache: /assets/textures/wall.png@20.0x20.0
11:27:36.886 [FXGL Background Thread 1 ] DEBUG AssetLoader          - Loading from cache: /assets/textures/wall.png@20.0x20.0
11:27:36.887 [FXGL Background Thread 1 ] DEBUG AssetLoader          - Loading from cache: /assets/textures/wall.png@20.0x20.0
11:27:36.887 [FXGL Background Thread 1 ] DEBUG AssetLoader          - Loading from cache: /assets/textures/wall.png@20.0x20.0
11:27:36.887 [FXGL Background Thread 1 ] DEBUG AssetLoader          - Loading from cache: /assets/textures/wall.png@20.0x20.0
11:27:36.887 [FXGL Background Thread 1 ] DEBUG AssetLoader          - Loading from cache: /assets/textures/wall.png@20.0x20.0
11:27:36.887 [FXGL Background Thread 1 ] DEBUG AssetLoader          - Loading from cache: /assets/textures/wall.png@20.0x20.0
11:27:36.888 [FXGL Background Thread 1 ] DEBUG AssetLoader          - Loading from cache: /assets/textures/wall.png@20.0x20.0
11:27:36.888 [FXGL Background Thread 1 ] DEBUG AssetLoader          - Loading from cache: /assets/textures/wall.png@20.0x20.0
11:27:36.888 [FXGL Background Thread 1 ] DEBUG AssetLoader          - Loading from cache: /assets/textures/wall.png@20.0x20.0
11:27:36.888 [FXGL Background Thread 1 ] DEBUG AssetLoader          - Loading from cache: /assets/textures/wall.png@20.0x20.0
11:27:36.889 [FXGL Background Thread 1 ] DEBUG AssetLoader          - Loading from cache: /assets/textures/wall.png@20.0x20.0
11:27:36.889 [FXGL Background Thread 1 ] DEBUG AssetLoader          - Loading from cache: /assets/textures/wall.png@20.0x20.0
11:27:36.889 [FXGL Background Thread 1 ] DEBUG AssetLoader          - Loading from cache: /assets/textures/wall.png@20.0x20.0
11:27:36.889 [FXGL Background Thread 1 ] DEBUG AssetLoader          - Loading from cache: /assets/textures/wall.png@20.0x20.0
11:27:36.890 [FXGL Background Thread 1 ] DEBUG AssetLoader          - Loading from cache: /assets/textures/wall.png@20.0x20.0
11:27:36.890 [FXGL Background Thread 1 ] DEBUG AssetLoader          - Loading from cache: /assets/textures/wall.png@20.0x20.0
11:27:36.890 [FXGL Background Thread 1 ] DEBUG AssetLoader          - Loading from cache: /assets/textures/wall.png@20.0x20.0
11:27:36.890 [FXGL Background Thread 1 ] DEBUG AssetLoader          - Loading from cache: /assets/textures/wall.png@20.0x20.0
11:27:36.890 [FXGL Background Thread 1 ] DEBUG InitAppTask          - Initializing Physics
11:27:36.891 [FXGL Background Thread 1 ] DEBUG InitAppTask          - Initializing UI
11:27:36.891 [FXGL Background Thread 1 ] DEBUG AssetLoader          - Loading from disk: /assets/ui/main.fxml
11:27:36.977 [FXGL Background Thread 1 ] DEBUG InitAppTask          - Initialization Complete
11:27:36.977 [FXGL Background Thread 1 ] INFO  InitAppTask          - Game initialization took: 0.610 sec
11:27:36.982 [JavaFX Application Thread] DEBUG Input                - Clearing active input actions
11:27:37.016 [JavaFX Application Thread] DEBUG AppStateMachine      - LoadingState -> PlayState
11:27:39.951 [JavaFX Application Thread] DEBUG AssetLoader          - Loading from disk: /assets/textures/glassbrick.jpg
11:27:39.991 [JavaFX Application Thread] DEBUG AssetLoader          - Loading from disk: /assets/textures/woodenbrick.jpg
11:27:40.007 [JavaFX Application Thread] DEBUG AssetLoader          - Loading from cache: /assets/textures/woodenbrick.jpg@40.0x20.0
11:27:40.008 [JavaFX Application Thread] DEBUG AssetLoader          - Loading from cache: /assets/textures/woodenbrick.jpg@40.0x20.0
11:27:40.008 [JavaFX Application Thread] DEBUG AssetLoader          - Loading from disk: /assets/textures/metalbrick.jpg
11:27:40.023 [JavaFX Application Thread] DEBUG AssetLoader          - Loading from cache: /assets/textures/glassbrick.jpg@40.0x20.0
11:27:40.024 [JavaFX Application Thread] DEBUG AssetLoader          - Loading from cache: /assets/textures/glassbrick.jpg@40.0x20.0
11:27:40.024 [JavaFX Application Thread] DEBUG AssetLoader          - Loading from cache: /assets/textures/metalbrick.jpg@40.0x20.0
11:27:40.024 [JavaFX Application Thread] DEBUG AssetLoader          - Loading from cache: /assets/textures/glassbrick.jpg@40.0x20.0
11:27:40.024 [JavaFX Application Thread] DEBUG AssetLoader          - Loading from cache: /assets/textures/glassbrick.jpg@40.0x20.0
11:27:40.025 [JavaFX Application Thread] DEBUG AssetLoader          - Loading from cache: /assets/textures/metalbrick.jpg@40.0x20.0
11:27:40.025 [JavaFX Application Thread] DEBUG AssetLoader          - Loading from cache: /assets/textures/woodenbrick.jpg@40.0x20.0
11:27:40.025 [JavaFX Application Thread] DEBUG AssetLoader          - Loading from cache: /assets/textures/metalbrick.jpg@40.0x20.0
11:27:40.026 [JavaFX Application Thread] DEBUG AssetLoader          - Loading from cache: /assets/textures/glassbrick.jpg@40.0x20.0
11:27:41.063 [JavaFX Application Thread] DEBUG AssetLoader          - Loading from cache: /assets/textures/ball.gif@20.0x20.0
11:27:41.078 [JavaFX Application Thread] DEBUG AssetLoader          - Loading from cache: /assets/textures/ball.gif@20.0x20.0
11:27:41.094 [JavaFX Application Thread] DEBUG AssetLoader          - Loading from cache: /assets/textures/ball.gif@20.0x20.0
11:27:41.109 [JavaFX Application Thread] DEBUG AssetLoader          - Loading from cache: /assets/textures/ball.gif@20.0x20.0
11:27:41.125 [JavaFX Application Thread] DEBUG AssetLoader          - Loading from cache: /assets/textures/ball.gif@20.0x20.0
11:27:41.142 [JavaFX Application Thread] DEBUG AssetLoader          - Loading from cache: /assets/textures/ball.gif@20.0x20.0
11:27:41.158 [JavaFX Application Thread] DEBUG AssetLoader          - Loading from cache: /assets/textures/ball.gif@20.0x20.0
11:27:41.174 [JavaFX Application Thread] DEBUG AssetLoader          - Loading from cache: /assets/textures/ball.gif@20.0x20.0
11:27:41.190 [JavaFX Application Thread] DEBUG AssetLoader          - Loading from cache: /assets/textures/ball.gif@20.0x20.0
11:27:41.206 [JavaFX Application Thread] DEBUG AssetLoader          - Loading from cache: /assets/textures/ball.gif@20.0x20.0
11:27:41.221 [JavaFX Application Thread] DEBUG AssetLoader          - Loading from cache: /assets/textures/ball.gif@20.0x20.0
11:27:41.238 [JavaFX Application Thread] DEBUG AssetLoader          - Loading from cache: /assets/textures/ball.gif@20.0x20.0
11:27:41.253 [JavaFX Application Thread] DEBUG AssetLoader          - Loading from cache: /assets/textures/ball.gif@20.0x20.0
11:27:41.269 [JavaFX Application Thread] DEBUG AssetLoader          - Loading from cache: /assets/textures/ball.gif@20.0x20.0
11:27:41.286 [JavaFX Application Thread] DEBUG AssetLoader          - Loading from cache: /assets/textures/ball.gif@20.0x20.0
11:27:41.301 [JavaFX Application Thread] DEBUG AssetLoader          - Loading from cache: /assets/textures/ball.gif@20.0x20.0
11:27:41.318 [JavaFX Application Thread] DEBUG AssetLoader          - Loading from cache: /assets/textures/ball.gif@20.0x20.0
11:27:41.334 [JavaFX Application Thread] DEBUG AssetLoader          - Loading from cache: /assets/textures/ball.gif@20.0x20.0
11:27:41.350 [JavaFX Application Thread] DEBUG AssetLoader          - Loading from cache: /assets/textures/ball.gif@20.0x20.0
11:27:41.366 [JavaFX Application Thread] DEBUG AssetLoader          - Loading from cache: /assets/textures/ball.gif@20.0x20.0
11:27:41.382 [JavaFX Application Thread] DEBUG AssetLoader          - Loading from cache: /assets/textures/ball.gif@20.0x20.0
11:27:41.398 [JavaFX Application Thread] DEBUG AssetLoader          - Loading from cache: /assets/textures/ball.gif@20.0x20.0
11:27:41.429 [JavaFX Application Thread] DEBUG AssetLoader          - Loading from cache: /assets/textures/ball.gif@20.0x20.0
11:27:42.502 [JavaFX Application Thread] DEBUG AssetLoader          - Loading from cache: /assets/textures/ball.gif@20.0x20.0
11:27:43.030 [JavaFX Application Thread] DEBUG AssetLoader          - Loading from cache: /assets/textures/ball.gif@20.0x20.0
11:27:43.046 [JavaFX Application Thread] DEBUG AssetLoader          - Loading from cache: /assets/textures/ball.gif@20.0x20.0
11:27:43.061 [JavaFX Application Thread] DEBUG AssetLoader          - Loading from cache: /assets/textures/ball.gif@20.0x20.0
11:27:43.078 [JavaFX Application Thread] DEBUG AssetLoader          - Loading from cache: /assets/textures/ball.gif@20.0x20.0
11:27:43.094 [JavaFX Application Thread] DEBUG AssetLoader          - Loading from cache: /assets/textures/ball.gif@20.0x20.0
11:27:43.110 [JavaFX Application Thread] DEBUG AssetLoader          - Loading from cache: /assets/textures/ball.gif@20.0x20.0
11:27:43.125 [JavaFX Application Thread] DEBUG AssetLoader          - Loading from cache: /assets/textures/ball.gif@20.0x20.0
11:27:43.141 [JavaFX Application Thread] DEBUG AssetLoader          - Loading from cache: /assets/textures/ball.gif@20.0x20.0
11:27:43.158 [JavaFX Application Thread] DEBUG AssetLoader          - Loading from cache: /assets/textures/ball.gif@20.0x20.0
11:27:43.174 [JavaFX Application Thread] DEBUG AssetLoader          - Loading from cache: /assets/textures/ball.gif@20.0x20.0
11:27:43.190 [JavaFX Application Thread] DEBUG AssetLoader          - Loading from cache: /assets/textures/ball.gif@20.0x20.0
11:27:46.566 [JavaFX Application Thread] DEBUG AssetLoader          - Loading from cache: /assets/sounds/bat_ball.wav
11:27:48.230 [JavaFX Application Thread] DEBUG AssetLoader          - Loading from cache: /assets/sounds/brick_ball.wav
11:27:48.231 [JavaFX Application Thread] DEBUG AssetLoader          - Loading from cache: /assets/sounds/brick_broken.wav
11:27:49.925 [JavaFX Application Thread] DEBUG AssetLoader          - Loading from cache: /assets/sounds/bat_ball.wav
11:27:51.590 [JavaFX Application Thread] DEBUG AssetLoader          - Loading from cache: /assets/sounds/brick_ball.wav
11:27:52.701 [JavaFX Application Thread] DEBUG GameApplication      - Exiting game application
11:27:52.701 [JavaFX Application Thread] DEBUG GameApplication      - Shutting down background threads
11:27:52.701 [JavaFX Application Thread] DEBUG GameApplication      - Exiting FXGL
11:27:52.701 [JavaFX Application Thread] DEBUG FXGL                 - Saving FXGL system data
11:27:52.710 [JavaFX Application Thread] DEBUG DesktopFSService     - Writing to: system\fxgl.bundle
11:27:52.722 [JavaFX Application Thread] DEBUG GameApplication      - Closing logger and exiting JavaFX
