21:33:00.925 [JavaFX Application Thread] DEBUG GameApplication      - Logger initialized
21:33:00.931 [JavaFX Application Thread] DEBUG MainWindow           - Creating a JavaFX scene
21:33:00.999 [JavaFX Application Thread] DEBUG MainWindow           - Target settings size: 600.0 x 800.0
21:33:00.999 [JavaFX Application Thread] DEBUG MainWindow           - Scaled scene size:    600.0 x 800.0
21:33:00.999 [JavaFX Application Thread] DEBUG MainWindow           - Scaled ratio: (1.0, 1.0)
21:33:01.003 [JavaFX Application Thread] DEBUG GameApplication      - Starting FXGL
21:33:01.006 [JavaFX Application Thread] INFO  FXGL                 - FXGL-0.5.3-SNAPSHOT on DESKTOP
21:33:01.007 [JavaFX Application Thread] INFO  FXGL                 - Source code and latest versions at: https://github.com/AlmasB/FXGL
21:33:01.007 [JavaFX Application Thread] INFO  FXGL                 -              Join the FXGL chat at: https://gitter.im/AlmasB/FXGL
21:33:01.012 [JavaFX Application Thread] DEBUG FS                   - Loaded DesktopFSService
21:33:01.013 [JavaFX Application Thread] DEBUG FXGL                 - Loading FXGL system data
21:33:01.019 [JavaFX Application Thread] DEBUG DesktopFSService     - Reading from: system\fxgl.bundle
21:33:01.028 [JavaFX Application Thread] DEBUG Bundle               - Logging bundle: FXGL
21:33:01.029 [JavaFX Application Thread] DEBUG Bundle               - FXGL.offline.timer.version.check=2018-12-14T12:33:18.600
21:33:01.054 [JavaFX Application Thread] DEBUG GameApplication      - FXGL started
21:33:01.054 [JavaFX Application Thread] DEBUG GameApplication      - Logging game settings
Title: Breakout
Version: Pre-Alpha
Width: 600
Height: 800
Fullscreen: false
Intro: false
Menus: false
Profiling: false
Single step:false
App Mode: DEVELOPER
Menu Key: ESCAPE
Stage Style: DECORATED
Scene Factory: class com.almasb.fxgl.scene.SceneFactory
Dialog Factory: class com.almasb.fxgl.ui.FXGLDialogFactory
UI Factory: class com.almasb.fxgl.ui.FXGLUIFactory
Notification Service: class com.almasb.fxgl.gameplay.notification.XboxNotificationView
Exception Handler: class com.almasb.fxgl.app.FXGLExceptionHandler
21:33:01.061 [JavaFX Application Thread] DEBUG GameApplication      - Configuring GameApplication
21:33:01.061 [JavaFX Application Thread] DEBUG GameApplication      - Initializing state machine and application states
21:33:01.073 [JavaFX Application Thread] DEBUG AssetLoader          - Loading from disk: /assets/ui/cursors/fxgl_default.png
21:33:01.091 [JavaFX Application Thread] DEBUG AssetLoader          - Loading from disk: /assets/ui/cursors/fxgl_default.png
21:33:01.111 [JavaFX Application Thread] DEBUG FXGLAssets           - Loading FXGLAssets
21:33:01.139 [JavaFX Application Thread] DEBUG AssetLoader          - Loading from disk: /assets/ui/fonts/pixelmix.ttf
21:33:01.214 [JavaFX Application Thread] DEBUG AssetLoader          - Loading from disk: /assets/ui/fonts/lucida_console.ttf
21:33:01.218 [JavaFX Application Thread] DEBUG AssetLoader          - Loading from disk: /assets/ui/fonts/Courier-Prime.ttf
21:33:01.220 [JavaFX Application Thread] DEBUG AssetLoader          - Loading from disk: /assets/ui/fonts/Abel-Regular.ttf
21:33:01.222 [JavaFX Application Thread] DEBUG AssetLoader          - Loading from disk: /assets/ui/css/fxgl_dark.css
21:33:01.247 [JavaFX Application Thread] DEBUG AssetLoader          - Loading from disk: /assets/ui/cursors/fxgl_default.png
21:33:01.278 [JavaFX Application Thread] DEBUG AssetLoader          - Loading from disk: /assets/ui/cursors/fxgl_default.png
21:33:01.294 [JavaFX Application Thread] DEBUG GameScene            - Game scene initialized: 600x800
21:33:01.296 [JavaFX Application Thread] DEBUG GameWorld            - Game world initialized
21:33:01.333 [JavaFX Application Thread] DEBUG PhysicsWorld         - Physics world initialized: appHeight=800, physics.ppm=50.0
21:33:01.348 [JavaFX Application Thread] DEBUG Input                - Registered new binding: Pause - Esc
21:33:01.363 [JavaFX Application Thread] DEBUG Input                - Clearing active input actions
21:33:01.399 [JavaFX Application Thread] DEBUG AppStateMachine      - StartupState -> StartupState
21:33:01.403 [JavaFX Application Thread] INFO  GameApplication      - Game configuration took:  0.341 sec
21:33:01.404 [JavaFX Application Thread] DEBUG AssetLoader          - Loading from disk: /assets/textures/fxgl_icon.png
21:33:01.413 [JavaFX Application Thread] DEBUG MainWindow           - Opening main window
21:33:01.532 [JavaFX Application Thread] DEBUG MainWindow           - Window border size: (6.0, 29.0)
21:33:01.532 [JavaFX Application Thread] DEBUG MainWindow           - Scaled size: 600.0 x 800.0
21:33:01.532 [JavaFX Application Thread] DEBUG MainWindow           - Scaled ratio: (1.0, 1.0)
21:33:01.532 [JavaFX Application Thread] DEBUG MainWindow           - Scene size: 600.0 x 800.0
21:33:01.532 [JavaFX Application Thread] DEBUG MainWindow           - Stage size: 606.0 x 829.0
21:33:01.532 [JavaFX Application Thread] DEBUG GameApplication      - Running preInit()
21:33:01.534 [JavaFX Application Thread] DEBUG Input                - Registered new binding: Screenshot - P
21:33:01.534 [JavaFX Application Thread] DEBUG Input                - Registered new binding: Dev Options - CTRL+0
21:33:01.534 [JavaFX Application Thread] DEBUG Input                - Registered new binding: System info dump - CTRL+9
21:33:01.535 [JavaFX Application Thread] DEBUG Input                - Registered new binding: Restart - CTRL+R
21:33:01.535 [JavaFX Application Thread] DEBUG Input                - Registered new binding: Move Left - A
21:33:01.535 [JavaFX Application Thread] DEBUG Input                - Registered new binding: Move Right - D
21:33:01.535 [JavaFX Application Thread] DEBUG Input                - Registered new binding: Release Ball - Space
21:33:01.535 [JavaFX Application Thread] DEBUG Input                - Registered new binding: New Level - N
21:33:01.557 [JavaFX Application Thread] DEBUG GameApplication      - Starting main loop
21:33:01.559 [JavaFX Application Thread] DEBUG StartupState         - STARTUP
21:33:01.559 [JavaFX Application Thread] DEBUG GameApplication      - Starting new game
21:33:01.559 [JavaFX Application Thread] DEBUG Input                - Clearing active input actions
21:33:01.565 [JavaFX Application Thread] DEBUG AppStateMachine      - StartupState -> LoadingState
21:33:01.569 [FXGL Background Thread 1 ] DEBUG InitAppTask          - Clearing previous game
21:33:01.569 [FXGL Background Thread 1 ] DEBUG GameWorld            - Clearing game world
21:33:01.569 [FXGL Background Thread 1 ] DEBUG PhysicsWorld         - Clearing physics world
21:33:01.569 [FXGL Background Thread 1 ] DEBUG GameScene            - Clearing game scene
21:33:01.570 [FXGL Background Thread 1 ] DEBUG InitAppTask          - Initializing Game
21:33:01.654 [FXGL Background Thread 1 ] DEBUG AudioPlayer          - Playing music com.almasb.fxgl.audio.Music@48a3f5cb
21:33:01.678 [FXGL Background Thread 1 ] DEBUG AssetLoader          - Loading from disk: /assets/textures/back.png
21:33:01.704 [FXGL Background Thread 1 ] DEBUG GameScene            - Creating render group for layer: BACKGROUND(1000)
21:33:01.738 [FXGL Background Thread 1 ] DEBUG GameScene            - Creating render group for layer: DEFAULT(100000)
21:33:01.742 [FXGL Background Thread 1 ] DEBUG AssetLoader          - Loading from disk: /assets/textures/bat.gif
21:33:01.748 [FXGL Background Thread 1 ] DEBUG AssetLoader          - Loading from disk: /assets/textures/ball.gif
21:33:01.757 [FXGL Background Thread 1 ] DEBUG AssetLoader          - Loading from disk: /assets/textures/wall.png
21:33:01.759 [FXGL Background Thread 1 ] DEBUG AssetLoader          - Loading from cache: /assets/textures/wall.png@20.0x20.0
21:33:01.759 [FXGL Background Thread 1 ] DEBUG AssetLoader          - Loading from cache: /assets/textures/wall.png@20.0x20.0
21:33:01.760 [FXGL Background Thread 1 ] DEBUG AssetLoader          - Loading from cache: /assets/textures/wall.png@20.0x20.0
21:33:01.760 [FXGL Background Thread 1 ] DEBUG AssetLoader          - Loading from cache: /assets/textures/wall.png@20.0x20.0
21:33:01.761 [FXGL Background Thread 1 ] DEBUG AssetLoader          - Loading from cache: /assets/textures/wall.png@20.0x20.0
21:33:01.762 [FXGL Background Thread 1 ] DEBUG AssetLoader          - Loading from cache: /assets/textures/wall.png@20.0x20.0
21:33:01.763 [FXGL Background Thread 1 ] DEBUG AssetLoader          - Loading from cache: /assets/textures/wall.png@20.0x20.0
21:33:01.766 [FXGL Background Thread 1 ] DEBUG AssetLoader          - Loading from cache: /assets/textures/wall.png@20.0x20.0
21:33:01.767 [FXGL Background Thread 1 ] DEBUG AssetLoader          - Loading from cache: /assets/textures/wall.png@20.0x20.0
21:33:01.767 [FXGL Background Thread 1 ] DEBUG AssetLoader          - Loading from cache: /assets/textures/wall.png@20.0x20.0
21:33:01.768 [FXGL Background Thread 1 ] DEBUG AssetLoader          - Loading from cache: /assets/textures/wall.png@20.0x20.0
21:33:01.768 [FXGL Background Thread 1 ] DEBUG AssetLoader          - Loading from cache: /assets/textures/wall.png@20.0x20.0
21:33:01.769 [FXGL Background Thread 1 ] DEBUG AssetLoader          - Loading from cache: /assets/textures/wall.png@20.0x20.0
21:33:01.769 [FXGL Background Thread 1 ] DEBUG AssetLoader          - Loading from cache: /assets/textures/wall.png@20.0x20.0
21:33:01.770 [FXGL Background Thread 1 ] DEBUG AssetLoader          - Loading from cache: /assets/textures/wall.png@20.0x20.0
21:33:01.770 [FXGL Background Thread 1 ] DEBUG AssetLoader          - Loading from cache: /assets/textures/wall.png@20.0x20.0
21:33:01.771 [FXGL Background Thread 1 ] DEBUG AssetLoader          - Loading from cache: /assets/textures/wall.png@20.0x20.0
21:33:01.771 [FXGL Background Thread 1 ] DEBUG AssetLoader          - Loading from cache: /assets/textures/wall.png@20.0x20.0
21:33:01.772 [FXGL Background Thread 1 ] DEBUG AssetLoader          - Loading from cache: /assets/textures/wall.png@20.0x20.0
21:33:01.772 [FXGL Background Thread 1 ] DEBUG AssetLoader          - Loading from cache: /assets/textures/wall.png@20.0x20.0
21:33:01.773 [FXGL Background Thread 1 ] DEBUG AssetLoader          - Loading from cache: /assets/textures/wall.png@20.0x20.0
21:33:01.773 [FXGL Background Thread 1 ] DEBUG AssetLoader          - Loading from cache: /assets/textures/wall.png@20.0x20.0
21:33:01.774 [FXGL Background Thread 1 ] DEBUG AssetLoader          - Loading from cache: /assets/textures/wall.png@20.0x20.0
21:33:01.774 [FXGL Background Thread 1 ] DEBUG AssetLoader          - Loading from cache: /assets/textures/wall.png@20.0x20.0
21:33:01.775 [FXGL Background Thread 1 ] DEBUG AssetLoader          - Loading from cache: /assets/textures/wall.png@20.0x20.0
21:33:01.776 [FXGL Background Thread 1 ] DEBUG AssetLoader          - Loading from cache: /assets/textures/wall.png@20.0x20.0
21:33:01.776 [FXGL Background Thread 1 ] DEBUG AssetLoader          - Loading from cache: /assets/textures/wall.png@20.0x20.0
21:33:01.777 [FXGL Background Thread 1 ] DEBUG AssetLoader          - Loading from cache: /assets/textures/wall.png@20.0x20.0
21:33:01.777 [FXGL Background Thread 1 ] DEBUG AssetLoader          - Loading from cache: /assets/textures/wall.png@20.0x20.0
21:33:01.778 [FXGL Background Thread 1 ] DEBUG AssetLoader          - Loading from cache: /assets/textures/wall.png@20.0x20.0
21:33:01.778 [FXGL Background Thread 1 ] DEBUG AssetLoader          - Loading from cache: /assets/textures/wall.png@20.0x20.0
21:33:01.779 [FXGL Background Thread 1 ] DEBUG AssetLoader          - Loading from cache: /assets/textures/wall.png@20.0x20.0
21:33:01.779 [FXGL Background Thread 1 ] DEBUG AssetLoader          - Loading from cache: /assets/textures/wall.png@20.0x20.0
21:33:01.779 [FXGL Background Thread 1 ] DEBUG AssetLoader          - Loading from cache: /assets/textures/wall.png@20.0x20.0
21:33:01.780 [FXGL Background Thread 1 ] DEBUG AssetLoader          - Loading from cache: /assets/textures/wall.png@20.0x20.0
21:33:01.780 [FXGL Background Thread 1 ] DEBUG AssetLoader          - Loading from cache: /assets/textures/wall.png@20.0x20.0
21:33:01.781 [FXGL Background Thread 1 ] DEBUG AssetLoader          - Loading from cache: /assets/textures/wall.png@20.0x20.0
21:33:01.781 [FXGL Background Thread 1 ] DEBUG AssetLoader          - Loading from cache: /assets/textures/wall.png@20.0x20.0
21:33:01.782 [FXGL Background Thread 1 ] DEBUG AssetLoader          - Loading from cache: /assets/textures/wall.png@20.0x20.0
21:33:01.782 [FXGL Background Thread 1 ] DEBUG AssetLoader          - Loading from cache: /assets/textures/wall.png@20.0x20.0
21:33:01.783 [FXGL Background Thread 1 ] DEBUG AssetLoader          - Loading from cache: /assets/textures/wall.png@20.0x20.0
21:33:01.783 [FXGL Background Thread 1 ] DEBUG AssetLoader          - Loading from cache: /assets/textures/wall.png@20.0x20.0
21:33:01.784 [FXGL Background Thread 1 ] DEBUG AssetLoader          - Loading from cache: /assets/textures/wall.png@20.0x20.0
21:33:01.784 [FXGL Background Thread 1 ] DEBUG AssetLoader          - Loading from cache: /assets/textures/wall.png@20.0x20.0
21:33:01.785 [FXGL Background Thread 1 ] DEBUG AssetLoader          - Loading from cache: /assets/textures/wall.png@20.0x20.0
21:33:01.785 [FXGL Background Thread 1 ] DEBUG AssetLoader          - Loading from cache: /assets/textures/wall.png@20.0x20.0
21:33:01.786 [FXGL Background Thread 1 ] DEBUG AssetLoader          - Loading from cache: /assets/textures/wall.png@20.0x20.0
21:33:01.786 [FXGL Background Thread 1 ] DEBUG AssetLoader          - Loading from cache: /assets/textures/wall.png@20.0x20.0
21:33:01.787 [FXGL Background Thread 1 ] DEBUG AssetLoader          - Loading from cache: /assets/textures/wall.png@20.0x20.0
21:33:01.787 [FXGL Background Thread 1 ] DEBUG AssetLoader          - Loading from cache: /assets/textures/wall.png@20.0x20.0
21:33:01.788 [FXGL Background Thread 1 ] DEBUG AssetLoader          - Loading from cache: /assets/textures/wall.png@20.0x20.0
21:33:01.788 [FXGL Background Thread 1 ] DEBUG AssetLoader          - Loading from cache: /assets/textures/wall.png@20.0x20.0
21:33:01.788 [FXGL Background Thread 1 ] DEBUG AssetLoader          - Loading from cache: /assets/textures/wall.png@20.0x20.0
21:33:01.789 [FXGL Background Thread 1 ] DEBUG AssetLoader          - Loading from cache: /assets/textures/wall.png@20.0x20.0
21:33:01.789 [FXGL Background Thread 1 ] DEBUG AssetLoader          - Loading from cache: /assets/textures/wall.png@20.0x20.0
21:33:01.790 [FXGL Background Thread 1 ] DEBUG AssetLoader          - Loading from cache: /assets/textures/wall.png@20.0x20.0
21:33:01.790 [FXGL Background Thread 1 ] DEBUG AssetLoader          - Loading from cache: /assets/textures/wall.png@20.0x20.0
21:33:01.791 [FXGL Background Thread 1 ] DEBUG AssetLoader          - Loading from cache: /assets/textures/wall.png@20.0x20.0
21:33:01.791 [FXGL Background Thread 1 ] DEBUG AssetLoader          - Loading from cache: /assets/textures/wall.png@20.0x20.0
21:33:01.792 [FXGL Background Thread 1 ] DEBUG AssetLoader          - Loading from cache: /assets/textures/wall.png@20.0x20.0
21:33:01.792 [FXGL Background Thread 1 ] DEBUG AssetLoader          - Loading from cache: /assets/textures/wall.png@20.0x20.0
21:33:01.793 [FXGL Background Thread 1 ] DEBUG AssetLoader          - Loading from cache: /assets/textures/wall.png@20.0x20.0
21:33:01.793 [FXGL Background Thread 1 ] DEBUG AssetLoader          - Loading from cache: /assets/textures/wall.png@20.0x20.0
21:33:01.793 [FXGL Background Thread 1 ] DEBUG AssetLoader          - Loading from cache: /assets/textures/wall.png@20.0x20.0
21:33:01.794 [FXGL Background Thread 1 ] DEBUG AssetLoader          - Loading from cache: /assets/textures/wall.png@20.0x20.0
21:33:01.794 [FXGL Background Thread 1 ] DEBUG AssetLoader          - Loading from cache: /assets/textures/wall.png@20.0x20.0
21:33:01.795 [FXGL Background Thread 1 ] DEBUG AssetLoader          - Loading from cache: /assets/textures/wall.png@20.0x20.0
21:33:01.795 [FXGL Background Thread 1 ] DEBUG AssetLoader          - Loading from cache: /assets/textures/wall.png@20.0x20.0
21:33:01.796 [FXGL Background Thread 1 ] DEBUG AssetLoader          - Loading from cache: /assets/textures/wall.png@20.0x20.0
21:33:01.796 [FXGL Background Thread 1 ] DEBUG AssetLoader          - Loading from cache: /assets/textures/wall.png@20.0x20.0
21:33:01.797 [FXGL Background Thread 1 ] DEBUG AssetLoader          - Loading from cache: /assets/textures/wall.png@20.0x20.0
21:33:01.797 [FXGL Background Thread 1 ] DEBUG AssetLoader          - Loading from cache: /assets/textures/wall.png@20.0x20.0
21:33:01.797 [FXGL Background Thread 1 ] DEBUG AssetLoader          - Loading from cache: /assets/textures/wall.png@20.0x20.0
21:33:01.798 [FXGL Background Thread 1 ] DEBUG AssetLoader          - Loading from cache: /assets/textures/wall.png@20.0x20.0
21:33:01.798 [FXGL Background Thread 1 ] DEBUG AssetLoader          - Loading from cache: /assets/textures/wall.png@20.0x20.0
21:33:01.798 [FXGL Background Thread 1 ] DEBUG AssetLoader          - Loading from cache: /assets/textures/wall.png@20.0x20.0
21:33:01.798 [FXGL Background Thread 1 ] DEBUG AssetLoader          - Loading from cache: /assets/textures/wall.png@20.0x20.0
21:33:01.798 [FXGL Background Thread 1 ] DEBUG AssetLoader          - Loading from cache: /assets/textures/wall.png@20.0x20.0
21:33:01.799 [FXGL Background Thread 1 ] DEBUG AssetLoader          - Loading from cache: /assets/textures/wall.png@20.0x20.0
21:33:01.799 [FXGL Background Thread 1 ] DEBUG AssetLoader          - Loading from cache: /assets/textures/wall.png@20.0x20.0
21:33:01.800 [FXGL Background Thread 1 ] DEBUG AssetLoader          - Loading from cache: /assets/textures/wall.png@20.0x20.0
21:33:01.800 [FXGL Background Thread 1 ] DEBUG AssetLoader          - Loading from cache: /assets/textures/wall.png@20.0x20.0
21:33:01.800 [FXGL Background Thread 1 ] DEBUG AssetLoader          - Loading from cache: /assets/textures/wall.png@20.0x20.0
21:33:01.801 [FXGL Background Thread 1 ] DEBUG AssetLoader          - Loading from cache: /assets/textures/wall.png@20.0x20.0
21:33:01.801 [FXGL Background Thread 1 ] DEBUG AssetLoader          - Loading from cache: /assets/textures/wall.png@20.0x20.0
21:33:01.801 [FXGL Background Thread 1 ] DEBUG AssetLoader          - Loading from cache: /assets/textures/wall.png@20.0x20.0
21:33:01.802 [FXGL Background Thread 1 ] DEBUG AssetLoader          - Loading from cache: /assets/textures/wall.png@20.0x20.0
21:33:01.802 [FXGL Background Thread 1 ] DEBUG AssetLoader          - Loading from cache: /assets/textures/wall.png@20.0x20.0
21:33:01.803 [FXGL Background Thread 1 ] DEBUG AssetLoader          - Loading from cache: /assets/textures/wall.png@20.0x20.0
21:33:01.803 [FXGL Background Thread 1 ] DEBUG AssetLoader          - Loading from cache: /assets/textures/wall.png@20.0x20.0
21:33:01.803 [FXGL Background Thread 1 ] DEBUG AssetLoader          - Loading from cache: /assets/textures/wall.png@20.0x20.0
21:33:01.804 [FXGL Background Thread 1 ] DEBUG AssetLoader          - Loading from cache: /assets/textures/wall.png@20.0x20.0
21:33:01.804 [FXGL Background Thread 1 ] DEBUG AssetLoader          - Loading from cache: /assets/textures/wall.png@20.0x20.0
21:33:01.804 [FXGL Background Thread 1 ] DEBUG AssetLoader          - Loading from cache: /assets/textures/wall.png@20.0x20.0
21:33:01.805 [FXGL Background Thread 1 ] DEBUG AssetLoader          - Loading from cache: /assets/textures/wall.png@20.0x20.0
21:33:01.805 [FXGL Background Thread 1 ] DEBUG AssetLoader          - Loading from cache: /assets/textures/wall.png@20.0x20.0
21:33:01.806 [FXGL Background Thread 1 ] DEBUG AssetLoader          - Loading from cache: /assets/textures/wall.png@20.0x20.0
21:33:01.806 [FXGL Background Thread 1 ] DEBUG AssetLoader          - Loading from cache: /assets/textures/wall.png@20.0x20.0
21:33:01.806 [FXGL Background Thread 1 ] DEBUG AssetLoader          - Loading from cache: /assets/textures/wall.png@20.0x20.0
21:33:01.807 [FXGL Background Thread 1 ] DEBUG AssetLoader          - Loading from cache: /assets/textures/wall.png@20.0x20.0
21:33:01.807 [FXGL Background Thread 1 ] DEBUG AssetLoader          - Loading from cache: /assets/textures/wall.png@20.0x20.0
21:33:01.807 [FXGL Background Thread 1 ] DEBUG AssetLoader          - Loading from cache: /assets/textures/wall.png@20.0x20.0
21:33:01.808 [FXGL Background Thread 1 ] DEBUG AssetLoader          - Loading from cache: /assets/textures/wall.png@20.0x20.0
21:33:01.808 [FXGL Background Thread 1 ] DEBUG AssetLoader          - Loading from cache: /assets/textures/wall.png@20.0x20.0
21:33:01.808 [FXGL Background Thread 1 ] DEBUG AssetLoader          - Loading from cache: /assets/textures/wall.png@20.0x20.0
21:33:01.809 [FXGL Background Thread 1 ] DEBUG AssetLoader          - Loading from cache: /assets/textures/wall.png@20.0x20.0
21:33:01.809 [FXGL Background Thread 1 ] DEBUG AssetLoader          - Loading from cache: /assets/textures/wall.png@20.0x20.0
21:33:01.809 [FXGL Background Thread 1 ] DEBUG AssetLoader          - Loading from cache: /assets/textures/wall.png@20.0x20.0
21:33:01.810 [FXGL Background Thread 1 ] DEBUG AssetLoader          - Loading from cache: /assets/textures/wall.png@20.0x20.0
21:33:01.810 [FXGL Background Thread 1 ] DEBUG AssetLoader          - Loading from cache: /assets/textures/wall.png@20.0x20.0
21:33:01.810 [FXGL Background Thread 1 ] DEBUG AssetLoader          - Loading from cache: /assets/textures/wall.png@20.0x20.0
21:33:01.811 [FXGL Background Thread 1 ] DEBUG AssetLoader          - Loading from cache: /assets/textures/wall.png@20.0x20.0
21:33:01.811 [FXGL Background Thread 1 ] DEBUG AssetLoader          - Loading from cache: /assets/textures/wall.png@20.0x20.0
21:33:01.812 [FXGL Background Thread 1 ] DEBUG AssetLoader          - Loading from cache: /assets/textures/wall.png@20.0x20.0
21:33:01.812 [FXGL Background Thread 1 ] DEBUG AssetLoader          - Loading from cache: /assets/textures/wall.png@20.0x20.0
21:33:01.812 [FXGL Background Thread 1 ] DEBUG AssetLoader          - Loading from cache: /assets/textures/wall.png@20.0x20.0
21:33:01.813 [FXGL Background Thread 1 ] DEBUG AssetLoader          - Loading from cache: /assets/textures/wall.png@20.0x20.0
21:33:01.813 [FXGL Background Thread 1 ] DEBUG AssetLoader          - Loading from cache: /assets/textures/wall.png@20.0x20.0
21:33:01.813 [FXGL Background Thread 1 ] DEBUG AssetLoader          - Loading from cache: /assets/textures/wall.png@20.0x20.0
21:33:01.814 [FXGL Background Thread 1 ] DEBUG AssetLoader          - Loading from cache: /assets/textures/wall.png@20.0x20.0
21:33:01.814 [FXGL Background Thread 1 ] DEBUG AssetLoader          - Loading from cache: /assets/textures/wall.png@20.0x20.0
21:33:01.815 [FXGL Background Thread 1 ] DEBUG AssetLoader          - Loading from cache: /assets/textures/wall.png@20.0x20.0
21:33:01.815 [FXGL Background Thread 1 ] DEBUG AssetLoader          - Loading from cache: /assets/textures/wall.png@20.0x20.0
21:33:01.816 [FXGL Background Thread 1 ] DEBUG AssetLoader          - Loading from cache: /assets/textures/wall.png@20.0x20.0
21:33:01.816 [FXGL Background Thread 1 ] DEBUG AssetLoader          - Loading from cache: /assets/textures/wall.png@20.0x20.0
21:33:01.816 [FXGL Background Thread 1 ] DEBUG AssetLoader          - Loading from cache: /assets/textures/wall.png@20.0x20.0
21:33:01.817 [FXGL Background Thread 1 ] DEBUG AssetLoader          - Loading from cache: /assets/textures/wall.png@20.0x20.0
21:33:01.817 [FXGL Background Thread 1 ] DEBUG AssetLoader          - Loading from cache: /assets/textures/wall.png@20.0x20.0
21:33:01.817 [FXGL Background Thread 1 ] DEBUG AssetLoader          - Loading from cache: /assets/textures/wall.png@20.0x20.0
21:33:01.818 [FXGL Background Thread 1 ] DEBUG AssetLoader          - Loading from cache: /assets/textures/wall.png@20.0x20.0
21:33:01.818 [FXGL Background Thread 1 ] DEBUG AssetLoader          - Loading from cache: /assets/textures/wall.png@20.0x20.0
21:33:01.818 [FXGL Background Thread 1 ] DEBUG AssetLoader          - Loading from cache: /assets/textures/wall.png@20.0x20.0
21:33:01.819 [FXGL Background Thread 1 ] DEBUG AssetLoader          - Loading from cache: /assets/textures/wall.png@20.0x20.0
21:33:01.819 [FXGL Background Thread 1 ] DEBUG AssetLoader          - Loading from cache: /assets/textures/wall.png@20.0x20.0
21:33:01.819 [FXGL Background Thread 1 ] DEBUG AssetLoader          - Loading from cache: /assets/textures/wall.png@20.0x20.0
21:33:01.820 [FXGL Background Thread 1 ] DEBUG AssetLoader          - Loading from cache: /assets/textures/wall.png@20.0x20.0
21:33:01.820 [FXGL Background Thread 1 ] DEBUG AssetLoader          - Loading from cache: /assets/textures/wall.png@20.0x20.0
21:33:01.820 [FXGL Background Thread 1 ] DEBUG AssetLoader          - Loading from cache: /assets/textures/wall.png@20.0x20.0
21:33:01.821 [FXGL Background Thread 1 ] DEBUG AssetLoader          - Loading from cache: /assets/textures/wall.png@20.0x20.0
21:33:01.821 [FXGL Background Thread 1 ] DEBUG AssetLoader          - Loading from cache: /assets/textures/wall.png@20.0x20.0
21:33:01.821 [FXGL Background Thread 1 ] DEBUG AssetLoader          - Loading from cache: /assets/textures/wall.png@20.0x20.0
21:33:01.822 [FXGL Background Thread 1 ] DEBUG AssetLoader          - Loading from cache: /assets/textures/wall.png@20.0x20.0
21:33:01.822 [FXGL Background Thread 1 ] DEBUG AssetLoader          - Loading from cache: /assets/textures/wall.png@20.0x20.0
21:33:01.822 [FXGL Background Thread 1 ] DEBUG AssetLoader          - Loading from cache: /assets/textures/wall.png@20.0x20.0
21:33:01.823 [FXGL Background Thread 1 ] DEBUG AssetLoader          - Loading from cache: /assets/textures/wall.png@20.0x20.0
21:33:01.823 [FXGL Background Thread 1 ] DEBUG AssetLoader          - Loading from cache: /assets/textures/wall.png@20.0x20.0
21:33:01.823 [FXGL Background Thread 1 ] DEBUG AssetLoader          - Loading from cache: /assets/textures/wall.png@20.0x20.0
21:33:01.823 [FXGL Background Thread 1 ] DEBUG AssetLoader          - Loading from cache: /assets/textures/wall.png@20.0x20.0
21:33:01.824 [FXGL Background Thread 1 ] DEBUG AssetLoader          - Loading from cache: /assets/textures/wall.png@20.0x20.0
21:33:01.824 [FXGL Background Thread 1 ] DEBUG AssetLoader          - Loading from cache: /assets/textures/wall.png@20.0x20.0
21:33:01.824 [FXGL Background Thread 1 ] DEBUG AssetLoader          - Loading from cache: /assets/textures/wall.png@20.0x20.0
21:33:01.825 [FXGL Background Thread 1 ] DEBUG AssetLoader          - Loading from cache: /assets/textures/wall.png@20.0x20.0
21:33:01.825 [FXGL Background Thread 1 ] DEBUG AssetLoader          - Loading from cache: /assets/textures/wall.png@20.0x20.0
21:33:01.825 [FXGL Background Thread 1 ] DEBUG AssetLoader          - Loading from cache: /assets/textures/wall.png@20.0x20.0
21:33:01.826 [FXGL Background Thread 1 ] DEBUG AssetLoader          - Loading from cache: /assets/textures/wall.png@20.0x20.0
21:33:01.826 [FXGL Background Thread 1 ] DEBUG AssetLoader          - Loading from cache: /assets/textures/wall.png@20.0x20.0
21:33:01.826 [FXGL Background Thread 1 ] DEBUG AssetLoader          - Loading from cache: /assets/textures/wall.png@20.0x20.0
21:33:01.827 [FXGL Background Thread 1 ] DEBUG AssetLoader          - Loading from cache: /assets/textures/wall.png@20.0x20.0
21:33:01.827 [FXGL Background Thread 1 ] DEBUG AssetLoader          - Loading from cache: /assets/textures/wall.png@20.0x20.0
21:33:01.827 [FXGL Background Thread 1 ] DEBUG AssetLoader          - Loading from cache: /assets/textures/wall.png@20.0x20.0
21:33:01.827 [FXGL Background Thread 1 ] DEBUG AssetLoader          - Loading from cache: /assets/textures/wall.png@20.0x20.0
21:33:01.828 [FXGL Background Thread 1 ] DEBUG AssetLoader          - Loading from cache: /assets/textures/wall.png@20.0x20.0
21:33:01.828 [FXGL Background Thread 1 ] DEBUG AssetLoader          - Loading from cache: /assets/textures/wall.png@20.0x20.0
21:33:01.828 [FXGL Background Thread 1 ] DEBUG AssetLoader          - Loading from cache: /assets/textures/wall.png@20.0x20.0
21:33:01.829 [FXGL Background Thread 1 ] DEBUG AssetLoader          - Loading from cache: /assets/textures/wall.png@20.0x20.0
21:33:01.829 [FXGL Background Thread 1 ] DEBUG AssetLoader          - Loading from cache: /assets/textures/wall.png@20.0x20.0
21:33:01.829 [FXGL Background Thread 1 ] DEBUG AssetLoader          - Loading from cache: /assets/textures/wall.png@20.0x20.0
21:33:01.830 [FXGL Background Thread 1 ] DEBUG AssetLoader          - Loading from cache: /assets/textures/wall.png@20.0x20.0
21:33:01.830 [FXGL Background Thread 1 ] DEBUG AssetLoader          - Loading from cache: /assets/textures/wall.png@20.0x20.0
21:33:01.831 [FXGL Background Thread 1 ] DEBUG AssetLoader          - Loading from cache: /assets/textures/wall.png@20.0x20.0
21:33:01.831 [FXGL Background Thread 1 ] DEBUG AssetLoader          - Loading from cache: /assets/textures/wall.png@20.0x20.0
21:33:01.831 [FXGL Background Thread 1 ] DEBUG AssetLoader          - Loading from cache: /assets/textures/wall.png@20.0x20.0
21:33:01.832 [FXGL Background Thread 1 ] DEBUG AssetLoader          - Loading from cache: /assets/textures/wall.png@20.0x20.0
21:33:01.832 [FXGL Background Thread 1 ] DEBUG AssetLoader          - Loading from cache: /assets/textures/wall.png@20.0x20.0
21:33:01.832 [FXGL Background Thread 1 ] DEBUG AssetLoader          - Loading from cache: /assets/textures/wall.png@20.0x20.0
21:33:01.832 [FXGL Background Thread 1 ] DEBUG AssetLoader          - Loading from cache: /assets/textures/wall.png@20.0x20.0
21:33:01.833 [FXGL Background Thread 1 ] DEBUG AssetLoader          - Loading from cache: /assets/textures/wall.png@20.0x20.0
21:33:01.833 [FXGL Background Thread 1 ] DEBUG AssetLoader          - Loading from cache: /assets/textures/wall.png@20.0x20.0
21:33:01.833 [FXGL Background Thread 1 ] DEBUG AssetLoader          - Loading from cache: /assets/textures/wall.png@20.0x20.0
21:33:01.834 [FXGL Background Thread 1 ] DEBUG AssetLoader          - Loading from cache: /assets/textures/wall.png@20.0x20.0
21:33:01.834 [FXGL Background Thread 1 ] DEBUG AssetLoader          - Loading from cache: /assets/textures/wall.png@20.0x20.0
21:33:01.834 [FXGL Background Thread 1 ] DEBUG AssetLoader          - Loading from cache: /assets/textures/wall.png@20.0x20.0
21:33:01.835 [FXGL Background Thread 1 ] DEBUG AssetLoader          - Loading from cache: /assets/textures/wall.png@20.0x20.0
21:33:01.835 [FXGL Background Thread 1 ] DEBUG AssetLoader          - Loading from cache: /assets/textures/wall.png@20.0x20.0
21:33:01.835 [FXGL Background Thread 1 ] DEBUG AssetLoader          - Loading from cache: /assets/textures/wall.png@20.0x20.0
21:33:01.835 [FXGL Background Thread 1 ] DEBUG AssetLoader          - Loading from cache: /assets/textures/wall.png@20.0x20.0
21:33:01.836 [FXGL Background Thread 1 ] DEBUG AssetLoader          - Loading from cache: /assets/textures/wall.png@20.0x20.0
21:33:01.836 [FXGL Background Thread 1 ] DEBUG AssetLoader          - Loading from cache: /assets/textures/wall.png@20.0x20.0
21:33:01.836 [FXGL Background Thread 1 ] DEBUG AssetLoader          - Loading from cache: /assets/textures/wall.png@20.0x20.0
21:33:01.837 [FXGL Background Thread 1 ] DEBUG AssetLoader          - Loading from cache: /assets/textures/wall.png@20.0x20.0
21:33:01.837 [FXGL Background Thread 1 ] DEBUG AssetLoader          - Loading from cache: /assets/textures/wall.png@20.0x20.0
21:33:01.837 [FXGL Background Thread 1 ] DEBUG AssetLoader          - Loading from cache: /assets/textures/wall.png@20.0x20.0
21:33:01.837 [FXGL Background Thread 1 ] DEBUG AssetLoader          - Loading from cache: /assets/textures/wall.png@20.0x20.0
21:33:01.838 [FXGL Background Thread 1 ] DEBUG AssetLoader          - Loading from cache: /assets/textures/wall.png@20.0x20.0
21:33:01.838 [FXGL Background Thread 1 ] DEBUG AssetLoader          - Loading from cache: /assets/textures/wall.png@20.0x20.0
21:33:01.838 [FXGL Background Thread 1 ] DEBUG AssetLoader          - Loading from cache: /assets/textures/wall.png@20.0x20.0
21:33:01.839 [FXGL Background Thread 1 ] DEBUG AssetLoader          - Loading from cache: /assets/textures/wall.png@20.0x20.0
21:33:01.839 [FXGL Background Thread 1 ] DEBUG AssetLoader          - Loading from cache: /assets/textures/wall.png@20.0x20.0
21:33:01.839 [FXGL Background Thread 1 ] DEBUG AssetLoader          - Loading from cache: /assets/textures/wall.png@20.0x20.0
21:33:01.839 [FXGL Background Thread 1 ] DEBUG AssetLoader          - Loading from cache: /assets/textures/wall.png@20.0x20.0
21:33:01.840 [FXGL Background Thread 1 ] DEBUG AssetLoader          - Loading from cache: /assets/textures/wall.png@20.0x20.0
21:33:01.840 [FXGL Background Thread 1 ] DEBUG AssetLoader          - Loading from cache: /assets/textures/wall.png@20.0x20.0
21:33:01.840 [FXGL Background Thread 1 ] DEBUG AssetLoader          - Loading from cache: /assets/textures/wall.png@20.0x20.0
21:33:01.840 [FXGL Background Thread 1 ] DEBUG AssetLoader          - Loading from cache: /assets/textures/wall.png@20.0x20.0
21:33:01.841 [FXGL Background Thread 1 ] DEBUG AssetLoader          - Loading from cache: /assets/textures/wall.png@20.0x20.0
21:33:01.841 [FXGL Background Thread 1 ] DEBUG AssetLoader          - Loading from cache: /assets/textures/wall.png@20.0x20.0
21:33:01.841 [FXGL Background Thread 1 ] DEBUG AssetLoader          - Loading from cache: /assets/textures/wall.png@20.0x20.0
21:33:01.842 [FXGL Background Thread 1 ] DEBUG AssetLoader          - Loading from cache: /assets/textures/wall.png@20.0x20.0
21:33:01.842 [FXGL Background Thread 1 ] DEBUG AssetLoader          - Loading from cache: /assets/textures/wall.png@20.0x20.0
21:33:01.842 [FXGL Background Thread 1 ] DEBUG AssetLoader          - Loading from cache: /assets/textures/wall.png@20.0x20.0
21:33:01.843 [FXGL Background Thread 1 ] DEBUG AssetLoader          - Loading from cache: /assets/textures/wall.png@20.0x20.0
21:33:01.843 [FXGL Background Thread 1 ] DEBUG AssetLoader          - Loading from cache: /assets/textures/wall.png@20.0x20.0
21:33:01.843 [FXGL Background Thread 1 ] DEBUG AssetLoader          - Loading from cache: /assets/textures/wall.png@20.0x20.0
21:33:01.843 [FXGL Background Thread 1 ] DEBUG AssetLoader          - Loading from cache: /assets/textures/wall.png@20.0x20.0
21:33:01.844 [FXGL Background Thread 1 ] DEBUG AssetLoader          - Loading from cache: /assets/textures/wall.png@20.0x20.0
21:33:01.844 [FXGL Background Thread 1 ] DEBUG AssetLoader          - Loading from cache: /assets/textures/wall.png@20.0x20.0
21:33:01.844 [FXGL Background Thread 1 ] DEBUG AssetLoader          - Loading from cache: /assets/textures/wall.png@20.0x20.0
21:33:01.845 [FXGL Background Thread 1 ] DEBUG AssetLoader          - Loading from cache: /assets/textures/wall.png@20.0x20.0
21:33:01.845 [FXGL Background Thread 1 ] DEBUG AssetLoader          - Loading from cache: /assets/textures/wall.png@20.0x20.0
21:33:01.845 [FXGL Background Thread 1 ] DEBUG AssetLoader          - Loading from cache: /assets/textures/wall.png@20.0x20.0
21:33:01.846 [FXGL Background Thread 1 ] DEBUG AssetLoader          - Loading from cache: /assets/textures/wall.png@20.0x20.0
21:33:01.846 [FXGL Background Thread 1 ] DEBUG AssetLoader          - Loading from cache: /assets/textures/wall.png@20.0x20.0
21:33:01.846 [FXGL Background Thread 1 ] DEBUG AssetLoader          - Loading from cache: /assets/textures/wall.png@20.0x20.0
21:33:01.846 [FXGL Background Thread 1 ] DEBUG AssetLoader          - Loading from cache: /assets/textures/wall.png@20.0x20.0
21:33:01.847 [FXGL Background Thread 1 ] DEBUG AssetLoader          - Loading from cache: /assets/textures/wall.png@20.0x20.0
21:33:01.847 [FXGL Background Thread 1 ] DEBUG AssetLoader          - Loading from cache: /assets/textures/wall.png@20.0x20.0
21:33:01.847 [FXGL Background Thread 1 ] DEBUG AssetLoader          - Loading from cache: /assets/textures/wall.png@20.0x20.0
21:33:01.847 [FXGL Background Thread 1 ] DEBUG AssetLoader          - Loading from cache: /assets/textures/wall.png@20.0x20.0
21:33:01.848 [FXGL Background Thread 1 ] DEBUG AssetLoader          - Loading from cache: /assets/textures/wall.png@20.0x20.0
21:33:01.848 [FXGL Background Thread 1 ] DEBUG AssetLoader          - Loading from cache: /assets/textures/wall.png@20.0x20.0
21:33:01.848 [FXGL Background Thread 1 ] DEBUG AssetLoader          - Loading from cache: /assets/textures/wall.png@20.0x20.0
21:33:01.848 [FXGL Background Thread 1 ] DEBUG AssetLoader          - Loading from cache: /assets/textures/wall.png@20.0x20.0
21:33:01.849 [FXGL Background Thread 1 ] DEBUG AssetLoader          - Loading from cache: /assets/textures/wall.png@20.0x20.0
21:33:01.849 [FXGL Background Thread 1 ] DEBUG AssetLoader          - Loading from cache: /assets/textures/wall.png@20.0x20.0
21:33:01.849 [FXGL Background Thread 1 ] DEBUG AssetLoader          - Loading from cache: /assets/textures/wall.png@20.0x20.0
21:33:01.849 [FXGL Background Thread 1 ] DEBUG AssetLoader          - Loading from cache: /assets/textures/wall.png@20.0x20.0
21:33:01.850 [FXGL Background Thread 1 ] DEBUG AssetLoader          - Loading from cache: /assets/textures/wall.png@20.0x20.0
21:33:01.850 [FXGL Background Thread 1 ] DEBUG AssetLoader          - Loading from cache: /assets/textures/wall.png@20.0x20.0
21:33:01.850 [FXGL Background Thread 1 ] DEBUG AssetLoader          - Loading from cache: /assets/textures/wall.png@20.0x20.0
21:33:01.850 [FXGL Background Thread 1 ] DEBUG AssetLoader          - Loading from cache: /assets/textures/wall.png@20.0x20.0
21:33:01.851 [FXGL Background Thread 1 ] DEBUG AssetLoader          - Loading from cache: /assets/textures/wall.png@20.0x20.0
21:33:01.851 [FXGL Background Thread 1 ] DEBUG AssetLoader          - Loading from cache: /assets/textures/wall.png@20.0x20.0
21:33:01.851 [FXGL Background Thread 1 ] DEBUG AssetLoader          - Loading from cache: /assets/textures/wall.png@20.0x20.0
21:33:01.852 [FXGL Background Thread 1 ] DEBUG AssetLoader          - Loading from cache: /assets/textures/wall.png@20.0x20.0
21:33:01.852 [FXGL Background Thread 1 ] DEBUG AssetLoader          - Loading from cache: /assets/textures/wall.png@20.0x20.0
21:33:01.852 [FXGL Background Thread 1 ] DEBUG AssetLoader          - Loading from cache: /assets/textures/wall.png@20.0x20.0
21:33:01.852 [FXGL Background Thread 1 ] DEBUG AssetLoader          - Loading from cache: /assets/textures/wall.png@20.0x20.0
21:33:01.853 [FXGL Background Thread 1 ] DEBUG AssetLoader          - Loading from cache: /assets/textures/wall.png@20.0x20.0
21:33:01.853 [FXGL Background Thread 1 ] DEBUG AssetLoader          - Loading from cache: /assets/textures/wall.png@20.0x20.0
21:33:01.853 [FXGL Background Thread 1 ] DEBUG AssetLoader          - Loading from cache: /assets/textures/wall.png@20.0x20.0
21:33:01.854 [FXGL Background Thread 1 ] DEBUG AssetLoader          - Loading from cache: /assets/textures/wall.png@20.0x20.0
21:33:01.854 [FXGL Background Thread 1 ] DEBUG AssetLoader          - Loading from cache: /assets/textures/wall.png@20.0x20.0
21:33:01.854 [FXGL Background Thread 1 ] DEBUG AssetLoader          - Loading from cache: /assets/textures/wall.png@20.0x20.0
21:33:01.855 [FXGL Background Thread 1 ] DEBUG AssetLoader          - Loading from cache: /assets/textures/wall.png@20.0x20.0
21:33:01.855 [FXGL Background Thread 1 ] DEBUG AssetLoader          - Loading from cache: /assets/textures/wall.png@20.0x20.0
21:33:01.855 [FXGL Background Thread 1 ] DEBUG AssetLoader          - Loading from cache: /assets/textures/wall.png@20.0x20.0
21:33:01.855 [FXGL Background Thread 1 ] DEBUG AssetLoader          - Loading from cache: /assets/textures/wall.png@20.0x20.0
21:33:01.856 [FXGL Background Thread 1 ] DEBUG AssetLoader          - Loading from cache: /assets/textures/wall.png@20.0x20.0
21:33:01.856 [FXGL Background Thread 1 ] DEBUG AssetLoader          - Loading from cache: /assets/textures/wall.png@20.0x20.0
21:33:01.856 [FXGL Background Thread 1 ] DEBUG AssetLoader          - Loading from cache: /assets/textures/wall.png@20.0x20.0
21:33:01.856 [FXGL Background Thread 1 ] DEBUG AssetLoader          - Loading from cache: /assets/textures/wall.png@20.0x20.0
21:33:01.856 [FXGL Background Thread 1 ] DEBUG AssetLoader          - Loading from cache: /assets/textures/wall.png@20.0x20.0
21:33:01.857 [FXGL Background Thread 1 ] DEBUG AssetLoader          - Loading from cache: /assets/textures/wall.png@20.0x20.0
21:33:01.857 [FXGL Background Thread 1 ] DEBUG AssetLoader          - Loading from cache: /assets/textures/wall.png@20.0x20.0
21:33:01.857 [FXGL Background Thread 1 ] DEBUG AssetLoader          - Loading from cache: /assets/textures/wall.png@20.0x20.0
21:33:01.857 [FXGL Background Thread 1 ] DEBUG AssetLoader          - Loading from cache: /assets/textures/wall.png@20.0x20.0
21:33:01.858 [FXGL Background Thread 1 ] DEBUG AssetLoader          - Loading from cache: /assets/textures/wall.png@20.0x20.0
21:33:01.858 [FXGL Background Thread 1 ] DEBUG AssetLoader          - Loading from cache: /assets/textures/wall.png@20.0x20.0
21:33:01.858 [FXGL Background Thread 1 ] DEBUG AssetLoader          - Loading from cache: /assets/textures/wall.png@20.0x20.0
21:33:01.858 [FXGL Background Thread 1 ] DEBUG AssetLoader          - Loading from cache: /assets/textures/wall.png@20.0x20.0
21:33:01.859 [FXGL Background Thread 1 ] DEBUG AssetLoader          - Loading from cache: /assets/textures/wall.png@20.0x20.0
21:33:01.859 [FXGL Background Thread 1 ] DEBUG AssetLoader          - Loading from cache: /assets/textures/wall.png@20.0x20.0
21:33:01.859 [FXGL Background Thread 1 ] DEBUG AssetLoader          - Loading from cache: /assets/textures/wall.png@20.0x20.0
21:33:01.859 [FXGL Background Thread 1 ] DEBUG AssetLoader          - Loading from cache: /assets/textures/wall.png@20.0x20.0
21:33:01.860 [FXGL Background Thread 1 ] DEBUG AssetLoader          - Loading from cache: /assets/textures/wall.png@20.0x20.0
21:33:01.860 [FXGL Background Thread 1 ] DEBUG AssetLoader          - Loading from cache: /assets/textures/wall.png@20.0x20.0
21:33:01.860 [FXGL Background Thread 1 ] DEBUG AssetLoader          - Loading from cache: /assets/textures/wall.png@20.0x20.0
21:33:01.860 [FXGL Background Thread 1 ] DEBUG AssetLoader          - Loading from cache: /assets/textures/wall.png@20.0x20.0
21:33:01.861 [FXGL Background Thread 1 ] DEBUG AssetLoader          - Loading from cache: /assets/textures/wall.png@20.0x20.0
21:33:01.861 [FXGL Background Thread 1 ] DEBUG AssetLoader          - Loading from cache: /assets/textures/wall.png@20.0x20.0
21:33:01.861 [FXGL Background Thread 1 ] DEBUG AssetLoader          - Loading from cache: /assets/textures/wall.png@20.0x20.0
21:33:01.861 [FXGL Background Thread 1 ] DEBUG AssetLoader          - Loading from cache: /assets/textures/wall.png@20.0x20.0
21:33:01.862 [FXGL Background Thread 1 ] DEBUG AssetLoader          - Loading from cache: /assets/textures/wall.png@20.0x20.0
21:33:01.862 [FXGL Background Thread 1 ] DEBUG AssetLoader          - Loading from cache: /assets/textures/wall.png@20.0x20.0
21:33:01.862 [FXGL Background Thread 1 ] DEBUG AssetLoader          - Loading from cache: /assets/textures/wall.png@20.0x20.0
21:33:01.862 [FXGL Background Thread 1 ] DEBUG AssetLoader          - Loading from cache: /assets/textures/wall.png@20.0x20.0
21:33:01.863 [FXGL Background Thread 1 ] DEBUG AssetLoader          - Loading from cache: /assets/textures/wall.png@20.0x20.0
21:33:01.863 [FXGL Background Thread 1 ] DEBUG AssetLoader          - Loading from cache: /assets/textures/wall.png@20.0x20.0
21:33:01.863 [FXGL Background Thread 1 ] DEBUG AssetLoader          - Loading from cache: /assets/textures/wall.png@20.0x20.0
21:33:01.863 [FXGL Background Thread 1 ] DEBUG AssetLoader          - Loading from cache: /assets/textures/wall.png@20.0x20.0
21:33:01.864 [FXGL Background Thread 1 ] DEBUG AssetLoader          - Loading from cache: /assets/textures/wall.png@20.0x20.0
21:33:01.864 [FXGL Background Thread 1 ] DEBUG AssetLoader          - Loading from cache: /assets/textures/wall.png@20.0x20.0
21:33:01.864 [FXGL Background Thread 1 ] DEBUG AssetLoader          - Loading from cache: /assets/textures/wall.png@20.0x20.0
21:33:01.864 [FXGL Background Thread 1 ] DEBUG AssetLoader          - Loading from cache: /assets/textures/wall.png@20.0x20.0
21:33:01.864 [FXGL Background Thread 1 ] DEBUG AssetLoader          - Loading from cache: /assets/textures/wall.png@20.0x20.0
21:33:01.865 [FXGL Background Thread 1 ] DEBUG AssetLoader          - Loading from cache: /assets/textures/wall.png@20.0x20.0
21:33:01.865 [FXGL Background Thread 1 ] DEBUG AssetLoader          - Loading from cache: /assets/textures/wall.png@20.0x20.0
21:33:01.865 [FXGL Background Thread 1 ] DEBUG AssetLoader          - Loading from cache: /assets/textures/wall.png@20.0x20.0
21:33:01.865 [FXGL Background Thread 1 ] DEBUG AssetLoader          - Loading from cache: /assets/textures/wall.png@20.0x20.0
21:33:01.865 [FXGL Background Thread 1 ] DEBUG AssetLoader          - Loading from cache: /assets/textures/wall.png@20.0x20.0
21:33:01.866 [FXGL Background Thread 1 ] DEBUG AssetLoader          - Loading from cache: /assets/textures/wall.png@20.0x20.0
21:33:01.866 [FXGL Background Thread 1 ] DEBUG AssetLoader          - Loading from cache: /assets/textures/wall.png@20.0x20.0
21:33:01.866 [FXGL Background Thread 1 ] DEBUG AssetLoader          - Loading from cache: /assets/textures/wall.png@20.0x20.0
21:33:01.866 [FXGL Background Thread 1 ] DEBUG AssetLoader          - Loading from cache: /assets/textures/wall.png@20.0x20.0
21:33:01.867 [FXGL Background Thread 1 ] DEBUG AssetLoader          - Loading from cache: /assets/textures/wall.png@20.0x20.0
21:33:01.867 [FXGL Background Thread 1 ] DEBUG AssetLoader          - Loading from cache: /assets/textures/wall.png@20.0x20.0
21:33:01.867 [FXGL Background Thread 1 ] DEBUG AssetLoader          - Loading from cache: /assets/textures/wall.png@20.0x20.0
21:33:01.867 [FXGL Background Thread 1 ] DEBUG AssetLoader          - Loading from cache: /assets/textures/wall.png@20.0x20.0
21:33:01.868 [FXGL Background Thread 1 ] DEBUG AssetLoader          - Loading from cache: /assets/textures/wall.png@20.0x20.0
21:33:01.868 [FXGL Background Thread 1 ] DEBUG AssetLoader          - Loading from cache: /assets/textures/wall.png@20.0x20.0
21:33:01.868 [FXGL Background Thread 1 ] DEBUG AssetLoader          - Loading from cache: /assets/textures/wall.png@20.0x20.0
21:33:01.869 [FXGL Background Thread 1 ] DEBUG AssetLoader          - Loading from cache: /assets/textures/wall.png@20.0x20.0
21:33:01.869 [FXGL Background Thread 1 ] DEBUG AssetLoader          - Loading from cache: /assets/textures/wall.png@20.0x20.0
21:33:01.869 [FXGL Background Thread 1 ] DEBUG AssetLoader          - Loading from cache: /assets/textures/wall.png@20.0x20.0
21:33:01.869 [FXGL Background Thread 1 ] DEBUG AssetLoader          - Loading from cache: /assets/textures/wall.png@20.0x20.0
21:33:01.870 [FXGL Background Thread 1 ] DEBUG AssetLoader          - Loading from cache: /assets/textures/wall.png@20.0x20.0
21:33:01.870 [FXGL Background Thread 1 ] DEBUG AssetLoader          - Loading from cache: /assets/textures/wall.png@20.0x20.0
21:33:01.870 [FXGL Background Thread 1 ] DEBUG AssetLoader          - Loading from cache: /assets/textures/wall.png@20.0x20.0
21:33:01.870 [FXGL Background Thread 1 ] DEBUG AssetLoader          - Loading from cache: /assets/textures/wall.png@20.0x20.0
21:33:01.871 [FXGL Background Thread 1 ] DEBUG AssetLoader          - Loading from cache: /assets/textures/wall.png@20.0x20.0
21:33:01.871 [FXGL Background Thread 1 ] DEBUG AssetLoader          - Loading from cache: /assets/textures/wall.png@20.0x20.0
21:33:01.871 [FXGL Background Thread 1 ] DEBUG AssetLoader          - Loading from cache: /assets/textures/wall.png@20.0x20.0
21:33:01.871 [FXGL Background Thread 1 ] DEBUG AssetLoader          - Loading from cache: /assets/textures/wall.png@20.0x20.0
21:33:01.872 [FXGL Background Thread 1 ] DEBUG AssetLoader          - Loading from cache: /assets/textures/wall.png@20.0x20.0
21:33:01.872 [FXGL Background Thread 1 ] DEBUG AssetLoader          - Loading from cache: /assets/textures/wall.png@20.0x20.0
21:33:01.872 [FXGL Background Thread 1 ] DEBUG AssetLoader          - Loading from cache: /assets/textures/wall.png@20.0x20.0
21:33:01.872 [FXGL Background Thread 1 ] DEBUG AssetLoader          - Loading from cache: /assets/textures/wall.png@20.0x20.0
21:33:01.872 [FXGL Background Thread 1 ] DEBUG AssetLoader          - Loading from cache: /assets/textures/wall.png@20.0x20.0
21:33:01.873 [FXGL Background Thread 1 ] DEBUG AssetLoader          - Loading from cache: /assets/textures/wall.png@20.0x20.0
21:33:01.873 [FXGL Background Thread 1 ] DEBUG AssetLoader          - Loading from cache: /assets/textures/wall.png@20.0x20.0
21:33:01.873 [FXGL Background Thread 1 ] DEBUG AssetLoader          - Loading from cache: /assets/textures/wall.png@20.0x20.0
21:33:01.873 [FXGL Background Thread 1 ] DEBUG AssetLoader          - Loading from cache: /assets/textures/wall.png@20.0x20.0
21:33:01.874 [FXGL Background Thread 1 ] DEBUG AssetLoader          - Loading from cache: /assets/textures/wall.png@20.0x20.0
21:33:01.874 [FXGL Background Thread 1 ] DEBUG AssetLoader          - Loading from cache: /assets/textures/wall.png@20.0x20.0
21:33:01.874 [FXGL Background Thread 1 ] DEBUG AssetLoader          - Loading from cache: /assets/textures/wall.png@20.0x20.0
21:33:01.874 [FXGL Background Thread 1 ] DEBUG AssetLoader          - Loading from cache: /assets/textures/wall.png@20.0x20.0
21:33:01.874 [FXGL Background Thread 1 ] DEBUG AssetLoader          - Loading from cache: /assets/textures/wall.png@20.0x20.0
21:33:01.875 [FXGL Background Thread 1 ] DEBUG AssetLoader          - Loading from cache: /assets/textures/wall.png@20.0x20.0
21:33:01.875 [FXGL Background Thread 1 ] DEBUG AssetLoader          - Loading from cache: /assets/textures/wall.png@20.0x20.0
21:33:01.875 [FXGL Background Thread 1 ] DEBUG AssetLoader          - Loading from cache: /assets/textures/wall.png@20.0x20.0
21:33:01.875 [FXGL Background Thread 1 ] DEBUG AssetLoader          - Loading from cache: /assets/textures/wall.png@20.0x20.0
21:33:01.875 [FXGL Background Thread 1 ] DEBUG AssetLoader          - Loading from cache: /assets/textures/wall.png@20.0x20.0
21:33:01.876 [FXGL Background Thread 1 ] DEBUG AssetLoader          - Loading from cache: /assets/textures/wall.png@20.0x20.0
21:33:01.876 [FXGL Background Thread 1 ] DEBUG AssetLoader          - Loading from cache: /assets/textures/wall.png@20.0x20.0
21:33:01.876 [FXGL Background Thread 1 ] DEBUG AssetLoader          - Loading from cache: /assets/textures/wall.png@20.0x20.0
21:33:01.876 [FXGL Background Thread 1 ] DEBUG AssetLoader          - Loading from cache: /assets/textures/wall.png@20.0x20.0
21:33:01.876 [FXGL Background Thread 1 ] DEBUG AssetLoader          - Loading from cache: /assets/textures/wall.png@20.0x20.0
21:33:01.877 [FXGL Background Thread 1 ] DEBUG AssetLoader          - Loading from cache: /assets/textures/wall.png@20.0x20.0
21:33:01.877 [FXGL Background Thread 1 ] DEBUG AssetLoader          - Loading from cache: /assets/textures/wall.png@20.0x20.0
21:33:01.877 [FXGL Background Thread 1 ] DEBUG AssetLoader          - Loading from cache: /assets/textures/wall.png@20.0x20.0
21:33:01.877 [FXGL Background Thread 1 ] DEBUG AssetLoader          - Loading from cache: /assets/textures/wall.png@20.0x20.0
21:33:01.878 [FXGL Background Thread 1 ] DEBUG AssetLoader          - Loading from cache: /assets/textures/wall.png@20.0x20.0
21:33:01.878 [FXGL Background Thread 1 ] DEBUG AssetLoader          - Loading from cache: /assets/textures/wall.png@20.0x20.0
21:33:01.878 [FXGL Background Thread 1 ] DEBUG AssetLoader          - Loading from cache: /assets/textures/wall.png@20.0x20.0
21:33:01.878 [FXGL Background Thread 1 ] DEBUG AssetLoader          - Loading from cache: /assets/textures/wall.png@20.0x20.0
21:33:01.878 [FXGL Background Thread 1 ] DEBUG AssetLoader          - Loading from cache: /assets/textures/wall.png@20.0x20.0
21:33:01.879 [FXGL Background Thread 1 ] DEBUG AssetLoader          - Loading from cache: /assets/textures/wall.png@20.0x20.0
21:33:01.879 [FXGL Background Thread 1 ] DEBUG AssetLoader          - Loading from cache: /assets/textures/wall.png@20.0x20.0
21:33:01.879 [FXGL Background Thread 1 ] DEBUG AssetLoader          - Loading from cache: /assets/textures/wall.png@20.0x20.0
21:33:01.879 [FXGL Background Thread 1 ] DEBUG AssetLoader          - Loading from cache: /assets/textures/wall.png@20.0x20.0
21:33:01.879 [FXGL Background Thread 1 ] DEBUG AssetLoader          - Loading from cache: /assets/textures/wall.png@20.0x20.0
21:33:01.880 [FXGL Background Thread 1 ] DEBUG AssetLoader          - Loading from cache: /assets/textures/wall.png@20.0x20.0
21:33:01.880 [FXGL Background Thread 1 ] DEBUG AssetLoader          - Loading from cache: /assets/textures/wall.png@20.0x20.0
21:33:01.880 [FXGL Background Thread 1 ] DEBUG InitAppTask          - Initializing Physics
21:33:01.881 [FXGL Background Thread 1 ] DEBUG InitAppTask          - Initializing UI
21:33:01.881 [FXGL Background Thread 1 ] DEBUG AssetLoader          - Loading from disk: /assets/ui/main.fxml
21:33:01.922 [FXGL Background Thread 1 ] DEBUG InitAppTask          - Initialization Complete
21:33:01.922 [FXGL Background Thread 1 ] INFO  InitAppTask          - Game initialization took: 0.353 sec
21:33:01.933 [JavaFX Application Thread] DEBUG Input                - Clearing active input actions
21:33:01.966 [JavaFX Application Thread] DEBUG AppStateMachine      - LoadingState -> PlayState
21:33:05.784 [JavaFX Application Thread] DEBUG AssetLoader          - Loading from disk: /assets/textures/woodenbrick.jpg
21:33:05.788 [JavaFX Application Thread] DEBUG AssetLoader          - Loading from cache: /assets/textures/woodenbrick.jpg@40.0x20.0
21:33:05.788 [JavaFX Application Thread] DEBUG AssetLoader          - Loading from disk: /assets/textures/glassbrick.jpg
21:33:05.789 [JavaFX Application Thread] DEBUG AssetLoader          - Loading from cache: /assets/textures/woodenbrick.jpg@40.0x20.0
21:33:05.789 [JavaFX Application Thread] DEBUG AssetLoader          - Loading from disk: /assets/textures/metalbrick.jpg
21:33:05.790 [JavaFX Application Thread] DEBUG AssetLoader          - Loading from cache: /assets/textures/metalbrick.jpg@40.0x20.0
21:33:05.790 [JavaFX Application Thread] DEBUG AssetLoader          - Loading from cache: /assets/textures/glassbrick.jpg@40.0x20.0
21:33:05.791 [JavaFX Application Thread] DEBUG AssetLoader          - Loading from cache: /assets/textures/metalbrick.jpg@40.0x20.0
21:33:05.791 [JavaFX Application Thread] DEBUG AssetLoader          - Loading from cache: /assets/textures/woodenbrick.jpg@40.0x20.0
21:33:05.791 [JavaFX Application Thread] DEBUG AssetLoader          - Loading from cache: /assets/textures/glassbrick.jpg@40.0x20.0
21:33:05.792 [JavaFX Application Thread] DEBUG AssetLoader          - Loading from cache: /assets/textures/metalbrick.jpg@40.0x20.0
21:33:05.792 [JavaFX Application Thread] DEBUG AssetLoader          - Loading from cache: /assets/textures/glassbrick.jpg@40.0x20.0
21:33:05.792 [JavaFX Application Thread] DEBUG AssetLoader          - Loading from cache: /assets/textures/glassbrick.jpg@40.0x20.0
21:33:05.792 [JavaFX Application Thread] DEBUG AssetLoader          - Loading from cache: /assets/textures/glassbrick.jpg@40.0x20.0
21:33:06.990 [JavaFX Application Thread] DEBUG AssetLoader          - Loading from cache: /assets/textures/ball.gif@20.0x20.0
21:33:07.005 [JavaFX Application Thread] DEBUG AssetLoader          - Loading from cache: /assets/textures/ball.gif@20.0x20.0
21:33:07.021 [JavaFX Application Thread] DEBUG AssetLoader          - Loading from cache: /assets/textures/ball.gif@20.0x20.0
21:33:07.053 [JavaFX Application Thread] DEBUG AssetLoader          - Loading from cache: /assets/textures/ball.gif@20.0x20.0
21:33:07.069 [JavaFX Application Thread] DEBUG AssetLoader          - Loading from cache: /assets/textures/ball.gif@20.0x20.0
21:33:07.084 [JavaFX Application Thread] DEBUG AssetLoader          - Loading from cache: /assets/textures/ball.gif@20.0x20.0
21:33:07.100 [JavaFX Application Thread] DEBUG AssetLoader          - Loading from cache: /assets/textures/ball.gif@20.0x20.0
21:33:07.117 [JavaFX Application Thread] DEBUG AssetLoader          - Loading from cache: /assets/textures/ball.gif@20.0x20.0
21:33:07.132 [JavaFX Application Thread] DEBUG AssetLoader          - Loading from cache: /assets/textures/ball.gif@20.0x20.0
21:33:07.149 [JavaFX Application Thread] DEBUG AssetLoader          - Loading from cache: /assets/textures/ball.gif@20.0x20.0
21:33:07.165 [JavaFX Application Thread] DEBUG AssetLoader          - Loading from cache: /assets/textures/ball.gif@20.0x20.0
21:33:07.181 [JavaFX Application Thread] DEBUG AssetLoader          - Loading from cache: /assets/textures/ball.gif@20.0x20.0
21:33:07.197 [JavaFX Application Thread] DEBUG AssetLoader          - Loading from cache: /assets/textures/ball.gif@20.0x20.0
21:33:07.213 [JavaFX Application Thread] DEBUG AssetLoader          - Loading from cache: /assets/textures/ball.gif@20.0x20.0
21:33:07.229 [JavaFX Application Thread] DEBUG AssetLoader          - Loading from cache: /assets/textures/ball.gif@20.0x20.0
21:33:07.245 [JavaFX Application Thread] DEBUG AssetLoader          - Loading from cache: /assets/textures/ball.gif@20.0x20.0
21:33:07.261 [JavaFX Application Thread] DEBUG AssetLoader          - Loading from cache: /assets/textures/ball.gif@20.0x20.0
21:33:07.277 [JavaFX Application Thread] DEBUG AssetLoader          - Loading from cache: /assets/textures/ball.gif@20.0x20.0
21:33:07.293 [JavaFX Application Thread] DEBUG AssetLoader          - Loading from cache: /assets/textures/ball.gif@20.0x20.0
21:33:07.309 [JavaFX Application Thread] DEBUG AssetLoader          - Loading from cache: /assets/textures/ball.gif@20.0x20.0
21:33:07.325 [JavaFX Application Thread] DEBUG AssetLoader          - Loading from cache: /assets/textures/ball.gif@20.0x20.0
21:33:07.341 [JavaFX Application Thread] DEBUG AssetLoader          - Loading from cache: /assets/textures/ball.gif@20.0x20.0
21:33:07.356 [JavaFX Application Thread] DEBUG AssetLoader          - Loading from cache: /assets/textures/ball.gif@20.0x20.0
21:33:07.372 [JavaFX Application Thread] DEBUG AssetLoader          - Loading from cache: /assets/textures/ball.gif@20.0x20.0
21:33:07.388 [JavaFX Application Thread] DEBUG AssetLoader          - Loading from cache: /assets/textures/ball.gif@20.0x20.0
21:33:07.420 [JavaFX Application Thread] DEBUG AssetLoader          - Loading from cache: /assets/textures/ball.gif@20.0x20.0
21:33:07.436 [JavaFX Application Thread] DEBUG AssetLoader          - Loading from cache: /assets/textures/ball.gif@20.0x20.0
21:33:07.453 [JavaFX Application Thread] DEBUG AssetLoader          - Loading from cache: /assets/textures/ball.gif@20.0x20.0
21:33:07.469 [JavaFX Application Thread] DEBUG AssetLoader          - Loading from cache: /assets/textures/ball.gif@20.0x20.0
21:33:07.485 [JavaFX Application Thread] DEBUG AssetLoader          - Loading from cache: /assets/textures/ball.gif@20.0x20.0
21:33:07.501 [JavaFX Application Thread] DEBUG AssetLoader          - Loading from cache: /assets/textures/ball.gif@20.0x20.0
21:33:07.517 [JavaFX Application Thread] DEBUG AssetLoader          - Loading from cache: /assets/textures/ball.gif@20.0x20.0
21:33:07.533 [JavaFX Application Thread] DEBUG AssetLoader          - Loading from cache: /assets/textures/ball.gif@20.0x20.0
21:33:07.549 [JavaFX Application Thread] DEBUG AssetLoader          - Loading from cache: /assets/textures/ball.gif@20.0x20.0
21:33:07.564 [JavaFX Application Thread] DEBUG AssetLoader          - Loading from cache: /assets/textures/ball.gif@20.0x20.0
21:33:07.581 [JavaFX Application Thread] DEBUG AssetLoader          - Loading from cache: /assets/textures/ball.gif@20.0x20.0
21:33:07.596 [JavaFX Application Thread] DEBUG AssetLoader          - Loading from cache: /assets/textures/ball.gif@20.0x20.0
21:33:09.242 [JavaFX Application Thread] DEBUG AssetLoader          - Loading from cache: /assets/sounds/brick_broken.wav
21:33:09.447 [JavaFX Application Thread] DEBUG GameApplication      - Exiting game application
21:33:09.448 [JavaFX Application Thread] DEBUG GameApplication      - Shutting down background threads
21:33:09.448 [JavaFX Application Thread] DEBUG GameApplication      - Exiting FXGL
21:33:09.448 [JavaFX Application Thread] DEBUG FXGL                 - Saving FXGL system data
21:33:09.450 [JavaFX Application Thread] DEBUG DesktopFSService     - Writing to: system\fxgl.bundle
21:33:09.452 [JavaFX Application Thread] DEBUG GameApplication      - Closing logger and exiting JavaFX
