21:33:33.145 [JavaFX Application Thread] DEBUG GameApplication      - Logger initialized
21:33:33.151 [JavaFX Application Thread] DEBUG MainWindow           - Creating a JavaFX scene
21:33:33.222 [JavaFX Application Thread] DEBUG MainWindow           - Target settings size: 600.0 x 800.0
21:33:33.222 [JavaFX Application Thread] DEBUG MainWindow           - Scaled scene size:    600.0 x 800.0
21:33:33.222 [JavaFX Application Thread] DEBUG MainWindow           - Scaled ratio: (1.0, 1.0)
21:33:33.228 [JavaFX Application Thread] DEBUG GameApplication      - Starting FXGL
21:33:33.232 [JavaFX Application Thread] INFO  FXGL                 - FXGL-0.5.3-SNAPSHOT on DESKTOP
21:33:33.233 [JavaFX Application Thread] INFO  FXGL                 - Source code and latest versions at: https://github.com/AlmasB/FXGL
21:33:33.234 [JavaFX Application Thread] INFO  FXGL                 -              Join the FXGL chat at: https://gitter.im/AlmasB/FXGL
21:33:33.241 [JavaFX Application Thread] DEBUG FS                   - Loaded DesktopFSService
21:33:33.242 [JavaFX Application Thread] DEBUG FXGL                 - Loading FXGL system data
21:33:33.248 [JavaFX Application Thread] DEBUG DesktopFSService     - Reading from: system\fxgl.bundle
21:33:33.256 [JavaFX Application Thread] DEBUG Bundle               - Logging bundle: FXGL
21:33:33.259 [JavaFX Application Thread] DEBUG Bundle               - FXGL.offline.timer.version.check=2018-12-14T12:33:18.600
21:33:33.291 [JavaFX Application Thread] DEBUG GameApplication      - FXGL started
21:33:33.292 [JavaFX Application Thread] DEBUG GameApplication      - Logging game settings
Title: Breakout
Version: Pre-Alpha
Width: 600
Height: 800
Fullscreen: false
Intro: false
Menus: false
Profiling: false
Single step:false
App Mode: DEVELOPER
Menu Key: ESCAPE
Stage Style: DECORATED
Scene Factory: class com.almasb.fxgl.scene.SceneFactory
Dialog Factory: class com.almasb.fxgl.ui.FXGLDialogFactory
UI Factory: class com.almasb.fxgl.ui.FXGLUIFactory
Notification Service: class com.almasb.fxgl.gameplay.notification.XboxNotificationView
Exception Handler: class com.almasb.fxgl.app.FXGLExceptionHandler
21:33:33.292 [JavaFX Application Thread] DEBUG GameApplication      - Configuring GameApplication
21:33:33.292 [JavaFX Application Thread] DEBUG GameApplication      - Initializing state machine and application states
21:33:33.304 [JavaFX Application Thread] DEBUG AssetLoader          - Loading from disk: /assets/ui/cursors/fxgl_default.png
21:33:33.323 [JavaFX Application Thread] DEBUG AssetLoader          - Loading from disk: /assets/ui/cursors/fxgl_default.png
21:33:33.357 [JavaFX Application Thread] DEBUG FXGLAssets           - Loading FXGLAssets
21:33:33.396 [JavaFX Application Thread] DEBUG AssetLoader          - Loading from disk: /assets/ui/fonts/pixelmix.ttf
21:33:33.496 [JavaFX Application Thread] DEBUG AssetLoader          - Loading from disk: /assets/ui/fonts/lucida_console.ttf
21:33:33.500 [JavaFX Application Thread] DEBUG AssetLoader          - Loading from disk: /assets/ui/fonts/Courier-Prime.ttf
21:33:33.502 [JavaFX Application Thread] DEBUG AssetLoader          - Loading from disk: /assets/ui/fonts/Abel-Regular.ttf
21:33:33.505 [JavaFX Application Thread] DEBUG AssetLoader          - Loading from disk: /assets/ui/css/fxgl_dark.css
21:33:33.529 [JavaFX Application Thread] DEBUG AssetLoader          - Loading from disk: /assets/ui/cursors/fxgl_default.png
21:33:33.568 [JavaFX Application Thread] DEBUG AssetLoader          - Loading from disk: /assets/ui/cursors/fxgl_default.png
21:33:33.584 [JavaFX Application Thread] DEBUG GameScene            - Game scene initialized: 600x800
21:33:33.588 [JavaFX Application Thread] DEBUG GameWorld            - Game world initialized
21:33:33.631 [JavaFX Application Thread] DEBUG PhysicsWorld         - Physics world initialized: appHeight=800, physics.ppm=50.0
21:33:33.649 [JavaFX Application Thread] DEBUG Input                - Registered new binding: Pause - Esc
21:33:33.672 [JavaFX Application Thread] DEBUG Input                - Clearing active input actions
21:33:33.730 [JavaFX Application Thread] DEBUG AppStateMachine      - StartupState -> StartupState
21:33:33.735 [JavaFX Application Thread] INFO  GameApplication      - Game configuration took:  0.443 sec
21:33:33.737 [JavaFX Application Thread] DEBUG AssetLoader          - Loading from disk: /assets/textures/fxgl_icon.png
21:33:33.746 [JavaFX Application Thread] DEBUG MainWindow           - Opening main window
21:33:33.877 [JavaFX Application Thread] DEBUG MainWindow           - Window border size: (6.0, 29.0)
21:33:33.877 [JavaFX Application Thread] DEBUG MainWindow           - Scaled size: 600.0 x 800.0
21:33:33.877 [JavaFX Application Thread] DEBUG MainWindow           - Scaled ratio: (1.0, 1.0)
21:33:33.877 [JavaFX Application Thread] DEBUG MainWindow           - Scene size: 600.0 x 800.0
21:33:33.877 [JavaFX Application Thread] DEBUG MainWindow           - Stage size: 606.0 x 829.0
21:33:33.877 [JavaFX Application Thread] DEBUG GameApplication      - Running preInit()
21:33:33.879 [JavaFX Application Thread] DEBUG Input                - Registered new binding: Screenshot - P
21:33:33.879 [JavaFX Application Thread] DEBUG Input                - Registered new binding: Dev Options - CTRL+0
21:33:33.879 [JavaFX Application Thread] DEBUG Input                - Registered new binding: System info dump - CTRL+9
21:33:33.880 [JavaFX Application Thread] DEBUG Input                - Registered new binding: Restart - CTRL+R
21:33:33.880 [JavaFX Application Thread] DEBUG Input                - Registered new binding: Move Left - A
21:33:33.880 [JavaFX Application Thread] DEBUG Input                - Registered new binding: Move Right - D
21:33:33.880 [JavaFX Application Thread] DEBUG Input                - Registered new binding: Release Ball - Space
21:33:33.880 [JavaFX Application Thread] DEBUG Input                - Registered new binding: New Level - N
21:33:33.901 [JavaFX Application Thread] DEBUG GameApplication      - Starting main loop
21:33:33.903 [JavaFX Application Thread] DEBUG StartupState         - STARTUP
21:33:33.903 [JavaFX Application Thread] DEBUG GameApplication      - Starting new game
21:33:33.903 [JavaFX Application Thread] DEBUG Input                - Clearing active input actions
21:33:33.909 [JavaFX Application Thread] DEBUG AppStateMachine      - StartupState -> LoadingState
21:33:33.914 [FXGL Background Thread 1 ] DEBUG InitAppTask          - Clearing previous game
21:33:33.914 [FXGL Background Thread 1 ] DEBUG GameWorld            - Clearing game world
21:33:33.914 [FXGL Background Thread 1 ] DEBUG PhysicsWorld         - Clearing physics world
21:33:33.914 [FXGL Background Thread 1 ] DEBUG GameScene            - Clearing game scene
21:33:33.915 [FXGL Background Thread 1 ] DEBUG InitAppTask          - Initializing Game
21:33:34.009 [FXGL Background Thread 1 ] DEBUG AudioPlayer          - Playing music com.almasb.fxgl.audio.Music@931b4e9
21:33:34.037 [FXGL Background Thread 1 ] DEBUG AssetLoader          - Loading from disk: /assets/textures/back.png
21:33:34.065 [FXGL Background Thread 1 ] DEBUG GameScene            - Creating render group for layer: BACKGROUND(1000)
21:33:34.099 [FXGL Background Thread 1 ] DEBUG GameScene            - Creating render group for layer: DEFAULT(100000)
21:33:34.102 [FXGL Background Thread 1 ] DEBUG AssetLoader          - Loading from disk: /assets/textures/bat.gif
21:33:34.108 [FXGL Background Thread 1 ] DEBUG AssetLoader          - Loading from disk: /assets/textures/ball.gif
21:33:34.116 [FXGL Background Thread 1 ] DEBUG AssetLoader          - Loading from disk: /assets/textures/wall.png
21:33:34.117 [FXGL Background Thread 1 ] DEBUG AssetLoader          - Loading from cache: /assets/textures/wall.png@20.0x20.0
21:33:34.118 [FXGL Background Thread 1 ] DEBUG AssetLoader          - Loading from cache: /assets/textures/wall.png@20.0x20.0
21:33:34.118 [FXGL Background Thread 1 ] DEBUG AssetLoader          - Loading from cache: /assets/textures/wall.png@20.0x20.0
21:33:34.119 [FXGL Background Thread 1 ] DEBUG AssetLoader          - Loading from cache: /assets/textures/wall.png@20.0x20.0
21:33:34.119 [FXGL Background Thread 1 ] DEBUG AssetLoader          - Loading from cache: /assets/textures/wall.png@20.0x20.0
21:33:34.120 [FXGL Background Thread 1 ] DEBUG AssetLoader          - Loading from cache: /assets/textures/wall.png@20.0x20.0
21:33:34.121 [FXGL Background Thread 1 ] DEBUG AssetLoader          - Loading from cache: /assets/textures/wall.png@20.0x20.0
21:33:34.124 [FXGL Background Thread 1 ] DEBUG AssetLoader          - Loading from cache: /assets/textures/wall.png@20.0x20.0
21:33:34.125 [FXGL Background Thread 1 ] DEBUG AssetLoader          - Loading from cache: /assets/textures/wall.png@20.0x20.0
21:33:34.126 [FXGL Background Thread 1 ] DEBUG AssetLoader          - Loading from cache: /assets/textures/wall.png@20.0x20.0
21:33:34.127 [FXGL Background Thread 1 ] DEBUG AssetLoader          - Loading from cache: /assets/textures/wall.png@20.0x20.0
21:33:34.127 [FXGL Background Thread 1 ] DEBUG AssetLoader          - Loading from cache: /assets/textures/wall.png@20.0x20.0
21:33:34.128 [FXGL Background Thread 1 ] DEBUG AssetLoader          - Loading from cache: /assets/textures/wall.png@20.0x20.0
21:33:34.128 [FXGL Background Thread 1 ] DEBUG AssetLoader          - Loading from cache: /assets/textures/wall.png@20.0x20.0
21:33:34.129 [FXGL Background Thread 1 ] DEBUG AssetLoader          - Loading from cache: /assets/textures/wall.png@20.0x20.0
21:33:34.129 [FXGL Background Thread 1 ] DEBUG AssetLoader          - Loading from cache: /assets/textures/wall.png@20.0x20.0
21:33:34.130 [FXGL Background Thread 1 ] DEBUG AssetLoader          - Loading from cache: /assets/textures/wall.png@20.0x20.0
21:33:34.130 [FXGL Background Thread 1 ] DEBUG AssetLoader          - Loading from cache: /assets/textures/wall.png@20.0x20.0
21:33:34.131 [FXGL Background Thread 1 ] DEBUG AssetLoader          - Loading from cache: /assets/textures/wall.png@20.0x20.0
21:33:34.132 [FXGL Background Thread 1 ] DEBUG AssetLoader          - Loading from cache: /assets/textures/wall.png@20.0x20.0
21:33:34.132 [FXGL Background Thread 1 ] DEBUG AssetLoader          - Loading from cache: /assets/textures/wall.png@20.0x20.0
21:33:34.133 [FXGL Background Thread 1 ] DEBUG AssetLoader          - Loading from cache: /assets/textures/wall.png@20.0x20.0
21:33:34.133 [FXGL Background Thread 1 ] DEBUG AssetLoader          - Loading from cache: /assets/textures/wall.png@20.0x20.0
21:33:34.134 [FXGL Background Thread 1 ] DEBUG AssetLoader          - Loading from cache: /assets/textures/wall.png@20.0x20.0
21:33:34.134 [FXGL Background Thread 1 ] DEBUG AssetLoader          - Loading from cache: /assets/textures/wall.png@20.0x20.0
21:33:34.135 [FXGL Background Thread 1 ] DEBUG AssetLoader          - Loading from cache: /assets/textures/wall.png@20.0x20.0
21:33:34.135 [FXGL Background Thread 1 ] DEBUG AssetLoader          - Loading from cache: /assets/textures/wall.png@20.0x20.0
21:33:34.136 [FXGL Background Thread 1 ] DEBUG AssetLoader          - Loading from cache: /assets/textures/wall.png@20.0x20.0
21:33:34.136 [FXGL Background Thread 1 ] DEBUG AssetLoader          - Loading from cache: /assets/textures/wall.png@20.0x20.0
21:33:34.137 [FXGL Background Thread 1 ] DEBUG AssetLoader          - Loading from cache: /assets/textures/wall.png@20.0x20.0
21:33:34.137 [FXGL Background Thread 1 ] DEBUG AssetLoader          - Loading from cache: /assets/textures/wall.png@20.0x20.0
21:33:34.138 [FXGL Background Thread 1 ] DEBUG AssetLoader          - Loading from cache: /assets/textures/wall.png@20.0x20.0
21:33:34.139 [FXGL Background Thread 1 ] DEBUG AssetLoader          - Loading from cache: /assets/textures/wall.png@20.0x20.0
21:33:34.140 [FXGL Background Thread 1 ] DEBUG AssetLoader          - Loading from cache: /assets/textures/wall.png@20.0x20.0
21:33:34.141 [FXGL Background Thread 1 ] DEBUG AssetLoader          - Loading from cache: /assets/textures/wall.png@20.0x20.0
21:33:34.141 [FXGL Background Thread 1 ] DEBUG AssetLoader          - Loading from cache: /assets/textures/wall.png@20.0x20.0
21:33:34.142 [FXGL Background Thread 1 ] DEBUG AssetLoader          - Loading from cache: /assets/textures/wall.png@20.0x20.0
21:33:34.143 [FXGL Background Thread 1 ] DEBUG AssetLoader          - Loading from cache: /assets/textures/wall.png@20.0x20.0
21:33:34.143 [FXGL Background Thread 1 ] DEBUG AssetLoader          - Loading from cache: /assets/textures/wall.png@20.0x20.0
21:33:34.144 [FXGL Background Thread 1 ] DEBUG AssetLoader          - Loading from cache: /assets/textures/wall.png@20.0x20.0
21:33:34.144 [FXGL Background Thread 1 ] DEBUG AssetLoader          - Loading from cache: /assets/textures/wall.png@20.0x20.0
21:33:34.145 [FXGL Background Thread 1 ] DEBUG AssetLoader          - Loading from cache: /assets/textures/wall.png@20.0x20.0
21:33:34.146 [FXGL Background Thread 1 ] DEBUG AssetLoader          - Loading from cache: /assets/textures/wall.png@20.0x20.0
21:33:34.146 [FXGL Background Thread 1 ] DEBUG AssetLoader          - Loading from cache: /assets/textures/wall.png@20.0x20.0
21:33:34.147 [FXGL Background Thread 1 ] DEBUG AssetLoader          - Loading from cache: /assets/textures/wall.png@20.0x20.0
21:33:34.148 [FXGL Background Thread 1 ] DEBUG AssetLoader          - Loading from cache: /assets/textures/wall.png@20.0x20.0
21:33:34.148 [FXGL Background Thread 1 ] DEBUG AssetLoader          - Loading from cache: /assets/textures/wall.png@20.0x20.0
21:33:34.149 [FXGL Background Thread 1 ] DEBUG AssetLoader          - Loading from cache: /assets/textures/wall.png@20.0x20.0
21:33:34.150 [FXGL Background Thread 1 ] DEBUG AssetLoader          - Loading from cache: /assets/textures/wall.png@20.0x20.0
21:33:34.150 [FXGL Background Thread 1 ] DEBUG AssetLoader          - Loading from cache: /assets/textures/wall.png@20.0x20.0
21:33:34.151 [FXGL Background Thread 1 ] DEBUG AssetLoader          - Loading from cache: /assets/textures/wall.png@20.0x20.0
21:33:34.151 [FXGL Background Thread 1 ] DEBUG AssetLoader          - Loading from cache: /assets/textures/wall.png@20.0x20.0
21:33:34.152 [FXGL Background Thread 1 ] DEBUG AssetLoader          - Loading from cache: /assets/textures/wall.png@20.0x20.0
21:33:34.153 [FXGL Background Thread 1 ] DEBUG AssetLoader          - Loading from cache: /assets/textures/wall.png@20.0x20.0
21:33:34.153 [FXGL Background Thread 1 ] DEBUG AssetLoader          - Loading from cache: /assets/textures/wall.png@20.0x20.0
21:33:34.154 [FXGL Background Thread 1 ] DEBUG AssetLoader          - Loading from cache: /assets/textures/wall.png@20.0x20.0
21:33:34.154 [FXGL Background Thread 1 ] DEBUG AssetLoader          - Loading from cache: /assets/textures/wall.png@20.0x20.0
21:33:34.156 [FXGL Background Thread 1 ] DEBUG AssetLoader          - Loading from cache: /assets/textures/wall.png@20.0x20.0
21:33:34.157 [FXGL Background Thread 1 ] DEBUG AssetLoader          - Loading from cache: /assets/textures/wall.png@20.0x20.0
21:33:34.157 [FXGL Background Thread 1 ] DEBUG AssetLoader          - Loading from cache: /assets/textures/wall.png@20.0x20.0
21:33:34.158 [FXGL Background Thread 1 ] DEBUG AssetLoader          - Loading from cache: /assets/textures/wall.png@20.0x20.0
21:33:34.158 [FXGL Background Thread 1 ] DEBUG AssetLoader          - Loading from cache: /assets/textures/wall.png@20.0x20.0
21:33:34.159 [FXGL Background Thread 1 ] DEBUG AssetLoader          - Loading from cache: /assets/textures/wall.png@20.0x20.0
21:33:34.159 [FXGL Background Thread 1 ] DEBUG AssetLoader          - Loading from cache: /assets/textures/wall.png@20.0x20.0
21:33:34.160 [FXGL Background Thread 1 ] DEBUG AssetLoader          - Loading from cache: /assets/textures/wall.png@20.0x20.0
21:33:34.161 [FXGL Background Thread 1 ] DEBUG AssetLoader          - Loading from cache: /assets/textures/wall.png@20.0x20.0
21:33:34.161 [FXGL Background Thread 1 ] DEBUG AssetLoader          - Loading from cache: /assets/textures/wall.png@20.0x20.0
21:33:34.162 [FXGL Background Thread 1 ] DEBUG AssetLoader          - Loading from cache: /assets/textures/wall.png@20.0x20.0
21:33:34.162 [FXGL Background Thread 1 ] DEBUG AssetLoader          - Loading from cache: /assets/textures/wall.png@20.0x20.0
21:33:34.162 [FXGL Background Thread 1 ] DEBUG AssetLoader          - Loading from cache: /assets/textures/wall.png@20.0x20.0
21:33:34.163 [FXGL Background Thread 1 ] DEBUG AssetLoader          - Loading from cache: /assets/textures/wall.png@20.0x20.0
21:33:34.163 [FXGL Background Thread 1 ] DEBUG AssetLoader          - Loading from cache: /assets/textures/wall.png@20.0x20.0
21:33:34.164 [FXGL Background Thread 1 ] DEBUG AssetLoader          - Loading from cache: /assets/textures/wall.png@20.0x20.0
21:33:34.164 [FXGL Background Thread 1 ] DEBUG AssetLoader          - Loading from cache: /assets/textures/wall.png@20.0x20.0
21:33:34.164 [FXGL Background Thread 1 ] DEBUG AssetLoader          - Loading from cache: /assets/textures/wall.png@20.0x20.0
21:33:34.165 [FXGL Background Thread 1 ] DEBUG AssetLoader          - Loading from cache: /assets/textures/wall.png@20.0x20.0
21:33:34.165 [FXGL Background Thread 1 ] DEBUG AssetLoader          - Loading from cache: /assets/textures/wall.png@20.0x20.0
21:33:34.166 [FXGL Background Thread 1 ] DEBUG AssetLoader          - Loading from cache: /assets/textures/wall.png@20.0x20.0
21:33:34.166 [FXGL Background Thread 1 ] DEBUG AssetLoader          - Loading from cache: /assets/textures/wall.png@20.0x20.0
21:33:34.167 [FXGL Background Thread 1 ] DEBUG AssetLoader          - Loading from cache: /assets/textures/wall.png@20.0x20.0
21:33:34.167 [FXGL Background Thread 1 ] DEBUG AssetLoader          - Loading from cache: /assets/textures/wall.png@20.0x20.0
21:33:34.167 [FXGL Background Thread 1 ] DEBUG AssetLoader          - Loading from cache: /assets/textures/wall.png@20.0x20.0
21:33:34.168 [FXGL Background Thread 1 ] DEBUG AssetLoader          - Loading from cache: /assets/textures/wall.png@20.0x20.0
21:33:34.168 [FXGL Background Thread 1 ] DEBUG AssetLoader          - Loading from cache: /assets/textures/wall.png@20.0x20.0
21:33:34.169 [FXGL Background Thread 1 ] DEBUG AssetLoader          - Loading from cache: /assets/textures/wall.png@20.0x20.0
21:33:34.169 [FXGL Background Thread 1 ] DEBUG AssetLoader          - Loading from cache: /assets/textures/wall.png@20.0x20.0
21:33:34.169 [FXGL Background Thread 1 ] DEBUG AssetLoader          - Loading from cache: /assets/textures/wall.png@20.0x20.0
21:33:34.170 [FXGL Background Thread 1 ] DEBUG AssetLoader          - Loading from cache: /assets/textures/wall.png@20.0x20.0
21:33:34.170 [FXGL Background Thread 1 ] DEBUG AssetLoader          - Loading from cache: /assets/textures/wall.png@20.0x20.0
21:33:34.171 [FXGL Background Thread 1 ] DEBUG AssetLoader          - Loading from cache: /assets/textures/wall.png@20.0x20.0
21:33:34.171 [FXGL Background Thread 1 ] DEBUG AssetLoader          - Loading from cache: /assets/textures/wall.png@20.0x20.0
21:33:34.172 [FXGL Background Thread 1 ] DEBUG AssetLoader          - Loading from cache: /assets/textures/wall.png@20.0x20.0
21:33:34.172 [FXGL Background Thread 1 ] DEBUG AssetLoader          - Loading from cache: /assets/textures/wall.png@20.0x20.0
21:33:34.173 [FXGL Background Thread 1 ] DEBUG AssetLoader          - Loading from cache: /assets/textures/wall.png@20.0x20.0
21:33:34.174 [FXGL Background Thread 1 ] DEBUG AssetLoader          - Loading from cache: /assets/textures/wall.png@20.0x20.0
21:33:34.174 [FXGL Background Thread 1 ] DEBUG AssetLoader          - Loading from cache: /assets/textures/wall.png@20.0x20.0
21:33:34.174 [FXGL Background Thread 1 ] DEBUG AssetLoader          - Loading from cache: /assets/textures/wall.png@20.0x20.0
21:33:34.175 [FXGL Background Thread 1 ] DEBUG AssetLoader          - Loading from cache: /assets/textures/wall.png@20.0x20.0
21:33:34.175 [FXGL Background Thread 1 ] DEBUG AssetLoader          - Loading from cache: /assets/textures/wall.png@20.0x20.0
21:33:34.176 [FXGL Background Thread 1 ] DEBUG AssetLoader          - Loading from cache: /assets/textures/wall.png@20.0x20.0
21:33:34.176 [FXGL Background Thread 1 ] DEBUG AssetLoader          - Loading from cache: /assets/textures/wall.png@20.0x20.0
21:33:34.176 [FXGL Background Thread 1 ] DEBUG AssetLoader          - Loading from cache: /assets/textures/wall.png@20.0x20.0
21:33:34.177 [FXGL Background Thread 1 ] DEBUG AssetLoader          - Loading from cache: /assets/textures/wall.png@20.0x20.0
21:33:34.177 [FXGL Background Thread 1 ] DEBUG AssetLoader          - Loading from cache: /assets/textures/wall.png@20.0x20.0
21:33:34.177 [FXGL Background Thread 1 ] DEBUG AssetLoader          - Loading from cache: /assets/textures/wall.png@20.0x20.0
21:33:34.178 [FXGL Background Thread 1 ] DEBUG AssetLoader          - Loading from cache: /assets/textures/wall.png@20.0x20.0
21:33:34.178 [FXGL Background Thread 1 ] DEBUG AssetLoader          - Loading from cache: /assets/textures/wall.png@20.0x20.0
21:33:34.179 [FXGL Background Thread 1 ] DEBUG AssetLoader          - Loading from cache: /assets/textures/wall.png@20.0x20.0
21:33:34.179 [FXGL Background Thread 1 ] DEBUG AssetLoader          - Loading from cache: /assets/textures/wall.png@20.0x20.0
21:33:34.179 [FXGL Background Thread 1 ] DEBUG AssetLoader          - Loading from cache: /assets/textures/wall.png@20.0x20.0
21:33:34.180 [FXGL Background Thread 1 ] DEBUG AssetLoader          - Loading from cache: /assets/textures/wall.png@20.0x20.0
21:33:34.180 [FXGL Background Thread 1 ] DEBUG AssetLoader          - Loading from cache: /assets/textures/wall.png@20.0x20.0
21:33:34.180 [FXGL Background Thread 1 ] DEBUG AssetLoader          - Loading from cache: /assets/textures/wall.png@20.0x20.0
21:33:34.181 [FXGL Background Thread 1 ] DEBUG AssetLoader          - Loading from cache: /assets/textures/wall.png@20.0x20.0
21:33:34.181 [FXGL Background Thread 1 ] DEBUG AssetLoader          - Loading from cache: /assets/textures/wall.png@20.0x20.0
21:33:34.182 [FXGL Background Thread 1 ] DEBUG AssetLoader          - Loading from cache: /assets/textures/wall.png@20.0x20.0
21:33:34.182 [FXGL Background Thread 1 ] DEBUG AssetLoader          - Loading from cache: /assets/textures/wall.png@20.0x20.0
21:33:34.183 [FXGL Background Thread 1 ] DEBUG AssetLoader          - Loading from cache: /assets/textures/wall.png@20.0x20.0
21:33:34.183 [FXGL Background Thread 1 ] DEBUG AssetLoader          - Loading from cache: /assets/textures/wall.png@20.0x20.0
21:33:34.184 [FXGL Background Thread 1 ] DEBUG AssetLoader          - Loading from cache: /assets/textures/wall.png@20.0x20.0
21:33:34.184 [FXGL Background Thread 1 ] DEBUG AssetLoader          - Loading from cache: /assets/textures/wall.png@20.0x20.0
21:33:34.184 [FXGL Background Thread 1 ] DEBUG AssetLoader          - Loading from cache: /assets/textures/wall.png@20.0x20.0
21:33:34.185 [FXGL Background Thread 1 ] DEBUG AssetLoader          - Loading from cache: /assets/textures/wall.png@20.0x20.0
21:33:34.185 [FXGL Background Thread 1 ] DEBUG AssetLoader          - Loading from cache: /assets/textures/wall.png@20.0x20.0
21:33:34.186 [FXGL Background Thread 1 ] DEBUG AssetLoader          - Loading from cache: /assets/textures/wall.png@20.0x20.0
21:33:34.186 [FXGL Background Thread 1 ] DEBUG AssetLoader          - Loading from cache: /assets/textures/wall.png@20.0x20.0
21:33:34.186 [FXGL Background Thread 1 ] DEBUG AssetLoader          - Loading from cache: /assets/textures/wall.png@20.0x20.0
21:33:34.187 [FXGL Background Thread 1 ] DEBUG AssetLoader          - Loading from cache: /assets/textures/wall.png@20.0x20.0
21:33:34.187 [FXGL Background Thread 1 ] DEBUG AssetLoader          - Loading from cache: /assets/textures/wall.png@20.0x20.0
21:33:34.187 [FXGL Background Thread 1 ] DEBUG AssetLoader          - Loading from cache: /assets/textures/wall.png@20.0x20.0
21:33:34.188 [FXGL Background Thread 1 ] DEBUG AssetLoader          - Loading from cache: /assets/textures/wall.png@20.0x20.0
21:33:34.188 [FXGL Background Thread 1 ] DEBUG AssetLoader          - Loading from cache: /assets/textures/wall.png@20.0x20.0
21:33:34.188 [FXGL Background Thread 1 ] DEBUG AssetLoader          - Loading from cache: /assets/textures/wall.png@20.0x20.0
21:33:34.189 [FXGL Background Thread 1 ] DEBUG AssetLoader          - Loading from cache: /assets/textures/wall.png@20.0x20.0
21:33:34.189 [FXGL Background Thread 1 ] DEBUG AssetLoader          - Loading from cache: /assets/textures/wall.png@20.0x20.0
21:33:34.190 [FXGL Background Thread 1 ] DEBUG AssetLoader          - Loading from cache: /assets/textures/wall.png@20.0x20.0
21:33:34.190 [FXGL Background Thread 1 ] DEBUG AssetLoader          - Loading from cache: /assets/textures/wall.png@20.0x20.0
21:33:34.190 [FXGL Background Thread 1 ] DEBUG AssetLoader          - Loading from cache: /assets/textures/wall.png@20.0x20.0
21:33:34.190 [FXGL Background Thread 1 ] DEBUG AssetLoader          - Loading from cache: /assets/textures/wall.png@20.0x20.0
21:33:34.191 [FXGL Background Thread 1 ] DEBUG AssetLoader          - Loading from cache: /assets/textures/wall.png@20.0x20.0
21:33:34.191 [FXGL Background Thread 1 ] DEBUG AssetLoader          - Loading from cache: /assets/textures/wall.png@20.0x20.0
21:33:34.191 [FXGL Background Thread 1 ] DEBUG AssetLoader          - Loading from cache: /assets/textures/wall.png@20.0x20.0
21:33:34.192 [FXGL Background Thread 1 ] DEBUG AssetLoader          - Loading from cache: /assets/textures/wall.png@20.0x20.0
21:33:34.192 [FXGL Background Thread 1 ] DEBUG AssetLoader          - Loading from cache: /assets/textures/wall.png@20.0x20.0
21:33:34.192 [FXGL Background Thread 1 ] DEBUG AssetLoader          - Loading from cache: /assets/textures/wall.png@20.0x20.0
21:33:34.193 [FXGL Background Thread 1 ] DEBUG AssetLoader          - Loading from cache: /assets/textures/wall.png@20.0x20.0
21:33:34.193 [FXGL Background Thread 1 ] DEBUG AssetLoader          - Loading from cache: /assets/textures/wall.png@20.0x20.0
21:33:34.194 [FXGL Background Thread 1 ] DEBUG AssetLoader          - Loading from cache: /assets/textures/wall.png@20.0x20.0
21:33:34.194 [FXGL Background Thread 1 ] DEBUG AssetLoader          - Loading from cache: /assets/textures/wall.png@20.0x20.0
21:33:34.194 [FXGL Background Thread 1 ] DEBUG AssetLoader          - Loading from cache: /assets/textures/wall.png@20.0x20.0
21:33:34.195 [FXGL Background Thread 1 ] DEBUG AssetLoader          - Loading from cache: /assets/textures/wall.png@20.0x20.0
21:33:34.195 [FXGL Background Thread 1 ] DEBUG AssetLoader          - Loading from cache: /assets/textures/wall.png@20.0x20.0
21:33:34.195 [FXGL Background Thread 1 ] DEBUG AssetLoader          - Loading from cache: /assets/textures/wall.png@20.0x20.0
21:33:34.196 [FXGL Background Thread 1 ] DEBUG AssetLoader          - Loading from cache: /assets/textures/wall.png@20.0x20.0
21:33:34.196 [FXGL Background Thread 1 ] DEBUG AssetLoader          - Loading from cache: /assets/textures/wall.png@20.0x20.0
21:33:34.196 [FXGL Background Thread 1 ] DEBUG AssetLoader          - Loading from cache: /assets/textures/wall.png@20.0x20.0
21:33:34.197 [FXGL Background Thread 1 ] DEBUG AssetLoader          - Loading from cache: /assets/textures/wall.png@20.0x20.0
21:33:34.197 [FXGL Background Thread 1 ] DEBUG AssetLoader          - Loading from cache: /assets/textures/wall.png@20.0x20.0
21:33:34.197 [FXGL Background Thread 1 ] DEBUG AssetLoader          - Loading from cache: /assets/textures/wall.png@20.0x20.0
21:33:34.198 [FXGL Background Thread 1 ] DEBUG AssetLoader          - Loading from cache: /assets/textures/wall.png@20.0x20.0
21:33:34.198 [FXGL Background Thread 1 ] DEBUG AssetLoader          - Loading from cache: /assets/textures/wall.png@20.0x20.0
21:33:34.198 [FXGL Background Thread 1 ] DEBUG AssetLoader          - Loading from cache: /assets/textures/wall.png@20.0x20.0
21:33:34.198 [FXGL Background Thread 1 ] DEBUG AssetLoader          - Loading from cache: /assets/textures/wall.png@20.0x20.0
21:33:34.199 [FXGL Background Thread 1 ] DEBUG AssetLoader          - Loading from cache: /assets/textures/wall.png@20.0x20.0
21:33:34.199 [FXGL Background Thread 1 ] DEBUG AssetLoader          - Loading from cache: /assets/textures/wall.png@20.0x20.0
21:33:34.199 [FXGL Background Thread 1 ] DEBUG AssetLoader          - Loading from cache: /assets/textures/wall.png@20.0x20.0
21:33:34.200 [FXGL Background Thread 1 ] DEBUG AssetLoader          - Loading from cache: /assets/textures/wall.png@20.0x20.0
21:33:34.200 [FXGL Background Thread 1 ] DEBUG AssetLoader          - Loading from cache: /assets/textures/wall.png@20.0x20.0
21:33:34.200 [FXGL Background Thread 1 ] DEBUG AssetLoader          - Loading from cache: /assets/textures/wall.png@20.0x20.0
21:33:34.201 [FXGL Background Thread 1 ] DEBUG AssetLoader          - Loading from cache: /assets/textures/wall.png@20.0x20.0
21:33:34.201 [FXGL Background Thread 1 ] DEBUG AssetLoader          - Loading from cache: /assets/textures/wall.png@20.0x20.0
21:33:34.201 [FXGL Background Thread 1 ] DEBUG AssetLoader          - Loading from cache: /assets/textures/wall.png@20.0x20.0
21:33:34.201 [FXGL Background Thread 1 ] DEBUG AssetLoader          - Loading from cache: /assets/textures/wall.png@20.0x20.0
21:33:34.202 [FXGL Background Thread 1 ] DEBUG AssetLoader          - Loading from cache: /assets/textures/wall.png@20.0x20.0
21:33:34.202 [FXGL Background Thread 1 ] DEBUG AssetLoader          - Loading from cache: /assets/textures/wall.png@20.0x20.0
21:33:34.202 [FXGL Background Thread 1 ] DEBUG AssetLoader          - Loading from cache: /assets/textures/wall.png@20.0x20.0
21:33:34.203 [FXGL Background Thread 1 ] DEBUG AssetLoader          - Loading from cache: /assets/textures/wall.png@20.0x20.0
21:33:34.203 [FXGL Background Thread 1 ] DEBUG AssetLoader          - Loading from cache: /assets/textures/wall.png@20.0x20.0
21:33:34.203 [FXGL Background Thread 1 ] DEBUG AssetLoader          - Loading from cache: /assets/textures/wall.png@20.0x20.0
21:33:34.203 [FXGL Background Thread 1 ] DEBUG AssetLoader          - Loading from cache: /assets/textures/wall.png@20.0x20.0
21:33:34.204 [FXGL Background Thread 1 ] DEBUG AssetLoader          - Loading from cache: /assets/textures/wall.png@20.0x20.0
21:33:34.204 [FXGL Background Thread 1 ] DEBUG AssetLoader          - Loading from cache: /assets/textures/wall.png@20.0x20.0
21:33:34.204 [FXGL Background Thread 1 ] DEBUG AssetLoader          - Loading from cache: /assets/textures/wall.png@20.0x20.0
21:33:34.205 [FXGL Background Thread 1 ] DEBUG AssetLoader          - Loading from cache: /assets/textures/wall.png@20.0x20.0
21:33:34.205 [FXGL Background Thread 1 ] DEBUG AssetLoader          - Loading from cache: /assets/textures/wall.png@20.0x20.0
21:33:34.205 [FXGL Background Thread 1 ] DEBUG AssetLoader          - Loading from cache: /assets/textures/wall.png@20.0x20.0
21:33:34.206 [FXGL Background Thread 1 ] DEBUG AssetLoader          - Loading from cache: /assets/textures/wall.png@20.0x20.0
21:33:34.206 [FXGL Background Thread 1 ] DEBUG AssetLoader          - Loading from cache: /assets/textures/wall.png@20.0x20.0
21:33:34.206 [FXGL Background Thread 1 ] DEBUG AssetLoader          - Loading from cache: /assets/textures/wall.png@20.0x20.0
21:33:34.207 [FXGL Background Thread 1 ] DEBUG AssetLoader          - Loading from cache: /assets/textures/wall.png@20.0x20.0
21:33:34.207 [FXGL Background Thread 1 ] DEBUG AssetLoader          - Loading from cache: /assets/textures/wall.png@20.0x20.0
21:33:34.207 [FXGL Background Thread 1 ] DEBUG AssetLoader          - Loading from cache: /assets/textures/wall.png@20.0x20.0
21:33:34.207 [FXGL Background Thread 1 ] DEBUG AssetLoader          - Loading from cache: /assets/textures/wall.png@20.0x20.0
21:33:34.208 [FXGL Background Thread 1 ] DEBUG AssetLoader          - Loading from cache: /assets/textures/wall.png@20.0x20.0
21:33:34.208 [FXGL Background Thread 1 ] DEBUG AssetLoader          - Loading from cache: /assets/textures/wall.png@20.0x20.0
21:33:34.208 [FXGL Background Thread 1 ] DEBUG AssetLoader          - Loading from cache: /assets/textures/wall.png@20.0x20.0
21:33:34.208 [FXGL Background Thread 1 ] DEBUG AssetLoader          - Loading from cache: /assets/textures/wall.png@20.0x20.0
21:33:34.209 [FXGL Background Thread 1 ] DEBUG AssetLoader          - Loading from cache: /assets/textures/wall.png@20.0x20.0
21:33:34.209 [FXGL Background Thread 1 ] DEBUG AssetLoader          - Loading from cache: /assets/textures/wall.png@20.0x20.0
21:33:34.209 [FXGL Background Thread 1 ] DEBUG AssetLoader          - Loading from cache: /assets/textures/wall.png@20.0x20.0
21:33:34.209 [FXGL Background Thread 1 ] DEBUG AssetLoader          - Loading from cache: /assets/textures/wall.png@20.0x20.0
21:33:34.210 [FXGL Background Thread 1 ] DEBUG AssetLoader          - Loading from cache: /assets/textures/wall.png@20.0x20.0
21:33:34.210 [FXGL Background Thread 1 ] DEBUG AssetLoader          - Loading from cache: /assets/textures/wall.png@20.0x20.0
21:33:34.210 [FXGL Background Thread 1 ] DEBUG AssetLoader          - Loading from cache: /assets/textures/wall.png@20.0x20.0
21:33:34.211 [FXGL Background Thread 1 ] DEBUG AssetLoader          - Loading from cache: /assets/textures/wall.png@20.0x20.0
21:33:34.211 [FXGL Background Thread 1 ] DEBUG AssetLoader          - Loading from cache: /assets/textures/wall.png@20.0x20.0
21:33:34.211 [FXGL Background Thread 1 ] DEBUG AssetLoader          - Loading from cache: /assets/textures/wall.png@20.0x20.0
21:33:34.212 [FXGL Background Thread 1 ] DEBUG AssetLoader          - Loading from cache: /assets/textures/wall.png@20.0x20.0
21:33:34.212 [FXGL Background Thread 1 ] DEBUG AssetLoader          - Loading from cache: /assets/textures/wall.png@20.0x20.0
21:33:34.212 [FXGL Background Thread 1 ] DEBUG AssetLoader          - Loading from cache: /assets/textures/wall.png@20.0x20.0
21:33:34.213 [FXGL Background Thread 1 ] DEBUG AssetLoader          - Loading from cache: /assets/textures/wall.png@20.0x20.0
21:33:34.213 [FXGL Background Thread 1 ] DEBUG AssetLoader          - Loading from cache: /assets/textures/wall.png@20.0x20.0
21:33:34.213 [FXGL Background Thread 1 ] DEBUG AssetLoader          - Loading from cache: /assets/textures/wall.png@20.0x20.0
21:33:34.213 [FXGL Background Thread 1 ] DEBUG AssetLoader          - Loading from cache: /assets/textures/wall.png@20.0x20.0
21:33:34.214 [FXGL Background Thread 1 ] DEBUG AssetLoader          - Loading from cache: /assets/textures/wall.png@20.0x20.0
21:33:34.214 [FXGL Background Thread 1 ] DEBUG AssetLoader          - Loading from cache: /assets/textures/wall.png@20.0x20.0
21:33:34.214 [FXGL Background Thread 1 ] DEBUG AssetLoader          - Loading from cache: /assets/textures/wall.png@20.0x20.0
21:33:34.215 [FXGL Background Thread 1 ] DEBUG AssetLoader          - Loading from cache: /assets/textures/wall.png@20.0x20.0
21:33:34.215 [FXGL Background Thread 1 ] DEBUG AssetLoader          - Loading from cache: /assets/textures/wall.png@20.0x20.0
21:33:34.215 [FXGL Background Thread 1 ] DEBUG AssetLoader          - Loading from cache: /assets/textures/wall.png@20.0x20.0
21:33:34.216 [FXGL Background Thread 1 ] DEBUG AssetLoader          - Loading from cache: /assets/textures/wall.png@20.0x20.0
21:33:34.216 [FXGL Background Thread 1 ] DEBUG AssetLoader          - Loading from cache: /assets/textures/wall.png@20.0x20.0
21:33:34.216 [FXGL Background Thread 1 ] DEBUG AssetLoader          - Loading from cache: /assets/textures/wall.png@20.0x20.0
21:33:34.217 [FXGL Background Thread 1 ] DEBUG AssetLoader          - Loading from cache: /assets/textures/wall.png@20.0x20.0
21:33:34.217 [FXGL Background Thread 1 ] DEBUG AssetLoader          - Loading from cache: /assets/textures/wall.png@20.0x20.0
21:33:34.217 [FXGL Background Thread 1 ] DEBUG AssetLoader          - Loading from cache: /assets/textures/wall.png@20.0x20.0
21:33:34.217 [FXGL Background Thread 1 ] DEBUG AssetLoader          - Loading from cache: /assets/textures/wall.png@20.0x20.0
21:33:34.218 [FXGL Background Thread 1 ] DEBUG AssetLoader          - Loading from cache: /assets/textures/wall.png@20.0x20.0
21:33:34.218 [FXGL Background Thread 1 ] DEBUG AssetLoader          - Loading from cache: /assets/textures/wall.png@20.0x20.0
21:33:34.218 [FXGL Background Thread 1 ] DEBUG AssetLoader          - Loading from cache: /assets/textures/wall.png@20.0x20.0
21:33:34.218 [FXGL Background Thread 1 ] DEBUG AssetLoader          - Loading from cache: /assets/textures/wall.png@20.0x20.0
21:33:34.219 [FXGL Background Thread 1 ] DEBUG AssetLoader          - Loading from cache: /assets/textures/wall.png@20.0x20.0
21:33:34.219 [FXGL Background Thread 1 ] DEBUG AssetLoader          - Loading from cache: /assets/textures/wall.png@20.0x20.0
21:33:34.219 [FXGL Background Thread 1 ] DEBUG AssetLoader          - Loading from cache: /assets/textures/wall.png@20.0x20.0
21:33:34.220 [FXGL Background Thread 1 ] DEBUG AssetLoader          - Loading from cache: /assets/textures/wall.png@20.0x20.0
21:33:34.220 [FXGL Background Thread 1 ] DEBUG AssetLoader          - Loading from cache: /assets/textures/wall.png@20.0x20.0
21:33:34.220 [FXGL Background Thread 1 ] DEBUG AssetLoader          - Loading from cache: /assets/textures/wall.png@20.0x20.0
21:33:34.220 [FXGL Background Thread 1 ] DEBUG AssetLoader          - Loading from cache: /assets/textures/wall.png@20.0x20.0
21:33:34.221 [FXGL Background Thread 1 ] DEBUG AssetLoader          - Loading from cache: /assets/textures/wall.png@20.0x20.0
21:33:34.221 [FXGL Background Thread 1 ] DEBUG AssetLoader          - Loading from cache: /assets/textures/wall.png@20.0x20.0
21:33:34.221 [FXGL Background Thread 1 ] DEBUG AssetLoader          - Loading from cache: /assets/textures/wall.png@20.0x20.0
21:33:34.222 [FXGL Background Thread 1 ] DEBUG AssetLoader          - Loading from cache: /assets/textures/wall.png@20.0x20.0
21:33:34.222 [FXGL Background Thread 1 ] DEBUG AssetLoader          - Loading from cache: /assets/textures/wall.png@20.0x20.0
21:33:34.223 [FXGL Background Thread 1 ] DEBUG AssetLoader          - Loading from cache: /assets/textures/wall.png@20.0x20.0
21:33:34.223 [FXGL Background Thread 1 ] DEBUG AssetLoader          - Loading from cache: /assets/textures/wall.png@20.0x20.0
21:33:34.223 [FXGL Background Thread 1 ] DEBUG AssetLoader          - Loading from cache: /assets/textures/wall.png@20.0x20.0
21:33:34.224 [FXGL Background Thread 1 ] DEBUG AssetLoader          - Loading from cache: /assets/textures/wall.png@20.0x20.0
21:33:34.224 [FXGL Background Thread 1 ] DEBUG AssetLoader          - Loading from cache: /assets/textures/wall.png@20.0x20.0
21:33:34.224 [FXGL Background Thread 1 ] DEBUG AssetLoader          - Loading from cache: /assets/textures/wall.png@20.0x20.0
21:33:34.225 [FXGL Background Thread 1 ] DEBUG AssetLoader          - Loading from cache: /assets/textures/wall.png@20.0x20.0
21:33:34.225 [FXGL Background Thread 1 ] DEBUG AssetLoader          - Loading from cache: /assets/textures/wall.png@20.0x20.0
21:33:34.225 [FXGL Background Thread 1 ] DEBUG AssetLoader          - Loading from cache: /assets/textures/wall.png@20.0x20.0
21:33:34.226 [FXGL Background Thread 1 ] DEBUG AssetLoader          - Loading from cache: /assets/textures/wall.png@20.0x20.0
21:33:34.226 [FXGL Background Thread 1 ] DEBUG AssetLoader          - Loading from cache: /assets/textures/wall.png@20.0x20.0
21:33:34.226 [FXGL Background Thread 1 ] DEBUG AssetLoader          - Loading from cache: /assets/textures/wall.png@20.0x20.0
21:33:34.226 [FXGL Background Thread 1 ] DEBUG AssetLoader          - Loading from cache: /assets/textures/wall.png@20.0x20.0
21:33:34.227 [FXGL Background Thread 1 ] DEBUG AssetLoader          - Loading from cache: /assets/textures/wall.png@20.0x20.0
21:33:34.227 [FXGL Background Thread 1 ] DEBUG AssetLoader          - Loading from cache: /assets/textures/wall.png@20.0x20.0
21:33:34.227 [FXGL Background Thread 1 ] DEBUG AssetLoader          - Loading from cache: /assets/textures/wall.png@20.0x20.0
21:33:34.228 [FXGL Background Thread 1 ] DEBUG AssetLoader          - Loading from cache: /assets/textures/wall.png@20.0x20.0
21:33:34.228 [FXGL Background Thread 1 ] DEBUG AssetLoader          - Loading from cache: /assets/textures/wall.png@20.0x20.0
21:33:34.228 [FXGL Background Thread 1 ] DEBUG AssetLoader          - Loading from cache: /assets/textures/wall.png@20.0x20.0
21:33:34.228 [FXGL Background Thread 1 ] DEBUG AssetLoader          - Loading from cache: /assets/textures/wall.png@20.0x20.0
21:33:34.229 [FXGL Background Thread 1 ] DEBUG AssetLoader          - Loading from cache: /assets/textures/wall.png@20.0x20.0
21:33:34.229 [FXGL Background Thread 1 ] DEBUG AssetLoader          - Loading from cache: /assets/textures/wall.png@20.0x20.0
21:33:34.229 [FXGL Background Thread 1 ] DEBUG AssetLoader          - Loading from cache: /assets/textures/wall.png@20.0x20.0
21:33:34.229 [FXGL Background Thread 1 ] DEBUG AssetLoader          - Loading from cache: /assets/textures/wall.png@20.0x20.0
21:33:34.230 [FXGL Background Thread 1 ] DEBUG AssetLoader          - Loading from cache: /assets/textures/wall.png@20.0x20.0
21:33:34.230 [FXGL Background Thread 1 ] DEBUG AssetLoader          - Loading from cache: /assets/textures/wall.png@20.0x20.0
21:33:34.230 [FXGL Background Thread 1 ] DEBUG AssetLoader          - Loading from cache: /assets/textures/wall.png@20.0x20.0
21:33:34.231 [FXGL Background Thread 1 ] DEBUG AssetLoader          - Loading from cache: /assets/textures/wall.png@20.0x20.0
21:33:34.231 [FXGL Background Thread 1 ] DEBUG AssetLoader          - Loading from cache: /assets/textures/wall.png@20.0x20.0
21:33:34.231 [FXGL Background Thread 1 ] DEBUG AssetLoader          - Loading from cache: /assets/textures/wall.png@20.0x20.0
21:33:34.232 [FXGL Background Thread 1 ] DEBUG AssetLoader          - Loading from cache: /assets/textures/wall.png@20.0x20.0
21:33:34.232 [FXGL Background Thread 1 ] DEBUG AssetLoader          - Loading from cache: /assets/textures/wall.png@20.0x20.0
21:33:34.232 [FXGL Background Thread 1 ] DEBUG AssetLoader          - Loading from cache: /assets/textures/wall.png@20.0x20.0
21:33:34.233 [FXGL Background Thread 1 ] DEBUG AssetLoader          - Loading from cache: /assets/textures/wall.png@20.0x20.0
21:33:34.233 [FXGL Background Thread 1 ] DEBUG AssetLoader          - Loading from cache: /assets/textures/wall.png@20.0x20.0
21:33:34.233 [FXGL Background Thread 1 ] DEBUG AssetLoader          - Loading from cache: /assets/textures/wall.png@20.0x20.0
21:33:34.233 [FXGL Background Thread 1 ] DEBUG AssetLoader          - Loading from cache: /assets/textures/wall.png@20.0x20.0
21:33:34.234 [FXGL Background Thread 1 ] DEBUG AssetLoader          - Loading from cache: /assets/textures/wall.png@20.0x20.0
21:33:34.234 [FXGL Background Thread 1 ] DEBUG AssetLoader          - Loading from cache: /assets/textures/wall.png@20.0x20.0
21:33:34.234 [FXGL Background Thread 1 ] DEBUG AssetLoader          - Loading from cache: /assets/textures/wall.png@20.0x20.0
21:33:34.234 [FXGL Background Thread 1 ] DEBUG AssetLoader          - Loading from cache: /assets/textures/wall.png@20.0x20.0
21:33:34.235 [FXGL Background Thread 1 ] DEBUG AssetLoader          - Loading from cache: /assets/textures/wall.png@20.0x20.0
21:33:34.235 [FXGL Background Thread 1 ] DEBUG AssetLoader          - Loading from cache: /assets/textures/wall.png@20.0x20.0
21:33:34.235 [FXGL Background Thread 1 ] DEBUG AssetLoader          - Loading from cache: /assets/textures/wall.png@20.0x20.0
21:33:34.236 [FXGL Background Thread 1 ] DEBUG AssetLoader          - Loading from cache: /assets/textures/wall.png@20.0x20.0
21:33:34.236 [FXGL Background Thread 1 ] DEBUG AssetLoader          - Loading from cache: /assets/textures/wall.png@20.0x20.0
21:33:34.236 [FXGL Background Thread 1 ] DEBUG AssetLoader          - Loading from cache: /assets/textures/wall.png@20.0x20.0
21:33:34.237 [FXGL Background Thread 1 ] DEBUG AssetLoader          - Loading from cache: /assets/textures/wall.png@20.0x20.0
21:33:34.237 [FXGL Background Thread 1 ] DEBUG AssetLoader          - Loading from cache: /assets/textures/wall.png@20.0x20.0
21:33:34.237 [FXGL Background Thread 1 ] DEBUG AssetLoader          - Loading from cache: /assets/textures/wall.png@20.0x20.0
21:33:34.237 [FXGL Background Thread 1 ] DEBUG AssetLoader          - Loading from cache: /assets/textures/wall.png@20.0x20.0
21:33:34.238 [FXGL Background Thread 1 ] DEBUG AssetLoader          - Loading from cache: /assets/textures/wall.png@20.0x20.0
21:33:34.238 [FXGL Background Thread 1 ] DEBUG AssetLoader          - Loading from cache: /assets/textures/wall.png@20.0x20.0
21:33:34.238 [FXGL Background Thread 1 ] DEBUG AssetLoader          - Loading from cache: /assets/textures/wall.png@20.0x20.0
21:33:34.238 [FXGL Background Thread 1 ] DEBUG AssetLoader          - Loading from cache: /assets/textures/wall.png@20.0x20.0
21:33:34.239 [FXGL Background Thread 1 ] DEBUG AssetLoader          - Loading from cache: /assets/textures/wall.png@20.0x20.0
21:33:34.239 [FXGL Background Thread 1 ] DEBUG AssetLoader          - Loading from cache: /assets/textures/wall.png@20.0x20.0
21:33:34.240 [FXGL Background Thread 1 ] DEBUG AssetLoader          - Loading from cache: /assets/textures/wall.png@20.0x20.0
21:33:34.240 [FXGL Background Thread 1 ] DEBUG AssetLoader          - Loading from cache: /assets/textures/wall.png@20.0x20.0
21:33:34.240 [FXGL Background Thread 1 ] DEBUG AssetLoader          - Loading from cache: /assets/textures/wall.png@20.0x20.0
21:33:34.241 [FXGL Background Thread 1 ] DEBUG AssetLoader          - Loading from cache: /assets/textures/wall.png@20.0x20.0
21:33:34.241 [FXGL Background Thread 1 ] DEBUG AssetLoader          - Loading from cache: /assets/textures/wall.png@20.0x20.0
21:33:34.241 [FXGL Background Thread 1 ] DEBUG AssetLoader          - Loading from cache: /assets/textures/wall.png@20.0x20.0
21:33:34.242 [FXGL Background Thread 1 ] DEBUG AssetLoader          - Loading from cache: /assets/textures/wall.png@20.0x20.0
21:33:34.242 [FXGL Background Thread 1 ] DEBUG AssetLoader          - Loading from cache: /assets/textures/wall.png@20.0x20.0
21:33:34.242 [FXGL Background Thread 1 ] DEBUG AssetLoader          - Loading from cache: /assets/textures/wall.png@20.0x20.0
21:33:34.242 [FXGL Background Thread 1 ] DEBUG AssetLoader          - Loading from cache: /assets/textures/wall.png@20.0x20.0
21:33:34.243 [FXGL Background Thread 1 ] DEBUG AssetLoader          - Loading from cache: /assets/textures/wall.png@20.0x20.0
21:33:34.243 [FXGL Background Thread 1 ] DEBUG AssetLoader          - Loading from cache: /assets/textures/wall.png@20.0x20.0
21:33:34.243 [FXGL Background Thread 1 ] DEBUG AssetLoader          - Loading from cache: /assets/textures/wall.png@20.0x20.0
21:33:34.244 [FXGL Background Thread 1 ] DEBUG AssetLoader          - Loading from cache: /assets/textures/wall.png@20.0x20.0
21:33:34.244 [FXGL Background Thread 1 ] DEBUG AssetLoader          - Loading from cache: /assets/textures/wall.png@20.0x20.0
21:33:34.244 [FXGL Background Thread 1 ] DEBUG AssetLoader          - Loading from cache: /assets/textures/wall.png@20.0x20.0
21:33:34.245 [FXGL Background Thread 1 ] DEBUG AssetLoader          - Loading from cache: /assets/textures/wall.png@20.0x20.0
21:33:34.245 [FXGL Background Thread 1 ] DEBUG AssetLoader          - Loading from cache: /assets/textures/wall.png@20.0x20.0
21:33:34.245 [FXGL Background Thread 1 ] DEBUG AssetLoader          - Loading from cache: /assets/textures/wall.png@20.0x20.0
21:33:34.245 [FXGL Background Thread 1 ] DEBUG AssetLoader          - Loading from cache: /assets/textures/wall.png@20.0x20.0
21:33:34.246 [FXGL Background Thread 1 ] DEBUG AssetLoader          - Loading from cache: /assets/textures/wall.png@20.0x20.0
21:33:34.246 [FXGL Background Thread 1 ] DEBUG AssetLoader          - Loading from cache: /assets/textures/wall.png@20.0x20.0
21:33:34.246 [FXGL Background Thread 1 ] DEBUG AssetLoader          - Loading from cache: /assets/textures/wall.png@20.0x20.0
21:33:34.246 [FXGL Background Thread 1 ] DEBUG AssetLoader          - Loading from cache: /assets/textures/wall.png@20.0x20.0
21:33:34.247 [FXGL Background Thread 1 ] DEBUG AssetLoader          - Loading from cache: /assets/textures/wall.png@20.0x20.0
21:33:34.247 [FXGL Background Thread 1 ] DEBUG AssetLoader          - Loading from cache: /assets/textures/wall.png@20.0x20.0
21:33:34.247 [FXGL Background Thread 1 ] DEBUG AssetLoader          - Loading from cache: /assets/textures/wall.png@20.0x20.0
21:33:34.247 [FXGL Background Thread 1 ] DEBUG AssetLoader          - Loading from cache: /assets/textures/wall.png@20.0x20.0
21:33:34.248 [FXGL Background Thread 1 ] DEBUG AssetLoader          - Loading from cache: /assets/textures/wall.png@20.0x20.0
21:33:34.248 [FXGL Background Thread 1 ] DEBUG AssetLoader          - Loading from cache: /assets/textures/wall.png@20.0x20.0
21:33:34.248 [FXGL Background Thread 1 ] DEBUG AssetLoader          - Loading from cache: /assets/textures/wall.png@20.0x20.0
21:33:34.248 [FXGL Background Thread 1 ] DEBUG AssetLoader          - Loading from cache: /assets/textures/wall.png@20.0x20.0
21:33:34.248 [FXGL Background Thread 1 ] DEBUG AssetLoader          - Loading from cache: /assets/textures/wall.png@20.0x20.0
21:33:34.249 [FXGL Background Thread 1 ] DEBUG AssetLoader          - Loading from cache: /assets/textures/wall.png@20.0x20.0
21:33:34.249 [FXGL Background Thread 1 ] DEBUG AssetLoader          - Loading from cache: /assets/textures/wall.png@20.0x20.0
21:33:34.249 [FXGL Background Thread 1 ] DEBUG AssetLoader          - Loading from cache: /assets/textures/wall.png@20.0x20.0
21:33:34.249 [FXGL Background Thread 1 ] DEBUG AssetLoader          - Loading from cache: /assets/textures/wall.png@20.0x20.0
21:33:34.249 [FXGL Background Thread 1 ] DEBUG AssetLoader          - Loading from cache: /assets/textures/wall.png@20.0x20.0
21:33:34.250 [FXGL Background Thread 1 ] DEBUG AssetLoader          - Loading from cache: /assets/textures/wall.png@20.0x20.0
21:33:34.250 [FXGL Background Thread 1 ] DEBUG AssetLoader          - Loading from cache: /assets/textures/wall.png@20.0x20.0
21:33:34.250 [FXGL Background Thread 1 ] DEBUG AssetLoader          - Loading from cache: /assets/textures/wall.png@20.0x20.0
21:33:34.250 [FXGL Background Thread 1 ] DEBUG AssetLoader          - Loading from cache: /assets/textures/wall.png@20.0x20.0
21:33:34.250 [FXGL Background Thread 1 ] DEBUG AssetLoader          - Loading from cache: /assets/textures/wall.png@20.0x20.0
21:33:34.251 [FXGL Background Thread 1 ] DEBUG AssetLoader          - Loading from cache: /assets/textures/wall.png@20.0x20.0
21:33:34.251 [FXGL Background Thread 1 ] DEBUG AssetLoader          - Loading from cache: /assets/textures/wall.png@20.0x20.0
21:33:34.251 [FXGL Background Thread 1 ] DEBUG AssetLoader          - Loading from cache: /assets/textures/wall.png@20.0x20.0
21:33:34.252 [FXGL Background Thread 1 ] DEBUG AssetLoader          - Loading from cache: /assets/textures/wall.png@20.0x20.0
21:33:34.252 [FXGL Background Thread 1 ] DEBUG AssetLoader          - Loading from cache: /assets/textures/wall.png@20.0x20.0
21:33:34.252 [FXGL Background Thread 1 ] DEBUG AssetLoader          - Loading from cache: /assets/textures/wall.png@20.0x20.0
21:33:34.252 [FXGL Background Thread 1 ] DEBUG AssetLoader          - Loading from cache: /assets/textures/wall.png@20.0x20.0
21:33:34.253 [FXGL Background Thread 1 ] DEBUG AssetLoader          - Loading from cache: /assets/textures/wall.png@20.0x20.0
21:33:34.253 [FXGL Background Thread 1 ] DEBUG AssetLoader          - Loading from cache: /assets/textures/wall.png@20.0x20.0
21:33:34.253 [FXGL Background Thread 1 ] DEBUG AssetLoader          - Loading from cache: /assets/textures/wall.png@20.0x20.0
21:33:34.253 [FXGL Background Thread 1 ] DEBUG AssetLoader          - Loading from cache: /assets/textures/wall.png@20.0x20.0
21:33:34.254 [FXGL Background Thread 1 ] DEBUG AssetLoader          - Loading from cache: /assets/textures/wall.png@20.0x20.0
21:33:34.254 [FXGL Background Thread 1 ] DEBUG AssetLoader          - Loading from cache: /assets/textures/wall.png@20.0x20.0
21:33:34.254 [FXGL Background Thread 1 ] DEBUG AssetLoader          - Loading from cache: /assets/textures/wall.png@20.0x20.0
21:33:34.254 [FXGL Background Thread 1 ] DEBUG AssetLoader          - Loading from cache: /assets/textures/wall.png@20.0x20.0
21:33:34.254 [FXGL Background Thread 1 ] DEBUG AssetLoader          - Loading from cache: /assets/textures/wall.png@20.0x20.0
21:33:34.255 [FXGL Background Thread 1 ] DEBUG AssetLoader          - Loading from cache: /assets/textures/wall.png@20.0x20.0
21:33:34.255 [FXGL Background Thread 1 ] DEBUG AssetLoader          - Loading from cache: /assets/textures/wall.png@20.0x20.0
21:33:34.255 [FXGL Background Thread 1 ] DEBUG AssetLoader          - Loading from cache: /assets/textures/wall.png@20.0x20.0
21:33:34.255 [FXGL Background Thread 1 ] DEBUG AssetLoader          - Loading from cache: /assets/textures/wall.png@20.0x20.0
21:33:34.256 [FXGL Background Thread 1 ] DEBUG InitAppTask          - Initializing Physics
21:33:34.257 [FXGL Background Thread 1 ] DEBUG InitAppTask          - Initializing UI
21:33:34.257 [FXGL Background Thread 1 ] DEBUG AssetLoader          - Loading from disk: /assets/ui/main.fxml
21:33:34.301 [FXGL Background Thread 1 ] DEBUG InitAppTask          - Initialization Complete
21:33:34.301 [FXGL Background Thread 1 ] INFO  InitAppTask          - Game initialization took: 0.387 sec
21:33:34.307 [JavaFX Application Thread] DEBUG Input                - Clearing active input actions
21:33:34.342 [JavaFX Application Thread] DEBUG AppStateMachine      - LoadingState -> PlayState
21:33:37.017 [JavaFX Application Thread] DEBUG AssetLoader          - Loading from disk: /assets/textures/glassbrick.jpg
21:33:37.022 [JavaFX Application Thread] DEBUG AssetLoader          - Loading from disk: /assets/textures/metalbrick.jpg
21:33:37.023 [JavaFX Application Thread] DEBUG AssetLoader          - Loading from disk: /assets/textures/woodenbrick.jpg
21:33:37.024 [JavaFX Application Thread] DEBUG AssetLoader          - Loading from cache: /assets/textures/glassbrick.jpg@40.0x20.0
21:33:37.025 [JavaFX Application Thread] DEBUG AssetLoader          - Loading from cache: /assets/textures/glassbrick.jpg@40.0x20.0
21:33:37.025 [JavaFX Application Thread] DEBUG AssetLoader          - Loading from cache: /assets/textures/metalbrick.jpg@40.0x20.0
21:33:37.025 [JavaFX Application Thread] DEBUG AssetLoader          - Loading from cache: /assets/textures/woodenbrick.jpg@40.0x20.0
21:33:37.026 [JavaFX Application Thread] DEBUG AssetLoader          - Loading from cache: /assets/textures/woodenbrick.jpg@40.0x20.0
21:33:37.026 [JavaFX Application Thread] DEBUG AssetLoader          - Loading from cache: /assets/textures/woodenbrick.jpg@40.0x20.0
21:33:37.026 [JavaFX Application Thread] DEBUG AssetLoader          - Loading from cache: /assets/textures/glassbrick.jpg@40.0x20.0
21:33:37.027 [JavaFX Application Thread] DEBUG AssetLoader          - Loading from cache: /assets/textures/metalbrick.jpg@40.0x20.0
21:33:37.028 [JavaFX Application Thread] DEBUG AssetLoader          - Loading from cache: /assets/textures/glassbrick.jpg@40.0x20.0
21:33:37.028 [JavaFX Application Thread] DEBUG AssetLoader          - Loading from cache: /assets/textures/metalbrick.jpg@40.0x20.0
21:33:37.028 [JavaFX Application Thread] DEBUG AssetLoader          - Loading from cache: /assets/textures/glassbrick.jpg@40.0x20.0
21:33:39.252 [JavaFX Application Thread] DEBUG AssetLoader          - Loading from cache: /assets/textures/ball.gif@20.0x20.0
21:33:39.267 [JavaFX Application Thread] DEBUG AssetLoader          - Loading from cache: /assets/textures/ball.gif@20.0x20.0
21:33:39.299 [JavaFX Application Thread] DEBUG AssetLoader          - Loading from cache: /assets/textures/ball.gif@20.0x20.0
21:33:39.315 [JavaFX Application Thread] DEBUG AssetLoader          - Loading from cache: /assets/textures/ball.gif@20.0x20.0
21:33:39.331 [JavaFX Application Thread] DEBUG AssetLoader          - Loading from cache: /assets/textures/ball.gif@20.0x20.0
21:33:39.347 [JavaFX Application Thread] DEBUG AssetLoader          - Loading from cache: /assets/textures/ball.gif@20.0x20.0
21:33:39.363 [JavaFX Application Thread] DEBUG AssetLoader          - Loading from cache: /assets/textures/ball.gif@20.0x20.0
21:33:39.379 [JavaFX Application Thread] DEBUG AssetLoader          - Loading from cache: /assets/textures/ball.gif@20.0x20.0
21:33:39.395 [JavaFX Application Thread] DEBUG AssetLoader          - Loading from cache: /assets/textures/ball.gif@20.0x20.0
21:33:39.411 [JavaFX Application Thread] DEBUG AssetLoader          - Loading from cache: /assets/textures/ball.gif@20.0x20.0
21:33:39.427 [JavaFX Application Thread] DEBUG AssetLoader          - Loading from cache: /assets/textures/ball.gif@20.0x20.0
21:33:39.443 [JavaFX Application Thread] DEBUG AssetLoader          - Loading from cache: /assets/textures/ball.gif@20.0x20.0
21:33:39.458 [JavaFX Application Thread] DEBUG AssetLoader          - Loading from cache: /assets/textures/ball.gif@20.0x20.0
21:33:39.474 [JavaFX Application Thread] DEBUG AssetLoader          - Loading from cache: /assets/textures/ball.gif@20.0x20.0
21:33:39.490 [JavaFX Application Thread] DEBUG AssetLoader          - Loading from cache: /assets/textures/ball.gif@20.0x20.0
21:33:39.506 [JavaFX Application Thread] DEBUG AssetLoader          - Loading from cache: /assets/textures/ball.gif@20.0x20.0
21:33:39.522 [JavaFX Application Thread] DEBUG AssetLoader          - Loading from cache: /assets/textures/ball.gif@20.0x20.0
21:33:39.538 [JavaFX Application Thread] DEBUG AssetLoader          - Loading from cache: /assets/textures/ball.gif@20.0x20.0
21:33:39.554 [JavaFX Application Thread] DEBUG AssetLoader          - Loading from cache: /assets/textures/ball.gif@20.0x20.0
21:33:39.571 [JavaFX Application Thread] DEBUG AssetLoader          - Loading from cache: /assets/textures/ball.gif@20.0x20.0
21:33:39.586 [JavaFX Application Thread] DEBUG AssetLoader          - Loading from cache: /assets/textures/ball.gif@20.0x20.0
21:33:39.603 [JavaFX Application Thread] DEBUG AssetLoader          - Loading from cache: /assets/textures/ball.gif@20.0x20.0
21:33:39.619 [JavaFX Application Thread] DEBUG AssetLoader          - Loading from cache: /assets/textures/ball.gif@20.0x20.0
21:33:39.635 [JavaFX Application Thread] DEBUG AssetLoader          - Loading from cache: /assets/textures/ball.gif@20.0x20.0
21:33:39.651 [JavaFX Application Thread] DEBUG AssetLoader          - Loading from cache: /assets/textures/ball.gif@20.0x20.0
21:33:39.667 [JavaFX Application Thread] DEBUG AssetLoader          - Loading from cache: /assets/textures/ball.gif@20.0x20.0
21:33:39.699 [JavaFX Application Thread] DEBUG AssetLoader          - Loading from cache: /assets/textures/ball.gif@20.0x20.0
21:33:39.715 [JavaFX Application Thread] DEBUG AssetLoader          - Loading from cache: /assets/textures/ball.gif@20.0x20.0
21:33:39.731 [JavaFX Application Thread] DEBUG AssetLoader          - Loading from cache: /assets/textures/ball.gif@20.0x20.0
21:33:39.747 [JavaFX Application Thread] DEBUG AssetLoader          - Loading from cache: /assets/textures/ball.gif@20.0x20.0
21:33:39.763 [JavaFX Application Thread] DEBUG AssetLoader          - Loading from cache: /assets/textures/ball.gif@20.0x20.0
21:33:39.779 [JavaFX Application Thread] DEBUG AssetLoader          - Loading from cache: /assets/textures/ball.gif@20.0x20.0
21:33:39.795 [JavaFX Application Thread] DEBUG AssetLoader          - Loading from cache: /assets/textures/ball.gif@20.0x20.0
21:33:39.811 [JavaFX Application Thread] DEBUG AssetLoader          - Loading from cache: /assets/textures/ball.gif@20.0x20.0
21:33:39.827 [JavaFX Application Thread] DEBUG AssetLoader          - Loading from cache: /assets/textures/ball.gif@20.0x20.0
21:33:54.548 [JavaFX Application Thread] DEBUG GameApplication      - Exiting game application
21:33:54.549 [JavaFX Application Thread] DEBUG GameApplication      - Shutting down background threads
21:33:54.551 [JavaFX Application Thread] DEBUG GameApplication      - Exiting FXGL
21:33:54.552 [JavaFX Application Thread] DEBUG FXGL                 - Saving FXGL system data
21:33:54.554 [JavaFX Application Thread] DEBUG DesktopFSService     - Writing to: system\fxgl.bundle
21:33:54.556 [JavaFX Application Thread] DEBUG GameApplication      - Closing logger and exiting JavaFX
